2019-08-16 09:12:15,631 [main] INFO  com.boot.Application - Starting Application on USER-20190120FQ with PID 5660 (G:\GITBRANCH_LOCAL\sharewithothers\4quater\target\classes started by zhaozulong in G:\GITBRANCH_LOCAL\sharewithothers\4quater)
2019-08-16 09:12:15,639 [main] INFO  com.boot.Application - No active profile set, falling back to default profiles: default
2019-08-16 09:12:21,411 [main] INFO  org.springframework.context.annotation.ConfigurationClassPostProcessor - Cannot enhance @Configuration bean definition 'beetlConf' since its singleton instance has been created too early. The typical cause is a non-static @Bean method with a BeanDefinitionRegistryPostProcessor return type: Consider declaring such methods as 'static'.
2019-08-16 09:12:22,314 [main] INFO  o.s.context.support.PostProcessorRegistrationDelegate$BeanPostProcessorChecker - Bean 'org.springframework.transaction.annotation.ProxyTransactionManagementConfiguration' of type [org.springframework.transaction.annotation.ProxyTransactionManagementConfiguration$$EnhancerBySpringCGLIB$$eff4a411] is not eligible for getting processed by all BeanPostProcessors (for example: not eligible for auto-proxying)
2019-08-16 09:12:23,373 [main] INFO  org.springframework.boot.web.embedded.tomcat.TomcatWebServer - Tomcat initialized with port(s): 9080 (http)
2019-08-16 09:12:23,409 [main] INFO  org.apache.coyote.http11.Http11NioProtocol - Initializing ProtocolHandler ["http-nio-9080"]
2019-08-16 09:12:23,433 [main] INFO  org.apache.catalina.core.StandardService - Starting service [Tomcat]
2019-08-16 09:12:23,433 [main] INFO  org.apache.catalina.core.StandardEngine - Starting Servlet engine: [Apache Tomcat/9.0.21]
2019-08-16 09:12:23,976 [main] INFO  org.apache.jasper.servlet.TldScanner - At least one JAR was scanned for TLDs yet contained no TLDs. Enable debug logging for this logger for a complete list of JARs that were scanned but no TLDs were found in them. Skipping unneeded JARs during scanning can improve startup time and JSP compilation time.
2019-08-16 09:12:23,989 [main] INFO  org.apache.catalina.core.ContainerBase.[Tomcat].[localhost].[/] - Initializing Spring embedded WebApplicationContext
2019-08-16 09:12:23,989 [main] INFO  org.springframework.web.context.ContextLoader - Root WebApplicationContext: initialization completed in 8219 ms
2019-08-16 09:12:24,309 [main] INFO  org.springframework.cache.ehcache.EhCacheManagerFactoryBean - Initializing EhCache CacheManager
2019-08-16 09:12:25,303 [main] INFO  com.boot.Application$$EnhancerBySpringCGLIB$$2985af97 - weeklyplan.
2019-08-16 09:12:25,321 [main] INFO  com.zaxxer.hikari.HikariDataSource - HikariPool-1 - Starting...
2019-08-16 09:12:25,591 [main] INFO  com.zaxxer.hikari.HikariDataSource - HikariPool-1 - Start completed.
2019-08-16 09:12:27,870 [main] INFO  org.springframework.scheduling.concurrent.ThreadPoolTaskExecutor - Initializing ExecutorService 'applicationTaskExecutor'
2019-08-16 09:12:28,331 [main] INFO  org.springframework.boot.autoconfigure.web.servlet.WelcomePageHandlerMapping - Adding welcome page: ServletContext resource [/index.html]
2019-08-16 09:12:28,437 [main] INFO  tk.mybatis.mapper.autoconfigure.MapperCacheDisabler - Clear tk.mybatis.mapper.genid.GenIdUtil CACHE cache.
2019-08-16 09:12:28,438 [main] INFO  tk.mybatis.mapper.autoconfigure.MapperCacheDisabler - Clear tk.mybatis.mapper.version.VersionUtil CACHE cache.
2019-08-16 09:12:28,441 [main] INFO  tk.mybatis.mapper.autoconfigure.MapperCacheDisabler - Clear EntityHelper entityTableMap cache.
2019-08-16 09:12:28,883 [main] INFO  org.springframework.boot.actuate.endpoint.web.EndpointLinksResolver - Exposing 15 endpoint(s) beneath base path '/actuator'
2019-08-16 09:12:28,989 [main] INFO  org.apache.coyote.http11.Http11NioProtocol - Starting ProtocolHandler ["http-nio-9080"]
2019-08-16 09:12:29,067 [main] INFO  org.springframework.boot.web.embedded.tomcat.TomcatWebServer - Tomcat started on port(s): 9080 (http) with context path ''
2019-08-16 09:12:29,072 [main] INFO  com.boot.Application - Started Application in 15.187 seconds (JVM running for 16.088)
2019-08-16 09:12:49,482 [http-nio-9080-exec-1] INFO  org.apache.catalina.core.ContainerBase.[Tomcat].[localhost].[/] - Initializing Spring DispatcherServlet 'dispatcherServlet'
2019-08-16 09:12:49,482 [http-nio-9080-exec-1] INFO  org.springframework.web.servlet.DispatcherServlet - Initializing Servlet 'dispatcherServlet'
2019-08-16 09:12:49,496 [http-nio-9080-exec-1] INFO  org.springframework.web.servlet.DispatcherServlet - Completed initialization in 14 ms
2019-08-16 09:12:50,964 [http-nio-9080-exec-3] INFO  com.boot.web.sys.controller.SysUserController - loginCheck 得到了后台的用户信息，置到全局的session中，  进入到系统管理的首页面
2019-08-16 09:12:50,983 [http-nio-9080-exec-6] INFO  com.boot.filter.AddressFilter -  ----------------------------用户对象已经在session中，可以进行继续访问!-------------------
2019-08-16 09:12:50,987 [http-nio-9080-exec-6] INFO  com.boot.web.BaseAction -  登录验证成功，进入到系统管理的首页面
2019-08-16 09:12:51,172 [http-nio-9080-exec-5] INFO  com.boot.filter.AddressFilter -  ----------------------------用户对象已经在session中，可以进行继续访问!-------------------
2019-08-16 09:12:51,268 [http-nio-9080-exec-4] INFO  com.boot.filter.AddressFilter -  ----------------------------用户对象已经在session中，可以进行继续访问!-------------------
2019-08-16 09:12:56,513 [http-nio-9080-exec-10] INFO  com.boot.filter.AddressFilter -  ----------------------------用户对象已经在session中，可以进行继续访问!-------------------
2019-08-16 09:12:56,532 [http-nio-9080-exec-10] INFO  com.boot.web.sys.service.SysUserService - Map<String, Object> mpGroupName江西农信驻场项目组
2019-08-16 09:12:56,541 [http-nio-9080-exec-10] INFO  com.boot.web.sys.service.SysUserService - Map<String, Object> mpPronull
2019-08-16 09:12:57,092 [http-nio-9080-exec-8] INFO  com.boot.filter.AddressFilter -  ----------------------------用户对象已经在session中，可以进行继续访问!-------------------
2019-08-16 09:12:57,095 [http-nio-9080-exec-8] INFO  com.boot.web.sys.service.SysUserService - Map<String, Object> mpGroupName江西农信驻场项目组
2019-08-16 09:12:57,097 [http-nio-9080-exec-8] INFO  com.boot.web.sys.service.SysUserService - Map<String, Object> mpPronull
2019-08-16 09:12:58,285 [http-nio-9080-exec-7] INFO  com.boot.filter.AddressFilter -  ----------------------------用户对象已经在session中，可以进行继续访问!-------------------
2019-08-16 09:12:58,290 [http-nio-9080-exec-7] INFO  com.boot.web.sys.service.SysUserService - Map<String, Object> mpGroupName江西农信驻场项目组
2019-08-16 09:12:58,291 [http-nio-9080-exec-7] INFO  com.boot.web.sys.service.SysUserService - Map<String, Object> mpPronull
2019-08-16 09:13:01,690 [http-nio-9080-exec-1] INFO  com.boot.filter.AddressFilter -  ----------------------------用户对象已经在session中，可以进行继续访问!-------------------
2019-08-16 09:13:01,693 [http-nio-9080-exec-1] INFO  com.boot.web.sys.service.SysUserService - Map<String, Object> mpGroupName江西农信驻场项目组
2019-08-16 09:13:01,694 [http-nio-9080-exec-1] INFO  com.boot.web.sys.service.SysUserService - Map<String, Object> mpPronull
2019-08-16 09:13:01,799 [http-nio-9080-exec-2] INFO  com.boot.web.todaywork.controller.DoufuTodayWorkController - 开始保存当天工作记录信息表数据
2019-08-16 09:13:19,305 [http-nio-9080-exec-2] INFO  com.boot.web.todaywork.service.DoufuTodayWorkService - 开始生成主键(通用方法)
2019-08-16 09:19:27,096 [main] INFO  com.boot.Application - Starting Application on USER-20190120FQ with PID 5660 (G:\GITBRANCH_LOCAL\sharewithothers\4quater\target\classes started by zhaozulong in G:\GITBRANCH_LOCAL\sharewithothers\4quater)
2019-08-16 09:19:27,103 [main] INFO  com.boot.Application - No active profile set, falling back to default profiles: default
2019-08-16 09:19:31,993 [main] INFO  org.springframework.context.annotation.ConfigurationClassPostProcessor - Cannot enhance @Configuration bean definition 'beetlConf' since its singleton instance has been created too early. The typical cause is a non-static @Bean method with a BeanDefinitionRegistryPostProcessor return type: Consider declaring such methods as 'static'.
2019-08-16 09:19:32,725 [main] INFO  o.s.context.support.PostProcessorRegistrationDelegate$BeanPostProcessorChecker - Bean 'org.springframework.transaction.annotation.ProxyTransactionManagementConfiguration' of type [org.springframework.transaction.annotation.ProxyTransactionManagementConfiguration$$EnhancerBySpringCGLIB$$e185256c] is not eligible for getting processed by all BeanPostProcessors (for example: not eligible for auto-proxying)
2019-08-16 09:19:33,814 [main] INFO  org.springframework.boot.web.embedded.tomcat.TomcatWebServer - Tomcat initialized with port(s): 9080 (http)
2019-08-16 09:19:33,851 [main] INFO  org.apache.coyote.http11.Http11NioProtocol - Initializing ProtocolHandler ["http-nio-9080"]
2019-08-16 09:19:33,875 [main] INFO  org.apache.catalina.core.StandardService - Starting service [Tomcat]
2019-08-16 09:19:33,875 [main] INFO  org.apache.catalina.core.StandardEngine - Starting Servlet engine: [Apache Tomcat/9.0.21]
2019-08-16 09:19:34,298 [main] INFO  org.apache.jasper.servlet.TldScanner - At least one JAR was scanned for TLDs yet contained no TLDs. Enable debug logging for this logger for a complete list of JARs that were scanned but no TLDs were found in them. Skipping unneeded JARs during scanning can improve startup time and JSP compilation time.
2019-08-16 09:19:34,307 [main] INFO  org.apache.catalina.core.ContainerBase.[Tomcat].[localhost].[/] - Initializing Spring embedded WebApplicationContext
2019-08-16 09:19:34,308 [main] INFO  org.springframework.web.context.ContextLoader - Root WebApplicationContext: initialization completed in 7060 ms
2019-08-16 09:19:34,597 [main] INFO  org.springframework.cache.ehcache.EhCacheManagerFactoryBean - Initializing EhCache CacheManager
2019-08-16 09:19:35,464 [main] INFO  com.boot.Application$$EnhancerBySpringCGLIB$$1b1630f2 - weeklyplan.
2019-08-16 09:19:35,481 [main] INFO  com.zaxxer.hikari.HikariDataSource - HikariPool-1 - Starting...
2019-08-16 09:19:35,833 [main] INFO  com.zaxxer.hikari.HikariDataSource - HikariPool-1 - Start completed.
2019-08-16 09:19:37,829 [main] INFO  org.springframework.scheduling.concurrent.ThreadPoolTaskExecutor - Initializing ExecutorService 'applicationTaskExecutor'
2019-08-16 09:19:38,232 [main] INFO  org.springframework.boot.autoconfigure.web.servlet.WelcomePageHandlerMapping - Adding welcome page: ServletContext resource [/index.html]
2019-08-16 09:19:38,321 [main] INFO  tk.mybatis.mapper.autoconfigure.MapperCacheDisabler - Clear tk.mybatis.mapper.genid.GenIdUtil CACHE cache.
2019-08-16 09:19:38,324 [main] INFO  tk.mybatis.mapper.autoconfigure.MapperCacheDisabler - Clear tk.mybatis.mapper.version.VersionUtil CACHE cache.
2019-08-16 09:19:38,327 [main] INFO  tk.mybatis.mapper.autoconfigure.MapperCacheDisabler - Clear EntityHelper entityTableMap cache.
2019-08-16 09:19:38,808 [main] INFO  org.springframework.boot.actuate.endpoint.web.EndpointLinksResolver - Exposing 15 endpoint(s) beneath base path '/actuator'
2019-08-16 09:19:38,962 [main] INFO  org.apache.coyote.http11.Http11NioProtocol - Starting ProtocolHandler ["http-nio-9080"]
2019-08-16 09:19:39,031 [main] INFO  org.springframework.boot.web.embedded.tomcat.TomcatWebServer - Tomcat started on port(s): 9080 (http) with context path ''
2019-08-16 09:19:39,035 [main] INFO  com.boot.Application - Started Application in 13.004 seconds (JVM running for 13.964)
2019-08-16 09:19:46,340 [http-nio-9080-exec-1] INFO  org.apache.catalina.core.ContainerBase.[Tomcat].[localhost].[/] - Initializing Spring DispatcherServlet 'dispatcherServlet'
2019-08-16 09:19:46,340 [http-nio-9080-exec-1] INFO  org.springframework.web.servlet.DispatcherServlet - Initializing Servlet 'dispatcherServlet'
2019-08-16 09:19:46,350 [http-nio-9080-exec-1] INFO  org.springframework.web.servlet.DispatcherServlet - Completed initialization in 10 ms
2019-08-16 09:19:46,381 [http-nio-9080-exec-1] INFO  com.boot.filter.AddressFilter -  ----------------------------Filter sysuser 用户对象在 session中没有找到，统一返回到登录界面!-------------------
2019-08-16 09:19:46,381 [http-nio-9080-exec-1] INFO  com.boot.filter.AddressFilter -  ----------------------------Filter 登录中没有相关的关键字，返回到登录道页!-------------------
2019-08-16 09:19:48,243 [http-nio-9080-exec-1] INFO  com.boot.web.sys.controller.SysUserController - loginCheck 得到了后台的用户信息，置到全局的session中，  进入到系统管理的首页面
2019-08-16 09:19:48,257 [http-nio-9080-exec-3] INFO  com.boot.filter.AddressFilter -  ----------------------------用户对象已经在session中，可以进行继续访问!-------------------
2019-08-16 09:19:48,259 [http-nio-9080-exec-3] INFO  com.boot.web.BaseAction -  登录验证成功，进入到系统管理的首页面
2019-08-16 09:19:48,283 [http-nio-9080-exec-2] INFO  com.boot.filter.AddressFilter -  ----------------------------用户对象已经在session中，可以进行继续访问!-------------------
2019-08-16 09:19:48,500 [http-nio-9080-exec-10] INFO  com.boot.filter.AddressFilter -  ----------------------------用户对象已经在session中，可以进行继续访问!-------------------
2019-08-16 09:19:48,576 [http-nio-9080-exec-6] INFO  com.boot.filter.AddressFilter -  ----------------------------用户对象已经在session中，可以进行继续访问!-------------------
2019-08-16 09:19:51,319 [http-nio-9080-exec-7] INFO  com.boot.filter.AddressFilter -  ----------------------------用户对象已经在session中，可以进行继续访问!-------------------
2019-08-16 09:19:51,328 [http-nio-9080-exec-7] INFO  com.boot.web.sys.service.SysUserService - Map<String, Object> mpGroupName江西农信驻场项目组
2019-08-16 09:19:51,334 [http-nio-9080-exec-7] INFO  com.boot.web.sys.service.SysUserService - Map<String, Object> mpPronull
2019-08-16 09:19:51,651 [http-nio-9080-exec-5] INFO  com.boot.filter.AddressFilter -  ----------------------------用户对象已经在session中，可以进行继续访问!-------------------
2019-08-16 09:19:51,654 [http-nio-9080-exec-5] INFO  com.boot.web.sys.service.SysUserService - Map<String, Object> mpGroupName江西农信驻场项目组
2019-08-16 09:19:51,656 [http-nio-9080-exec-5] INFO  com.boot.web.sys.service.SysUserService - Map<String, Object> mpPronull
2019-08-16 09:19:52,621 [http-nio-9080-exec-9] INFO  com.boot.filter.AddressFilter -  ----------------------------用户对象已经在session中，可以进行继续访问!-------------------
2019-08-16 09:19:52,624 [http-nio-9080-exec-9] INFO  com.boot.web.sys.service.SysUserService - Map<String, Object> mpGroupName江西农信驻场项目组
2019-08-16 09:19:52,626 [http-nio-9080-exec-9] INFO  com.boot.web.sys.service.SysUserService - Map<String, Object> mpPronull
2019-08-16 09:19:54,468 [http-nio-9080-exec-8] INFO  com.boot.filter.AddressFilter -  ----------------------------用户对象已经在session中，可以进行继续访问!-------------------
2019-08-16 09:19:54,473 [http-nio-9080-exec-8] INFO  com.boot.web.sys.service.SysUserService - Map<String, Object> mpGroupName江西农信驻场项目组
2019-08-16 09:19:54,475 [http-nio-9080-exec-8] INFO  com.boot.web.sys.service.SysUserService - Map<String, Object> mpPronull
2019-08-16 09:19:54,582 [http-nio-9080-exec-1] INFO  com.boot.web.todaywork.controller.DoufuTodayWorkController - 开始保存当天工作记录信息表数据
2019-08-16 09:22:29,007 [http-nio-9080-exec-7] INFO  com.boot.filter.AddressFilter -  ----------------------------用户对象已经在session中，可以进行继续访问!-------------------
2019-08-16 09:22:29,321 [http-nio-9080-exec-8] INFO  com.boot.filter.AddressFilter -  ----------------------------用户对象已经在session中，可以进行继续访问!-------------------
2019-08-16 09:22:29,444 [http-nio-9080-exec-6] INFO  com.boot.filter.AddressFilter -  ----------------------------用户对象已经在session中，可以进行继续访问!-------------------
2019-08-16 09:22:31,608 [http-nio-9080-exec-9] INFO  com.boot.filter.AddressFilter -  ----------------------------用户对象已经在session中，可以进行继续访问!-------------------
2019-08-16 09:22:31,614 [http-nio-9080-exec-9] INFO  com.boot.web.sys.service.SysUserService - Map<String, Object> mpGroupName江西农信驻场项目组
2019-08-16 09:22:31,617 [http-nio-9080-exec-9] INFO  com.boot.web.sys.service.SysUserService - Map<String, Object> mpPronull
2019-08-16 09:22:31,796 [http-nio-9080-exec-8] INFO  com.boot.filter.AddressFilter -  ----------------------------用户对象已经在session中，可以进行继续访问!-------------------
2019-08-16 09:22:31,799 [http-nio-9080-exec-8] INFO  com.boot.web.sys.service.SysUserService - Map<String, Object> mpGroupName江西农信驻场项目组
2019-08-16 09:22:31,800 [http-nio-9080-exec-8] INFO  com.boot.web.sys.service.SysUserService - Map<String, Object> mpPronull
2019-08-16 09:22:32,111 [http-nio-9080-exec-1] INFO  com.boot.filter.AddressFilter -  ----------------------------用户对象已经在session中，可以进行继续访问!-------------------
2019-08-16 09:22:32,114 [http-nio-9080-exec-1] INFO  com.boot.web.sys.service.SysUserService - Map<String, Object> mpGroupName江西农信驻场项目组
2019-08-16 09:22:32,116 [http-nio-9080-exec-1] INFO  com.boot.web.sys.service.SysUserService - Map<String, Object> mpPronull
2019-08-16 09:22:32,876 [http-nio-9080-exec-2] INFO  com.boot.filter.AddressFilter -  ----------------------------用户对象已经在session中，可以进行继续访问!-------------------
2019-08-16 09:22:32,879 [http-nio-9080-exec-2] INFO  com.boot.web.sys.service.SysUserService - Map<String, Object> mpGroupName江西农信驻场项目组
2019-08-16 09:22:32,881 [http-nio-9080-exec-2] INFO  com.boot.web.sys.service.SysUserService - Map<String, Object> mpPronull
2019-08-16 09:22:34,624 [http-nio-9080-exec-10] INFO  com.boot.filter.AddressFilter -  ----------------------------用户对象已经在session中，可以进行继续访问!-------------------
2019-08-16 09:22:34,629 [http-nio-9080-exec-10] INFO  com.boot.web.sys.service.SysUserService - Map<String, Object> mpGroupName江西农信驻场项目组
2019-08-16 09:22:34,631 [http-nio-9080-exec-10] INFO  com.boot.web.sys.service.SysUserService - Map<String, Object> mpPronull
2019-08-16 09:22:34,724 [http-nio-9080-exec-3] INFO  com.boot.web.todaywork.controller.DoufuTodayWorkController - 开始保存当天工作记录信息表数据
2019-08-16 09:28:46,844 [main] INFO  com.boot.Application - Starting Application on USER-20190120FQ with PID 18764 (G:\GITBRANCH_LOCAL\sharewithothers\4quater\target\classes started by zhaozulong in G:\GITBRANCH_LOCAL\sharewithothers\4quater)
2019-08-16 09:28:46,852 [main] INFO  com.boot.Application - No active profile set, falling back to default profiles: default
2019-08-16 09:28:52,100 [main] INFO  org.springframework.context.annotation.ConfigurationClassPostProcessor - Cannot enhance @Configuration bean definition 'beetlConf' since its singleton instance has been created too early. The typical cause is a non-static @Bean method with a BeanDefinitionRegistryPostProcessor return type: Consider declaring such methods as 'static'.
2019-08-16 09:28:52,968 [main] INFO  o.s.context.support.PostProcessorRegistrationDelegate$BeanPostProcessorChecker - Bean 'org.springframework.transaction.annotation.ProxyTransactionManagementConfiguration' of type [org.springframework.transaction.annotation.ProxyTransactionManagementConfiguration$$EnhancerBySpringCGLIB$$7d10c1e0] is not eligible for getting processed by all BeanPostProcessors (for example: not eligible for auto-proxying)
2019-08-16 09:28:54,119 [main] INFO  org.springframework.boot.web.embedded.tomcat.TomcatWebServer - Tomcat initialized with port(s): 9080 (http)
2019-08-16 09:28:54,172 [main] INFO  org.apache.coyote.http11.Http11NioProtocol - Initializing ProtocolHandler ["http-nio-9080"]
2019-08-16 09:28:54,195 [main] INFO  org.apache.catalina.core.StandardService - Starting service [Tomcat]
2019-08-16 09:28:54,195 [main] INFO  org.apache.catalina.core.StandardEngine - Starting Servlet engine: [Apache Tomcat/9.0.21]
2019-08-16 09:28:54,689 [main] INFO  org.apache.jasper.servlet.TldScanner - At least one JAR was scanned for TLDs yet contained no TLDs. Enable debug logging for this logger for a complete list of JARs that were scanned but no TLDs were found in them. Skipping unneeded JARs during scanning can improve startup time and JSP compilation time.
2019-08-16 09:28:54,701 [main] INFO  org.apache.catalina.core.ContainerBase.[Tomcat].[localhost].[/] - Initializing Spring embedded WebApplicationContext
2019-08-16 09:28:54,701 [main] INFO  org.springframework.web.context.ContextLoader - Root WebApplicationContext: initialization completed in 7683 ms
2019-08-16 09:28:54,985 [main] INFO  org.springframework.cache.ehcache.EhCacheManagerFactoryBean - Initializing EhCache CacheManager
2019-08-16 09:28:56,034 [main] INFO  com.boot.Application$$EnhancerBySpringCGLIB$$b6a1cd66 - weeklyplan.
2019-08-16 09:28:56,056 [main] INFO  com.zaxxer.hikari.HikariDataSource - HikariPool-1 - Starting...
2019-08-16 09:28:56,412 [main] INFO  com.zaxxer.hikari.HikariDataSource - HikariPool-1 - Start completed.
2019-08-16 09:28:58,672 [main] INFO  org.springframework.scheduling.concurrent.ThreadPoolTaskExecutor - Initializing ExecutorService 'applicationTaskExecutor'
2019-08-16 09:28:59,133 [main] INFO  org.springframework.boot.autoconfigure.web.servlet.WelcomePageHandlerMapping - Adding welcome page: ServletContext resource [/index.html]
2019-08-16 09:28:59,231 [main] INFO  tk.mybatis.mapper.autoconfigure.MapperCacheDisabler - Clear tk.mybatis.mapper.genid.GenIdUtil CACHE cache.
2019-08-16 09:28:59,233 [main] INFO  tk.mybatis.mapper.autoconfigure.MapperCacheDisabler - Clear tk.mybatis.mapper.version.VersionUtil CACHE cache.
2019-08-16 09:28:59,235 [main] INFO  tk.mybatis.mapper.autoconfigure.MapperCacheDisabler - Clear EntityHelper entityTableMap cache.
2019-08-16 09:28:59,711 [main] INFO  org.springframework.boot.actuate.endpoint.web.EndpointLinksResolver - Exposing 15 endpoint(s) beneath base path '/actuator'
2019-08-16 09:28:59,830 [main] INFO  org.apache.coyote.http11.Http11NioProtocol - Starting ProtocolHandler ["http-nio-9080"]
2019-08-16 09:28:59,904 [main] INFO  org.springframework.boot.web.embedded.tomcat.TomcatWebServer - Tomcat started on port(s): 9080 (http) with context path ''
2019-08-16 09:28:59,910 [main] INFO  com.boot.Application - Started Application in 14.286 seconds (JVM running for 15.277)
2019-08-16 09:29:48,381 [http-nio-9080-exec-1] INFO  org.apache.catalina.core.ContainerBase.[Tomcat].[localhost].[/] - Initializing Spring DispatcherServlet 'dispatcherServlet'
2019-08-16 09:29:48,381 [http-nio-9080-exec-1] INFO  org.springframework.web.servlet.DispatcherServlet - Initializing Servlet 'dispatcherServlet'
2019-08-16 09:29:48,393 [http-nio-9080-exec-1] INFO  org.springframework.web.servlet.DispatcherServlet - Completed initialization in 12 ms
2019-08-16 09:29:48,434 [http-nio-9080-exec-1] INFO  com.boot.filter.AddressFilter -  ----------------------------Filter sysuser 用户对象在 session中没有找到，统一返回到登录界面!-------------------
2019-08-16 09:29:48,434 [http-nio-9080-exec-1] INFO  com.boot.filter.AddressFilter -  ----------------------------Filter 登录中没有相关的关键字，返回到登录道页!-------------------
2019-08-16 09:29:50,619 [http-nio-9080-exec-1] INFO  com.boot.web.sys.controller.SysUserController - loginCheck 得到了后台的用户信息，置到全局的session中，  进入到系统管理的首页面
2019-08-16 09:29:50,632 [http-nio-9080-exec-2] INFO  com.boot.filter.AddressFilter -  ----------------------------用户对象已经在session中，可以进行继续访问!-------------------
2019-08-16 09:29:50,633 [http-nio-9080-exec-2] INFO  com.boot.web.BaseAction -  登录验证成功，进入到系统管理的首页面
2019-08-16 09:29:50,660 [http-nio-9080-exec-3] INFO  com.boot.filter.AddressFilter -  ----------------------------用户对象已经在session中，可以进行继续访问!-------------------
2019-08-16 09:29:50,829 [http-nio-9080-exec-4] INFO  com.boot.filter.AddressFilter -  ----------------------------用户对象已经在session中，可以进行继续访问!-------------------
2019-08-16 09:29:50,903 [http-nio-9080-exec-5] INFO  com.boot.filter.AddressFilter -  ----------------------------用户对象已经在session中，可以进行继续访问!-------------------
2019-08-16 09:29:53,755 [http-nio-9080-exec-6] INFO  com.boot.filter.AddressFilter -  ----------------------------用户对象已经在session中，可以进行继续访问!-------------------
2019-08-16 09:29:53,767 [http-nio-9080-exec-6] INFO  com.boot.web.sys.service.SysUserService - Map<String, Object> mpGroupName江西农信驻场项目组
2019-08-16 09:29:53,774 [http-nio-9080-exec-6] INFO  com.boot.web.sys.service.SysUserService - Map<String, Object> mpPronull
2019-08-16 09:29:54,135 [http-nio-9080-exec-7] INFO  com.boot.filter.AddressFilter -  ----------------------------用户对象已经在session中，可以进行继续访问!-------------------
2019-08-16 09:29:54,139 [http-nio-9080-exec-7] INFO  com.boot.web.sys.service.SysUserService - Map<String, Object> mpGroupName江西农信驻场项目组
2019-08-16 09:29:54,142 [http-nio-9080-exec-7] INFO  com.boot.web.sys.service.SysUserService - Map<String, Object> mpPronull
2019-08-16 09:29:54,283 [http-nio-9080-exec-8] INFO  com.boot.filter.AddressFilter -  ----------------------------用户对象已经在session中，可以进行继续访问!-------------------
2019-08-16 09:29:54,286 [http-nio-9080-exec-8] INFO  com.boot.web.sys.service.SysUserService - Map<String, Object> mpGroupName江西农信驻场项目组
2019-08-16 09:29:54,288 [http-nio-9080-exec-8] INFO  com.boot.web.sys.service.SysUserService - Map<String, Object> mpPronull
2019-08-16 09:29:55,040 [http-nio-9080-exec-10] INFO  com.boot.filter.AddressFilter -  ----------------------------用户对象已经在session中，可以进行继续访问!-------------------
2019-08-16 09:29:55,043 [http-nio-9080-exec-10] INFO  com.boot.web.sys.service.SysUserService - Map<String, Object> mpGroupName江西农信驻场项目组
2019-08-16 09:29:55,044 [http-nio-9080-exec-10] INFO  com.boot.web.sys.service.SysUserService - Map<String, Object> mpPronull
2019-08-16 09:29:57,324 [http-nio-9080-exec-1] INFO  com.boot.filter.AddressFilter -  ----------------------------用户对象已经在session中，可以进行继续访问!-------------------
2019-08-16 09:29:57,327 [http-nio-9080-exec-1] INFO  com.boot.web.sys.service.SysUserService - Map<String, Object> mpGroupName江西农信驻场项目组
2019-08-16 09:29:57,328 [http-nio-9080-exec-1] INFO  com.boot.web.sys.service.SysUserService - Map<String, Object> mpPronull
2019-08-16 09:29:57,438 [http-nio-9080-exec-2] INFO  com.boot.web.todaywork.controller.DoufuTodayWorkController - 开始保存当天工作记录信息表数据
2019-08-16 09:36:05,586 [main] INFO  com.boot.Application - Starting Application on USER-20190120FQ with PID 8176 (G:\GITBRANCH_LOCAL\sharewithothers\4quater\target\classes started by zhaozulong in G:\GITBRANCH_LOCAL\sharewithothers\4quater)
2019-08-16 09:36:05,594 [main] INFO  com.boot.Application - No active profile set, falling back to default profiles: default
2019-08-16 09:36:10,085 [main] INFO  org.springframework.context.annotation.ConfigurationClassPostProcessor - Cannot enhance @Configuration bean definition 'beetlConf' since its singleton instance has been created too early. The typical cause is a non-static @Bean method with a BeanDefinitionRegistryPostProcessor return type: Consider declaring such methods as 'static'.
2019-08-16 09:36:10,831 [main] INFO  o.s.context.support.PostProcessorRegistrationDelegate$BeanPostProcessorChecker - Bean 'org.springframework.transaction.annotation.ProxyTransactionManagementConfiguration' of type [org.springframework.transaction.annotation.ProxyTransactionManagementConfiguration$$EnhancerBySpringCGLIB$$5125c955] is not eligible for getting processed by all BeanPostProcessors (for example: not eligible for auto-proxying)
