2019-07-26 08:55:47,577 [main] INFO  com.boot.Application - Starting Application on USER-20190120FQ with PID 3704 (G:\GITBRANCH_LOCAL\mybatis\4quater20190724\4quater\target\classes started by zhaozulong in G:\GITBRANCH_LOCAL\mybatis\4quater20190724\4quater)
2019-07-26 08:55:47,584 [main] INFO  com.boot.Application - No active profile set, falling back to default profiles: default
2019-07-26 08:55:47,951 [main] INFO  o.s.boot.context.embedded.AnnotationConfigEmbeddedWebApplicationContext - Refreshing org.springframework.boot.context.embedded.AnnotationConfigEmbeddedWebApplicationContext@6b81ce95: startup date [Fri Jul 26 08:55:47 CST 2019]; root of context hierarchy
2019-07-26 08:55:47,967 [background-preinit] INFO  org.hibernate.validator.internal.util.Version - HV000001: Hibernate Validator 5.3.5.Final
2019-07-26 08:55:49,748 [main] INFO  org.springframework.boot.context.embedded.tomcat.TomcatEmbeddedServletContainer - Tomcat initialized with port(s): 9080 (http)
2019-07-26 08:55:49,770 [main] INFO  org.apache.catalina.core.StandardService - Starting service [Tomcat]
2019-07-26 08:55:49,770 [main] INFO  org.apache.catalina.core.StandardEngine - Starting Servlet Engine: Apache Tomcat/8.5.20
2019-07-26 08:55:50,036 [localhost-startStop-1] INFO  org.apache.jasper.servlet.TldScanner - At least one JAR was scanned for TLDs yet contained no TLDs. Enable debug logging for this logger for a complete list of JARs that were scanned but no TLDs were found in them. Skipping unneeded JARs during scanning can improve startup time and JSP compilation time.
2019-07-26 08:55:50,051 [localhost-startStop-1] INFO  org.apache.catalina.core.ContainerBase.[Tomcat].[localhost].[/] - Initializing Spring embedded WebApplicationContext
2019-07-26 08:55:50,051 [localhost-startStop-1] INFO  org.springframework.web.context.ContextLoader - Root WebApplicationContext: initialization completed in 2100 ms
2019-07-26 08:55:50,223 [localhost-startStop-1] INFO  org.springframework.boot.web.servlet.ServletRegistrationBean - Mapping servlet: 'dispatcherServlet' to [/]
2019-07-26 08:55:50,223 [localhost-startStop-1] INFO  org.springframework.boot.web.servlet.FilterRegistrationBean - Mapping filter: 'characterEncodingFilter' to: [/*]
2019-07-26 08:55:50,223 [localhost-startStop-1] INFO  org.springframework.boot.web.servlet.FilterRegistrationBean - Mapping filter: 'hiddenHttpMethodFilter' to: [/*]
2019-07-26 08:55:50,223 [localhost-startStop-1] INFO  org.springframework.boot.web.servlet.FilterRegistrationBean - Mapping filter: 'httpPutFormContentFilter' to: [/*]
2019-07-26 08:55:50,223 [localhost-startStop-1] INFO  org.springframework.boot.web.servlet.FilterRegistrationBean - Mapping filter: 'requestContextFilter' to: [/*]
2019-07-26 08:55:50,223 [localhost-startStop-1] INFO  org.springframework.boot.web.servlet.FilterRegistrationBean - Mapping filter: 'addressFilter' to urls: [/main/*]
2019-07-26 08:55:50,504 [main] INFO  com.boot.Application$$EnhancerBySpringCGLIB$$f01d6ace - weeklyplan.
2019-07-26 08:55:51,569 [main] INFO  o.springframework.web.servlet.mvc.method.annotation.RequestMappingHandlerAdapter - Looking for @ControllerAdvice: org.springframework.boot.context.embedded.AnnotationConfigEmbeddedWebApplicationContext@6b81ce95: startup date [Fri Jul 26 08:55:47 CST 2019]; root of context hierarchy
2019-07-26 08:55:51,656 [main] INFO  o.springframework.web.servlet.mvc.method.annotation.RequestMappingHandlerMapping - Mapped "{[/main/titleid]}" onto java.lang.String com.boot.web.BaseAction.main(javax.servlet.http.HttpServletRequest)
2019-07-26 08:55:51,656 [main] INFO  o.springframework.web.servlet.mvc.method.annotation.RequestMappingHandlerMapping - Mapped "{[/main/save]}" onto java.lang.String com.boot.web.BaseAction.save(javax.servlet.http.HttpServletRequest) throws java.io.UnsupportedEncodingException,java.sql.SQLException
2019-07-26 08:55:51,656 [main] INFO  o.springframework.web.servlet.mvc.method.annotation.RequestMappingHandlerMapping - Mapped "{[/main/search]}" onto java.lang.String com.boot.web.BaseAction.search(javax.servlet.http.HttpServletRequest)
2019-07-26 08:55:51,656 [main] INFO  o.springframework.web.servlet.mvc.method.annotation.RequestMappingHandlerMapping - Mapped "{[/main/systemmaintenancesave]}" onto java.lang.String com.boot.web.BaseAction.systemmaintenancesave(javax.servlet.http.HttpServletRequest) throws java.io.UnsupportedEncodingException,java.sql.SQLException
2019-07-26 08:55:51,656 [main] INFO  o.springframework.web.servlet.mvc.method.annotation.RequestMappingHandlerMapping - Mapped "{[/main/systemmaintenance]}" onto java.lang.String com.boot.web.BaseAction.systemmaintenance(javax.servlet.http.HttpServletRequest)
2019-07-26 08:55:51,656 [main] INFO  o.springframework.web.servlet.mvc.method.annotation.RequestMappingHandlerMapping - Mapped "{[/main/getTitle]}" onto java.lang.String com.boot.web.BaseAction.getTitle(javax.servlet.http.HttpServletRequest)
2019-07-26 08:55:51,656 [main] INFO  o.springframework.web.servlet.mvc.method.annotation.RequestMappingHandlerMapping - Mapped "{[/main/new]}" onto java.lang.String com.boot.web.BaseAction.mainnew(javax.servlet.http.HttpServletRequest)
2019-07-26 08:55:51,656 [main] INFO  o.springframework.web.servlet.mvc.method.annotation.RequestMappingHandlerMapping - Mapped "{[/main/getPingYinFild]}" onto java.lang.String com.boot.web.BaseAction.getPingYinFild(javax.servlet.http.HttpServletRequest)
2019-07-26 08:55:51,656 [main] INFO  o.springframework.web.servlet.mvc.method.annotation.RequestMappingHandlerMapping - Mapped "{[/main/getsystem]}" onto java.lang.String com.boot.web.BaseAction.getsystem(javax.servlet.http.HttpServletRequest)
2019-07-26 08:55:51,656 [main] INFO  o.springframework.web.servlet.mvc.method.annotation.RequestMappingHandlerMapping - Mapped "{[/main/doing]}" onto java.lang.String com.boot.web.BaseAction.doing(java.util.Map<java.lang.String, java.lang.Object>)
2019-07-26 08:55:51,656 [main] INFO  o.springframework.web.servlet.mvc.method.annotation.RequestMappingHandlerMapping - Mapped "{[/main/export]}" onto java.lang.String com.boot.web.BaseAction.export(javax.servlet.http.HttpServletRequest)
2019-07-26 08:55:51,656 [main] INFO  o.springframework.web.servlet.mvc.method.annotation.RequestMappingHandlerMapping - Mapped "{[/main/nosearch]}" onto java.lang.String com.boot.web.BaseAction.nosearch(javax.servlet.http.HttpServletRequest)
2019-07-26 08:55:51,656 [main] INFO  o.springframework.web.servlet.mvc.method.annotation.RequestMappingHandlerMapping - Mapped "{[/main/firstpage]}" onto java.lang.String com.boot.web.BaseAction.login(javax.servlet.http.HttpServletRequest)
2019-07-26 08:55:51,656 [main] INFO  o.springframework.web.servlet.mvc.method.annotation.RequestMappingHandlerMapping - Mapped "{[/sysuser/loginpage]}" onto org.springframework.web.servlet.ModelAndView com.boot.web.sysuser.controller.SysUserController.loginpage(javax.servlet.http.HttpServletRequest)
2019-07-26 08:55:51,656 [main] INFO  o.springframework.web.servlet.mvc.method.annotation.RequestMappingHandlerMapping - Mapped "{[/sysuser/loginCheck]}" onto java.lang.String com.boot.web.sysuser.controller.SysUserController.loginCheck(javax.servlet.http.HttpServletRequest) throws java.io.UnsupportedEncodingException
2019-07-26 08:55:51,671 [main] INFO  o.springframework.web.servlet.mvc.method.annotation.RequestMappingHandlerMapping - Mapped "{[/error]}" onto public org.springframework.http.ResponseEntity<java.util.Map<java.lang.String, java.lang.Object>> org.springframework.boot.autoconfigure.web.BasicErrorController.error(javax.servlet.http.HttpServletRequest)
2019-07-26 08:55:51,671 [main] INFO  o.springframework.web.servlet.mvc.method.annotation.RequestMappingHandlerMapping - Mapped "{[/error],produces=[text/html]}" onto public org.springframework.web.servlet.ModelAndView org.springframework.boot.autoconfigure.web.BasicErrorController.errorHtml(javax.servlet.http.HttpServletRequest,javax.servlet.http.HttpServletResponse)
2019-07-26 08:55:51,687 [main] INFO  org.springframework.web.servlet.handler.SimpleUrlHandlerMapping - Mapped URL path [/webjars/**] onto handler of type [class org.springframework.web.servlet.resource.ResourceHttpRequestHandler]
2019-07-26 08:55:51,687 [main] INFO  org.springframework.web.servlet.handler.SimpleUrlHandlerMapping - Mapped URL path [/**] onto handler of type [class org.springframework.web.servlet.resource.ResourceHttpRequestHandler]
2019-07-26 08:55:51,734 [main] INFO  org.springframework.web.servlet.handler.SimpleUrlHandlerMapping - Mapped URL path [/**/favicon.ico] onto handler of type [class org.springframework.web.servlet.resource.ResourceHttpRequestHandler]
2019-07-26 08:55:52,124 [main] INFO  o.s.boot.autoconfigure.web.WebMvcAutoConfiguration$WelcomePageHandlerMapping - Adding welcome page: ServletContext resource [/index.html]
2019-07-26 08:55:52,316 [main] INFO  org.springframework.jmx.export.annotation.AnnotationMBeanExporter - Registering beans for JMX exposure on startup
2019-07-26 08:55:52,347 [main] INFO  org.apache.coyote.http11.Http11NioProtocol - Initializing ProtocolHandler ["http-nio-9080"]
2019-07-26 08:55:52,363 [main] INFO  org.apache.coyote.http11.Http11NioProtocol - Starting ProtocolHandler ["http-nio-9080"]
2019-07-26 08:55:52,378 [main] INFO  org.apache.tomcat.util.net.NioSelectorPool - Using a shared selector for servlet write/read
2019-07-26 08:55:52,425 [main] INFO  org.springframework.boot.context.embedded.tomcat.TomcatEmbeddedServletContainer - Tomcat started on port(s): 9080 (http)
2019-07-26 08:55:52,425 [main] INFO  com.boot.Application - Started Application in 5.387 seconds (JVM running for 5.88)
2019-07-26 08:56:30,687 [http-nio-9080-exec-1] INFO  org.apache.catalina.core.ContainerBase.[Tomcat].[localhost].[/] - Initializing Spring FrameworkServlet 'dispatcherServlet'
2019-07-26 08:56:30,687 [http-nio-9080-exec-1] INFO  org.springframework.web.servlet.DispatcherServlet - FrameworkServlet 'dispatcherServlet': initialization started
2019-07-26 08:56:30,710 [http-nio-9080-exec-1] INFO  org.springframework.web.servlet.DispatcherServlet - FrameworkServlet 'dispatcherServlet': initialization completed in 23 ms
2019-07-26 08:56:40,310 [http-nio-9080-exec-5] INFO  com.boot.filter.AddressFilter -  ----------------------------Filter sysuser 用户对象在 session中没有找到，统一返回到登录界面!-------------------
2019-07-26 08:56:40,310 [http-nio-9080-exec-5] INFO  com.boot.filter.AddressFilter -  ----------------------------Filter 地址是允许的页面的关键字，放行!-------------------
2019-07-26 08:56:40,335 [http-nio-9080-exec-6] INFO  com.boot.filter.AddressFilter -  ----------------------------Filter sysuser 用户对象在 session中没有找到，统一返回到登录界面!-------------------
2019-07-26 08:56:40,335 [http-nio-9080-exec-6] INFO  com.boot.filter.AddressFilter -  ----------------------------Filter 登录中没有相关的关键字，返回到登录道页!-------------------
2019-07-26 08:58:08,036 [main] INFO  com.boot.Application - Starting Application on USER-20190120FQ with PID 6372 (G:\GITBRANCH_LOCAL\mybatis\4quater20190724\4quater\target\classes started by zhaozulong in G:\GITBRANCH_LOCAL\mybatis\4quater20190724\4quater)
2019-07-26 08:58:08,036 [main] INFO  com.boot.Application - No active profile set, falling back to default profiles: default
2019-07-26 08:58:08,274 [main] INFO  o.s.boot.context.embedded.AnnotationConfigEmbeddedWebApplicationContext - Refreshing org.springframework.boot.context.embedded.AnnotationConfigEmbeddedWebApplicationContext@6b81ce95: startup date [Fri Jul 26 08:58:08 CST 2019]; root of context hierarchy
2019-07-26 08:58:08,337 [background-preinit] INFO  org.hibernate.validator.internal.util.Version - HV000001: Hibernate Validator 5.3.5.Final
2019-07-26 08:58:10,008 [main] INFO  org.springframework.boot.context.embedded.tomcat.TomcatEmbeddedServletContainer - Tomcat initialized with port(s): 9080 (http)
2019-07-26 08:58:10,013 [main] INFO  org.apache.catalina.core.StandardService - Starting service [Tomcat]
2019-07-26 08:58:10,028 [main] INFO  org.apache.catalina.core.StandardEngine - Starting Servlet Engine: Apache Tomcat/8.5.20
2019-07-26 08:58:10,278 [localhost-startStop-1] INFO  org.apache.jasper.servlet.TldScanner - At least one JAR was scanned for TLDs yet contained no TLDs. Enable debug logging for this logger for a complete list of JARs that were scanned but no TLDs were found in them. Skipping unneeded JARs during scanning can improve startup time and JSP compilation time.
2019-07-26 08:58:10,294 [localhost-startStop-1] INFO  org.apache.catalina.core.ContainerBase.[Tomcat].[localhost].[/] - Initializing Spring embedded WebApplicationContext
2019-07-26 08:58:10,294 [localhost-startStop-1] INFO  org.springframework.web.context.ContextLoader - Root WebApplicationContext: initialization completed in 2020 ms
2019-07-26 08:58:10,450 [localhost-startStop-1] INFO  org.springframework.boot.web.servlet.ServletRegistrationBean - Mapping servlet: 'dispatcherServlet' to [/]
2019-07-26 08:58:10,450 [localhost-startStop-1] INFO  org.springframework.boot.web.servlet.FilterRegistrationBean - Mapping filter: 'characterEncodingFilter' to: [/*]
2019-07-26 08:58:10,450 [localhost-startStop-1] INFO  org.springframework.boot.web.servlet.FilterRegistrationBean - Mapping filter: 'hiddenHttpMethodFilter' to: [/*]
2019-07-26 08:58:10,450 [localhost-startStop-1] INFO  org.springframework.boot.web.servlet.FilterRegistrationBean - Mapping filter: 'httpPutFormContentFilter' to: [/*]
2019-07-26 08:58:10,450 [localhost-startStop-1] INFO  org.springframework.boot.web.servlet.FilterRegistrationBean - Mapping filter: 'requestContextFilter' to: [/*]
2019-07-26 08:58:10,450 [localhost-startStop-1] INFO  org.springframework.boot.web.servlet.FilterRegistrationBean - Mapping filter: 'addressFilter' to urls: [/main/*]
2019-07-26 08:58:10,677 [main] INFO  com.boot.Application$$EnhancerBySpringCGLIB$$47b552f1 - weeklyplan.
2019-07-26 08:58:11,563 [main] INFO  o.springframework.web.servlet.mvc.method.annotation.RequestMappingHandlerAdapter - Looking for @ControllerAdvice: org.springframework.boot.context.embedded.AnnotationConfigEmbeddedWebApplicationContext@6b81ce95: startup date [Fri Jul 26 08:58:08 CST 2019]; root of context hierarchy
2019-07-26 08:58:11,641 [main] INFO  o.springframework.web.servlet.mvc.method.annotation.RequestMappingHandlerMapping - Mapped "{[/main/titleid]}" onto java.lang.String com.boot.web.BaseAction.main(javax.servlet.http.HttpServletRequest)
2019-07-26 08:58:11,641 [main] INFO  o.springframework.web.servlet.mvc.method.annotation.RequestMappingHandlerMapping - Mapped "{[/main/save]}" onto java.lang.String com.boot.web.BaseAction.save(javax.servlet.http.HttpServletRequest) throws java.io.UnsupportedEncodingException,java.sql.SQLException
2019-07-26 08:58:11,641 [main] INFO  o.springframework.web.servlet.mvc.method.annotation.RequestMappingHandlerMapping - Mapped "{[/main/search]}" onto java.lang.String com.boot.web.BaseAction.search(javax.servlet.http.HttpServletRequest)
2019-07-26 08:58:11,641 [main] INFO  o.springframework.web.servlet.mvc.method.annotation.RequestMappingHandlerMapping - Mapped "{[/main/getTitle]}" onto java.lang.String com.boot.web.BaseAction.getTitle(javax.servlet.http.HttpServletRequest)
2019-07-26 08:58:11,641 [main] INFO  o.springframework.web.servlet.mvc.method.annotation.RequestMappingHandlerMapping - Mapped "{[/main/export]}" onto java.lang.String com.boot.web.BaseAction.export(javax.servlet.http.HttpServletRequest)
2019-07-26 08:58:11,641 [main] INFO  o.springframework.web.servlet.mvc.method.annotation.RequestMappingHandlerMapping - Mapped "{[/main/new]}" onto java.lang.String com.boot.web.BaseAction.mainnew(javax.servlet.http.HttpServletRequest)
2019-07-26 08:58:11,641 [main] INFO  o.springframework.web.servlet.mvc.method.annotation.RequestMappingHandlerMapping - Mapped "{[/main/firstpage]}" onto java.lang.String com.boot.web.BaseAction.login(javax.servlet.http.HttpServletRequest)
2019-07-26 08:58:11,641 [main] INFO  o.springframework.web.servlet.mvc.method.annotation.RequestMappingHandlerMapping - Mapped "{[/main/doing]}" onto java.lang.String com.boot.web.BaseAction.doing(java.util.Map<java.lang.String, java.lang.Object>)
2019-07-26 08:58:11,641 [main] INFO  o.springframework.web.servlet.mvc.method.annotation.RequestMappingHandlerMapping - Mapped "{[/main/nosearch]}" onto java.lang.String com.boot.web.BaseAction.nosearch(javax.servlet.http.HttpServletRequest)
2019-07-26 08:58:11,641 [main] INFO  o.springframework.web.servlet.mvc.method.annotation.RequestMappingHandlerMapping - Mapped "{[/main/getsystem]}" onto java.lang.String com.boot.web.BaseAction.getsystem(javax.servlet.http.HttpServletRequest)
2019-07-26 08:58:11,641 [main] INFO  o.springframework.web.servlet.mvc.method.annotation.RequestMappingHandlerMapping - Mapped "{[/main/getPingYinFild]}" onto java.lang.String com.boot.web.BaseAction.getPingYinFild(javax.servlet.http.HttpServletRequest)
2019-07-26 08:58:11,641 [main] INFO  o.springframework.web.servlet.mvc.method.annotation.RequestMappingHandlerMapping - Mapped "{[/main/systemmaintenance]}" onto java.lang.String com.boot.web.BaseAction.systemmaintenance(javax.servlet.http.HttpServletRequest)
2019-07-26 08:58:11,641 [main] INFO  o.springframework.web.servlet.mvc.method.annotation.RequestMappingHandlerMapping - Mapped "{[/main/systemmaintenancesave]}" onto java.lang.String com.boot.web.BaseAction.systemmaintenancesave(javax.servlet.http.HttpServletRequest) throws java.io.UnsupportedEncodingException,java.sql.SQLException
2019-07-26 08:58:11,641 [main] INFO  o.springframework.web.servlet.mvc.method.annotation.RequestMappingHandlerMapping - Mapped "{[/sysuser/loginCheck]}" onto java.lang.String com.boot.web.sysuser.controller.SysUserController.loginCheck(javax.servlet.http.HttpServletRequest) throws java.io.UnsupportedEncodingException
2019-07-26 08:58:11,641 [main] INFO  o.springframework.web.servlet.mvc.method.annotation.RequestMappingHandlerMapping - Mapped "{[/sysuser/loginpage]}" onto org.springframework.web.servlet.ModelAndView com.boot.web.sysuser.controller.SysUserController.loginpage(javax.servlet.http.HttpServletRequest)
2019-07-26 08:58:11,657 [main] INFO  o.springframework.web.servlet.mvc.method.annotation.RequestMappingHandlerMapping - Mapped "{[/error]}" onto public org.springframework.http.ResponseEntity<java.util.Map<java.lang.String, java.lang.Object>> org.springframework.boot.autoconfigure.web.BasicErrorController.error(javax.servlet.http.HttpServletRequest)
2019-07-26 08:58:11,657 [main] INFO  o.springframework.web.servlet.mvc.method.annotation.RequestMappingHandlerMapping - Mapped "{[/error],produces=[text/html]}" onto public org.springframework.web.servlet.ModelAndView org.springframework.boot.autoconfigure.web.BasicErrorController.errorHtml(javax.servlet.http.HttpServletRequest,javax.servlet.http.HttpServletResponse)
2019-07-26 08:58:11,676 [main] INFO  org.springframework.web.servlet.handler.SimpleUrlHandlerMapping - Mapped URL path [/webjars/**] onto handler of type [class org.springframework.web.servlet.resource.ResourceHttpRequestHandler]
2019-07-26 08:58:11,676 [main] INFO  org.springframework.web.servlet.handler.SimpleUrlHandlerMapping - Mapped URL path [/**] onto handler of type [class org.springframework.web.servlet.resource.ResourceHttpRequestHandler]
2019-07-26 08:58:11,722 [main] INFO  org.springframework.web.servlet.handler.SimpleUrlHandlerMapping - Mapped URL path [/**/favicon.ico] onto handler of type [class org.springframework.web.servlet.resource.ResourceHttpRequestHandler]
2019-07-26 08:58:12,058 [main] INFO  o.s.boot.autoconfigure.web.WebMvcAutoConfiguration$WelcomePageHandlerMapping - Adding welcome page: ServletContext resource [/index.html]
2019-07-26 08:58:12,265 [main] INFO  org.springframework.jmx.export.annotation.AnnotationMBeanExporter - Registering beans for JMX exposure on startup
2019-07-26 08:58:12,290 [main] INFO  org.apache.coyote.http11.Http11NioProtocol - Initializing ProtocolHandler ["http-nio-9080"]
2019-07-26 08:58:12,290 [main] INFO  org.apache.coyote.http11.Http11NioProtocol - Starting ProtocolHandler ["http-nio-9080"]
2019-07-26 08:58:12,306 [main] INFO  org.apache.tomcat.util.net.NioSelectorPool - Using a shared selector for servlet write/read
2019-07-26 08:58:12,337 [main] INFO  org.springframework.boot.context.embedded.tomcat.TomcatEmbeddedServletContainer - Tomcat started on port(s): 9080 (http)
2019-07-26 08:58:12,337 [main] INFO  com.boot.Application - Started Application in 4.762 seconds (JVM running for 5.092)
2019-07-26 08:58:25,809 [http-nio-9080-exec-1] INFO  org.apache.catalina.core.ContainerBase.[Tomcat].[localhost].[/] - Initializing Spring FrameworkServlet 'dispatcherServlet'
2019-07-26 08:58:25,809 [http-nio-9080-exec-1] INFO  org.springframework.web.servlet.DispatcherServlet - FrameworkServlet 'dispatcherServlet': initialization started
2019-07-26 08:58:25,835 [http-nio-9080-exec-1] INFO  org.springframework.web.servlet.DispatcherServlet - FrameworkServlet 'dispatcherServlet': initialization completed in 26 ms
2019-07-26 09:18:06,389 [main] INFO  com.boot.Application - Starting Application on USER-20190120FQ with PID 16124 (G:\GITBRANCH_LOCAL\mybatis\4quater20190724\4quater\target\classes started by zhaozulong in G:\GITBRANCH_LOCAL\mybatis\4quater20190724\4quater)
2019-07-26 09:18:06,389 [main] INFO  com.boot.Application - No active profile set, falling back to default profiles: default
2019-07-26 09:18:06,670 [main] INFO  o.s.boot.context.embedded.AnnotationConfigEmbeddedWebApplicationContext - Refreshing org.springframework.boot.context.embedded.AnnotationConfigEmbeddedWebApplicationContext@6b81ce95: startup date [Fri Jul 26 09:18:06 CST 2019]; root of context hierarchy
2019-07-26 09:18:06,733 [background-preinit] INFO  org.hibernate.validator.internal.util.Version - HV000001: Hibernate Validator 5.3.5.Final
2019-07-26 09:18:08,389 [main] INFO  org.springframework.boot.context.embedded.tomcat.TomcatEmbeddedServletContainer - Tomcat initialized with port(s): 9080 (http)
2019-07-26 09:18:08,405 [main] INFO  org.apache.catalina.core.StandardService - Starting service [Tomcat]
2019-07-26 09:18:08,405 [main] INFO  org.apache.catalina.core.StandardEngine - Starting Servlet Engine: Apache Tomcat/8.5.20
2019-07-26 09:18:08,663 [localhost-startStop-1] INFO  org.apache.jasper.servlet.TldScanner - At least one JAR was scanned for TLDs yet contained no TLDs. Enable debug logging for this logger for a complete list of JARs that were scanned but no TLDs were found in them. Skipping unneeded JARs during scanning can improve startup time and JSP compilation time.
2019-07-26 09:18:08,679 [localhost-startStop-1] INFO  org.apache.catalina.core.ContainerBase.[Tomcat].[localhost].[/] - Initializing Spring embedded WebApplicationContext
2019-07-26 09:18:08,679 [localhost-startStop-1] INFO  org.springframework.web.context.ContextLoader - Root WebApplicationContext: initialization completed in 2009 ms
2019-07-26 09:18:08,821 [localhost-startStop-1] INFO  org.springframework.boot.web.servlet.ServletRegistrationBean - Mapping servlet: 'dispatcherServlet' to [/]
2019-07-26 09:18:08,821 [localhost-startStop-1] INFO  org.springframework.boot.web.servlet.FilterRegistrationBean - Mapping filter: 'characterEncodingFilter' to: [/*]
2019-07-26 09:18:08,821 [localhost-startStop-1] INFO  org.springframework.boot.web.servlet.FilterRegistrationBean - Mapping filter: 'hiddenHttpMethodFilter' to: [/*]
2019-07-26 09:18:08,821 [localhost-startStop-1] INFO  org.springframework.boot.web.servlet.FilterRegistrationBean - Mapping filter: 'httpPutFormContentFilter' to: [/*]
2019-07-26 09:18:08,821 [localhost-startStop-1] INFO  org.springframework.boot.web.servlet.FilterRegistrationBean - Mapping filter: 'requestContextFilter' to: [/*]
2019-07-26 09:18:08,821 [localhost-startStop-1] INFO  org.springframework.boot.web.servlet.FilterRegistrationBean - Mapping filter: 'addressFilter' to urls: [/main/*]
2019-07-26 09:18:09,056 [main] INFO  com.boot.Application$$EnhancerBySpringCGLIB$$b1a8ce96 - weeklyplan.
2019-07-26 09:18:10,141 [main] INFO  o.springframework.web.servlet.mvc.method.annotation.RequestMappingHandlerAdapter - Looking for @ControllerAdvice: org.springframework.boot.context.embedded.AnnotationConfigEmbeddedWebApplicationContext@6b81ce95: startup date [Fri Jul 26 09:18:06 CST 2019]; root of context hierarchy
2019-07-26 09:18:10,227 [main] INFO  o.springframework.web.servlet.mvc.method.annotation.RequestMappingHandlerMapping - Mapped "{[/main/titleid]}" onto java.lang.String com.boot.web.BaseAction.main(javax.servlet.http.HttpServletRequest)
2019-07-26 09:18:10,227 [main] INFO  o.springframework.web.servlet.mvc.method.annotation.RequestMappingHandlerMapping - Mapped "{[/main/save]}" onto java.lang.String com.boot.web.BaseAction.save(javax.servlet.http.HttpServletRequest) throws java.io.UnsupportedEncodingException,java.sql.SQLException
2019-07-26 09:18:10,227 [main] INFO  o.springframework.web.servlet.mvc.method.annotation.RequestMappingHandlerMapping - Mapped "{[/main/search]}" onto java.lang.String com.boot.web.BaseAction.search(javax.servlet.http.HttpServletRequest)
2019-07-26 09:18:10,227 [main] INFO  o.springframework.web.servlet.mvc.method.annotation.RequestMappingHandlerMapping - Mapped "{[/main/systemmaintenancesave]}" onto java.lang.String com.boot.web.BaseAction.systemmaintenancesave(javax.servlet.http.HttpServletRequest) throws java.io.UnsupportedEncodingException,java.sql.SQLException
2019-07-26 09:18:10,227 [main] INFO  o.springframework.web.servlet.mvc.method.annotation.RequestMappingHandlerMapping - Mapped "{[/main/systemmaintenance]}" onto java.lang.String com.boot.web.BaseAction.systemmaintenance(javax.servlet.http.HttpServletRequest)
2019-07-26 09:18:10,227 [main] INFO  o.springframework.web.servlet.mvc.method.annotation.RequestMappingHandlerMapping - Mapped "{[/main/export]}" onto java.lang.String com.boot.web.BaseAction.export(javax.servlet.http.HttpServletRequest)
2019-07-26 09:18:10,227 [main] INFO  o.springframework.web.servlet.mvc.method.annotation.RequestMappingHandlerMapping - Mapped "{[/main/firstpage]}" onto java.lang.String com.boot.web.BaseAction.login(javax.servlet.http.HttpServletRequest)
2019-07-26 09:18:10,227 [main] INFO  o.springframework.web.servlet.mvc.method.annotation.RequestMappingHandlerMapping - Mapped "{[/main/nosearch]}" onto java.lang.String com.boot.web.BaseAction.nosearch(javax.servlet.http.HttpServletRequest)
2019-07-26 09:18:10,227 [main] INFO  o.springframework.web.servlet.mvc.method.annotation.RequestMappingHandlerMapping - Mapped "{[/main/getsystem]}" onto java.lang.String com.boot.web.BaseAction.getsystem(javax.servlet.http.HttpServletRequest)
2019-07-26 09:18:10,227 [main] INFO  o.springframework.web.servlet.mvc.method.annotation.RequestMappingHandlerMapping - Mapped "{[/main/doing]}" onto java.lang.String com.boot.web.BaseAction.doing(java.util.Map<java.lang.String, java.lang.Object>)
2019-07-26 09:18:10,227 [main] INFO  o.springframework.web.servlet.mvc.method.annotation.RequestMappingHandlerMapping - Mapped "{[/main/getTitle]}" onto java.lang.String com.boot.web.BaseAction.getTitle(javax.servlet.http.HttpServletRequest)
2019-07-26 09:18:10,227 [main] INFO  o.springframework.web.servlet.mvc.method.annotation.RequestMappingHandlerMapping - Mapped "{[/main/new]}" onto java.lang.String com.boot.web.BaseAction.mainnew(javax.servlet.http.HttpServletRequest)
2019-07-26 09:18:10,227 [main] INFO  o.springframework.web.servlet.mvc.method.annotation.RequestMappingHandlerMapping - Mapped "{[/main/getPingYinFild]}" onto java.lang.String com.boot.web.BaseAction.getPingYinFild(javax.servlet.http.HttpServletRequest)
2019-07-26 09:18:10,227 [main] INFO  o.springframework.web.servlet.mvc.method.annotation.RequestMappingHandlerMapping - Mapped "{[/sysuser/loginpage]}" onto org.springframework.web.servlet.ModelAndView com.boot.web.sysuser.controller.SysUserController.loginpage(javax.servlet.http.HttpServletRequest)
2019-07-26 09:18:10,227 [main] INFO  o.springframework.web.servlet.mvc.method.annotation.RequestMappingHandlerMapping - Mapped "{[/sysuser/loginCheck]}" onto java.lang.String com.boot.web.sysuser.controller.SysUserController.loginCheck(javax.servlet.http.HttpServletRequest) throws java.io.UnsupportedEncodingException
2019-07-26 09:18:10,227 [main] INFO  o.springframework.web.servlet.mvc.method.annotation.RequestMappingHandlerMapping - Mapped "{[/error]}" onto public org.springframework.http.ResponseEntity<java.util.Map<java.lang.String, java.lang.Object>> org.springframework.boot.autoconfigure.web.BasicErrorController.error(javax.servlet.http.HttpServletRequest)
2019-07-26 09:18:10,227 [main] INFO  o.springframework.web.servlet.mvc.method.annotation.RequestMappingHandlerMapping - Mapped "{[/error],produces=[text/html]}" onto public org.springframework.web.servlet.ModelAndView org.springframework.boot.autoconfigure.web.BasicErrorController.errorHtml(javax.servlet.http.HttpServletRequest,javax.servlet.http.HttpServletResponse)
2019-07-26 09:18:10,258 [main] INFO  org.springframework.web.servlet.handler.SimpleUrlHandlerMapping - Mapped URL path [/webjars/**] onto handler of type [class org.springframework.web.servlet.resource.ResourceHttpRequestHandler]
2019-07-26 09:18:10,258 [main] INFO  org.springframework.web.servlet.handler.SimpleUrlHandlerMapping - Mapped URL path [/**] onto handler of type [class org.springframework.web.servlet.resource.ResourceHttpRequestHandler]
2019-07-26 09:18:10,305 [main] INFO  org.springframework.web.servlet.handler.SimpleUrlHandlerMapping - Mapped URL path [/**/favicon.ico] onto handler of type [class org.springframework.web.servlet.resource.ResourceHttpRequestHandler]
2019-07-26 09:18:10,636 [main] INFO  o.s.boot.autoconfigure.web.WebMvcAutoConfiguration$WelcomePageHandlerMapping - Adding welcome page: ServletContext resource [/index.html]
2019-07-26 09:18:10,847 [main] INFO  org.springframework.jmx.export.annotation.AnnotationMBeanExporter - Registering beans for JMX exposure on startup
2019-07-26 09:18:10,855 [main] INFO  org.apache.coyote.http11.Http11NioProtocol - Initializing ProtocolHandler ["http-nio-9080"]
2019-07-26 09:18:10,871 [main] INFO  org.apache.coyote.http11.Http11NioProtocol - Starting ProtocolHandler ["http-nio-9080"]
2019-07-26 09:18:10,886 [main] INFO  org.apache.tomcat.util.net.NioSelectorPool - Using a shared selector for servlet write/read
2019-07-26 09:18:10,933 [main] INFO  org.springframework.boot.context.embedded.tomcat.TomcatEmbeddedServletContainer - Tomcat started on port(s): 9080 (http)
2019-07-26 09:18:10,949 [main] INFO  com.boot.Application - Started Application in 4.962 seconds (JVM running for 5.274)
2019-07-26 09:20:46,975 [http-nio-9080-exec-1] INFO  org.apache.catalina.core.ContainerBase.[Tomcat].[localhost].[/] - Initializing Spring FrameworkServlet 'dispatcherServlet'
2019-07-26 09:20:46,975 [http-nio-9080-exec-1] INFO  org.springframework.web.servlet.DispatcherServlet - FrameworkServlet 'dispatcherServlet': initialization started
2019-07-26 09:20:47,004 [http-nio-9080-exec-1] INFO  org.springframework.web.servlet.DispatcherServlet - FrameworkServlet 'dispatcherServlet': initialization completed in 29 ms
2019-07-26 09:35:05,175 [main] INFO  com.boot.Application - Starting Application on USER-20190120FQ with PID 1548 (G:\GITBRANCH_LOCAL\mybatis\4quater20190724\4quater\target\classes started by zhaozulong in G:\GITBRANCH_LOCAL\mybatis\4quater20190724\4quater)
2019-07-26 09:35:05,175 [main] INFO  com.boot.Application - No active profile set, falling back to default profiles: default
2019-07-26 09:35:05,456 [main] INFO  o.s.boot.context.embedded.AnnotationConfigEmbeddedWebApplicationContext - Refreshing org.springframework.boot.context.embedded.AnnotationConfigEmbeddedWebApplicationContext@6b81ce95: startup date [Fri Jul 26 09:35:05 CST 2019]; root of context hierarchy
2019-07-26 09:35:05,529 [background-preinit] INFO  org.hibernate.validator.internal.util.Version - HV000001: Hibernate Validator 5.3.5.Final
2019-07-26 09:35:07,149 [main] INFO  org.springframework.boot.context.embedded.tomcat.TomcatEmbeddedServletContainer - Tomcat initialized with port(s): 9080 (http)
2019-07-26 09:35:07,161 [main] INFO  org.apache.catalina.core.StandardService - Starting service [Tomcat]
2019-07-26 09:35:07,161 [main] INFO  org.apache.catalina.core.StandardEngine - Starting Servlet Engine: Apache Tomcat/8.5.20
2019-07-26 09:35:07,411 [localhost-startStop-1] INFO  org.apache.jasper.servlet.TldScanner - At least one JAR was scanned for TLDs yet contained no TLDs. Enable debug logging for this logger for a complete list of JARs that were scanned but no TLDs were found in them. Skipping unneeded JARs during scanning can improve startup time and JSP compilation time.
2019-07-26 09:35:07,411 [localhost-startStop-1] INFO  org.apache.catalina.core.ContainerBase.[Tomcat].[localhost].[/] - Initializing Spring embedded WebApplicationContext
2019-07-26 09:35:07,411 [localhost-startStop-1] INFO  org.springframework.web.context.ContextLoader - Root WebApplicationContext: initialization completed in 1955 ms
2019-07-26 09:35:07,583 [localhost-startStop-1] INFO  org.springframework.boot.web.servlet.ServletRegistrationBean - Mapping servlet: 'dispatcherServlet' to [/]
2019-07-26 09:35:07,583 [localhost-startStop-1] INFO  org.springframework.boot.web.servlet.FilterRegistrationBean - Mapping filter: 'characterEncodingFilter' to: [/*]
2019-07-26 09:35:07,583 [localhost-startStop-1] INFO  org.springframework.boot.web.servlet.FilterRegistrationBean - Mapping filter: 'hiddenHttpMethodFilter' to: [/*]
2019-07-26 09:35:07,583 [localhost-startStop-1] INFO  org.springframework.boot.web.servlet.FilterRegistrationBean - Mapping filter: 'httpPutFormContentFilter' to: [/*]
2019-07-26 09:35:07,583 [localhost-startStop-1] INFO  org.springframework.boot.web.servlet.FilterRegistrationBean - Mapping filter: 'requestContextFilter' to: [/*]
2019-07-26 09:35:07,583 [localhost-startStop-1] INFO  org.springframework.boot.web.servlet.FilterRegistrationBean - Mapping filter: 'addressFilter' to urls: [/main/*]
2019-07-26 09:35:07,817 [main] INFO  com.boot.Application$$EnhancerBySpringCGLIB$$d5c87254 - weeklyplan.
2019-07-26 09:35:08,740 [main] INFO  o.springframework.web.servlet.mvc.method.annotation.RequestMappingHandlerAdapter - Looking for @ControllerAdvice: org.springframework.boot.context.embedded.AnnotationConfigEmbeddedWebApplicationContext@6b81ce95: startup date [Fri Jul 26 09:35:05 CST 2019]; root of context hierarchy
2019-07-26 09:35:08,818 [main] INFO  o.springframework.web.servlet.mvc.method.annotation.RequestMappingHandlerMapping - Mapped "{[/main/titleid]}" onto java.lang.String com.boot.web.BaseAction.main(javax.servlet.http.HttpServletRequest)
2019-07-26 09:35:08,818 [main] INFO  o.springframework.web.servlet.mvc.method.annotation.RequestMappingHandlerMapping - Mapped "{[/main/save]}" onto java.lang.String com.boot.web.BaseAction.save(javax.servlet.http.HttpServletRequest) throws java.io.UnsupportedEncodingException,java.sql.SQLException
2019-07-26 09:35:08,818 [main] INFO  o.springframework.web.servlet.mvc.method.annotation.RequestMappingHandlerMapping - Mapped "{[/main/search]}" onto java.lang.String com.boot.web.BaseAction.search(javax.servlet.http.HttpServletRequest)
2019-07-26 09:35:08,834 [main] INFO  o.springframework.web.servlet.mvc.method.annotation.RequestMappingHandlerMapping - Mapped "{[/main/systemmaintenancesave]}" onto java.lang.String com.boot.web.BaseAction.systemmaintenancesave(javax.servlet.http.HttpServletRequest) throws java.io.UnsupportedEncodingException,java.sql.SQLException
2019-07-26 09:35:08,834 [main] INFO  o.springframework.web.servlet.mvc.method.annotation.RequestMappingHandlerMapping - Mapped "{[/main/systemmaintenance]}" onto java.lang.String com.boot.web.BaseAction.systemmaintenance(javax.servlet.http.HttpServletRequest)
2019-07-26 09:35:08,834 [main] INFO  o.springframework.web.servlet.mvc.method.annotation.RequestMappingHandlerMapping - Mapped "{[/main/new]}" onto java.lang.String com.boot.web.BaseAction.mainnew(javax.servlet.http.HttpServletRequest)
2019-07-26 09:35:08,834 [main] INFO  o.springframework.web.servlet.mvc.method.annotation.RequestMappingHandlerMapping - Mapped "{[/main/getPingYinFild]}" onto java.lang.String com.boot.web.BaseAction.getPingYinFild(javax.servlet.http.HttpServletRequest)
2019-07-26 09:35:08,834 [main] INFO  o.springframework.web.servlet.mvc.method.annotation.RequestMappingHandlerMapping - Mapped "{[/main/nosearch]}" onto java.lang.String com.boot.web.BaseAction.nosearch(javax.servlet.http.HttpServletRequest)
2019-07-26 09:35:08,834 [main] INFO  o.springframework.web.servlet.mvc.method.annotation.RequestMappingHandlerMapping - Mapped "{[/main/getTitle]}" onto java.lang.String com.boot.web.BaseAction.getTitle(javax.servlet.http.HttpServletRequest)
2019-07-26 09:35:08,834 [main] INFO  o.springframework.web.servlet.mvc.method.annotation.RequestMappingHandlerMapping - Mapped "{[/main/export]}" onto java.lang.String com.boot.web.BaseAction.export(javax.servlet.http.HttpServletRequest)
2019-07-26 09:35:08,834 [main] INFO  o.springframework.web.servlet.mvc.method.annotation.RequestMappingHandlerMapping - Mapped "{[/main/getsystem]}" onto java.lang.String com.boot.web.BaseAction.getsystem(javax.servlet.http.HttpServletRequest)
2019-07-26 09:35:08,834 [main] INFO  o.springframework.web.servlet.mvc.method.annotation.RequestMappingHandlerMapping - Mapped "{[/main/doing]}" onto java.lang.String com.boot.web.BaseAction.doing(java.util.Map<java.lang.String, java.lang.Object>)
2019-07-26 09:35:08,834 [main] INFO  o.springframework.web.servlet.mvc.method.annotation.RequestMappingHandlerMapping - Mapped "{[/main/firstpage]}" onto java.lang.String com.boot.web.BaseAction.login(javax.servlet.http.HttpServletRequest)
2019-07-26 09:35:08,834 [main] INFO  o.springframework.web.servlet.mvc.method.annotation.RequestMappingHandlerMapping - Mapped "{[/sysuser/loginpage]}" onto org.springframework.web.servlet.ModelAndView com.boot.web.sysuser.controller.SysUserController.loginpage(javax.servlet.http.HttpServletRequest)
2019-07-26 09:35:08,834 [main] INFO  o.springframework.web.servlet.mvc.method.annotation.RequestMappingHandlerMapping - Mapped "{[/sysuser/loginCheck]}" onto java.lang.String com.boot.web.sysuser.controller.SysUserController.loginCheck(javax.servlet.http.HttpServletRequest) throws java.io.UnsupportedEncodingException
2019-07-26 09:35:08,834 [main] INFO  o.springframework.web.servlet.mvc.method.annotation.RequestMappingHandlerMapping - Mapped "{[/error]}" onto public org.springframework.http.ResponseEntity<java.util.Map<java.lang.String, java.lang.Object>> org.springframework.boot.autoconfigure.web.BasicErrorController.error(javax.servlet.http.HttpServletRequest)
2019-07-26 09:35:08,834 [main] INFO  o.springframework.web.servlet.mvc.method.annotation.RequestMappingHandlerMapping - Mapped "{[/error],produces=[text/html]}" onto public org.springframework.web.servlet.ModelAndView org.springframework.boot.autoconfigure.web.BasicErrorController.errorHtml(javax.servlet.http.HttpServletRequest,javax.servlet.http.HttpServletResponse)
2019-07-26 09:35:08,850 [main] INFO  org.springframework.web.servlet.handler.SimpleUrlHandlerMapping - Mapped URL path [/webjars/**] onto handler of type [class org.springframework.web.servlet.resource.ResourceHttpRequestHandler]
2019-07-26 09:35:08,850 [main] INFO  org.springframework.web.servlet.handler.SimpleUrlHandlerMapping - Mapped URL path [/**] onto handler of type [class org.springframework.web.servlet.resource.ResourceHttpRequestHandler]
2019-07-26 09:35:08,896 [main] INFO  org.springframework.web.servlet.handler.SimpleUrlHandlerMapping - Mapped URL path [/**/favicon.ico] onto handler of type [class org.springframework.web.servlet.resource.ResourceHttpRequestHandler]
2019-07-26 09:35:09,225 [main] INFO  o.s.boot.autoconfigure.web.WebMvcAutoConfiguration$WelcomePageHandlerMapping - Adding welcome page: ServletContext resource [/index.html]
2019-07-26 09:35:09,428 [main] INFO  org.springframework.jmx.export.annotation.AnnotationMBeanExporter - Registering beans for JMX exposure on startup
2019-07-26 09:35:09,434 [main] INFO  org.apache.coyote.http11.Http11NioProtocol - Initializing ProtocolHandler ["http-nio-9080"]
2019-07-26 09:35:09,450 [main] INFO  org.apache.coyote.http11.Http11NioProtocol - Starting ProtocolHandler ["http-nio-9080"]
2019-07-26 09:35:09,466 [main] INFO  org.apache.tomcat.util.net.NioSelectorPool - Using a shared selector for servlet write/read
2019-07-26 09:35:09,521 [main] INFO  org.springframework.boot.context.embedded.tomcat.TomcatEmbeddedServletContainer - Tomcat started on port(s): 9080 (http)
2019-07-26 09:35:09,537 [main] INFO  com.boot.Application - Started Application in 4.74 seconds (JVM running for 5.168)
2019-07-26 09:35:37,654 [http-nio-9080-exec-1] INFO  org.apache.catalina.core.ContainerBase.[Tomcat].[localhost].[/] - Initializing Spring FrameworkServlet 'dispatcherServlet'
2019-07-26 09:35:37,654 [http-nio-9080-exec-1] INFO  org.springframework.web.servlet.DispatcherServlet - FrameworkServlet 'dispatcherServlet': initialization started
2019-07-26 09:35:37,673 [http-nio-9080-exec-1] INFO  org.springframework.web.servlet.DispatcherServlet - FrameworkServlet 'dispatcherServlet': initialization completed in 19 ms
2019-07-26 09:44:59,699 [http-nio-9080-exec-8] INFO  com.boot.web.sysuser.controller.SysUserController - loginCheck 得到了后台的用户信息，置到全局的session中，  进入到系统管理的首页面
2019-07-26 09:44:59,699 [http-nio-9080-exec-2] INFO  com.boot.filter.AddressFilter -  ----------------------------用户对象已经在session中，可以进行继续访问!-------------------
2019-07-26 09:44:59,714 [http-nio-9080-exec-2] INFO  com.boot.web.BaseAction -  登录验证成功，进入到系统管理的首页面
2019-07-26 09:44:59,730 [http-nio-9080-exec-10] INFO  com.boot.filter.AddressFilter -  ----------------------------用户对象已经在session中，可以进行继续访问!-------------------
2019-07-26 09:44:59,904 [http-nio-9080-exec-3] INFO  com.boot.filter.AddressFilter -  ----------------------------用户对象已经在session中，可以进行继续访问!-------------------
2019-07-26 09:44:59,936 [http-nio-9080-exec-9] INFO  com.boot.filter.AddressFilter -  ----------------------------用户对象已经在session中，可以进行继续访问!-------------------
2019-07-26 09:44:59,998 [http-nio-9080-exec-2] INFO  com.boot.filter.AddressFilter -  ----------------------------用户对象已经在session中，可以进行继续访问!-------------------
2019-07-26 09:44:59,998 [http-nio-9080-exec-10] INFO  com.boot.filter.AddressFilter -  ----------------------------用户对象已经在session中，可以进行继续访问!-------------------
2019-07-26 09:45:00,154 [http-nio-9080-exec-4] INFO  com.boot.filter.AddressFilter -  ----------------------------用户对象已经在session中，可以进行继续访问!-------------------
2019-07-26 09:49:05,938 [http-nio-9080-exec-9] INFO  com.boot.filter.AddressFilter -  ----------------------------Filter sysuser 用户对象在 session中没有找到，统一返回到登录界面!-------------------
2019-07-26 09:49:05,938 [http-nio-9080-exec-9] INFO  com.boot.filter.AddressFilter -  ----------------------------Filter 登录中没有相关的关键字，返回到登录道页!-------------------
2019-07-26 09:49:11,899 [http-nio-9080-exec-6] INFO  com.boot.web.sysuser.controller.SysUserController - loginCheck 得到了后台的用户信息，置到全局的session中，  进入到系统管理的首页面
2019-07-26 09:49:11,914 [http-nio-9080-exec-3] INFO  com.boot.filter.AddressFilter -  ----------------------------用户对象已经在session中，可以进行继续访问!-------------------
2019-07-26 09:49:11,914 [http-nio-9080-exec-3] INFO  com.boot.web.BaseAction -  登录验证成功，进入到系统管理的首页面
2019-07-26 09:49:11,946 [http-nio-9080-exec-8] INFO  com.boot.filter.AddressFilter -  ----------------------------用户对象已经在session中，可以进行继续访问!-------------------
2019-07-26 09:49:12,227 [http-nio-9080-exec-9] INFO  com.boot.filter.AddressFilter -  ----------------------------用户对象已经在session中，可以进行继续访问!-------------------
2019-07-26 09:49:12,430 [http-nio-9080-exec-10] INFO  com.boot.filter.AddressFilter -  ----------------------------用户对象已经在session中，可以进行继续访问!-------------------
2019-07-26 09:54:36,746 [http-nio-9080-exec-6] INFO  com.boot.web.sysuser.controller.SysUserController - loginCheck 得到了后台的用户信息，置到全局的session中，  进入到系统管理的首页面
2019-07-26 09:54:36,762 [http-nio-9080-exec-3] INFO  com.boot.filter.AddressFilter -  ----------------------------用户对象已经在session中，可以进行继续访问!-------------------
2019-07-26 09:54:36,762 [http-nio-9080-exec-3] INFO  com.boot.web.BaseAction -  登录验证成功，进入到系统管理的首页面
2019-07-26 09:54:36,762 [http-nio-9080-exec-8] INFO  com.boot.filter.AddressFilter -  ----------------------------用户对象已经在session中，可以进行继续访问!-------------------
2019-07-26 09:54:36,926 [http-nio-9080-exec-2] INFO  com.boot.filter.AddressFilter -  ----------------------------用户对象已经在session中，可以进行继续访问!-------------------
2019-07-26 09:54:37,004 [http-nio-9080-exec-7] INFO  com.boot.filter.AddressFilter -  ----------------------------用户对象已经在session中，可以进行继续访问!-------------------
2019-07-26 09:56:09,808 [http-nio-9080-exec-1] INFO  com.boot.filter.AddressFilter -  ----------------------------Filter sysuser 用户对象在 session中没有找到，统一返回到登录界面!-------------------
2019-07-26 09:56:09,808 [http-nio-9080-exec-1] INFO  com.boot.filter.AddressFilter -  ----------------------------Filter 登录中没有相关的关键字，返回到登录道页!-------------------
2019-07-26 09:56:12,774 [http-nio-9080-exec-3] INFO  com.boot.web.sysuser.controller.SysUserController - loginCheck 得到了后台的用户信息，置到全局的session中，  进入到系统管理的首页面
2019-07-26 09:56:12,774 [http-nio-9080-exec-8] INFO  com.boot.filter.AddressFilter -  ----------------------------用户对象已经在session中，可以进行继续访问!-------------------
2019-07-26 09:56:12,774 [http-nio-9080-exec-8] INFO  com.boot.web.BaseAction -  登录验证成功，进入到系统管理的首页面
2019-07-26 09:56:12,774 [http-nio-9080-exec-10] INFO  com.boot.filter.AddressFilter -  ----------------------------用户对象已经在session中，可以进行继续访问!-------------------
2019-07-26 09:56:12,953 [http-nio-9080-exec-1] INFO  com.boot.filter.AddressFilter -  ----------------------------用户对象已经在session中，可以进行继续访问!-------------------
2019-07-26 09:56:13,031 [http-nio-9080-exec-4] INFO  com.boot.filter.AddressFilter -  ----------------------------用户对象已经在session中，可以进行继续访问!-------------------
2019-07-26 09:56:55,947 [http-nio-9080-exec-9] INFO  com.boot.filter.AddressFilter -  ----------------------------Filter sysuser 用户对象在 session中没有找到，统一返回到登录界面!-------------------
2019-07-26 09:56:55,947 [http-nio-9080-exec-9] INFO  com.boot.filter.AddressFilter -  ----------------------------Filter 登录中没有相关的关键字，返回到登录道页!-------------------
2019-07-26 09:56:57,912 [http-nio-9080-exec-1] INFO  com.boot.web.sysuser.controller.SysUserController - loginCheck 得到了后台的用户信息，置到全局的session中，  进入到系统管理的首页面
2019-07-26 09:56:57,912 [http-nio-9080-exec-8] INFO  com.boot.filter.AddressFilter -  ----------------------------用户对象已经在session中，可以进行继续访问!-------------------
2019-07-26 09:56:57,912 [http-nio-9080-exec-8] INFO  com.boot.web.BaseAction -  登录验证成功，进入到系统管理的首页面
2019-07-26 09:56:57,927 [http-nio-9080-exec-10] INFO  com.boot.filter.AddressFilter -  ----------------------------用户对象已经在session中，可以进行继续访问!-------------------
2019-07-26 09:56:58,099 [http-nio-9080-exec-9] INFO  com.boot.filter.AddressFilter -  ----------------------------用户对象已经在session中，可以进行继续访问!-------------------
2019-07-26 09:56:58,209 [http-nio-9080-exec-5] INFO  com.boot.filter.AddressFilter -  ----------------------------用户对象已经在session中，可以进行继续访问!-------------------
