2019-08-13 23:29:57,852 [main] INFO  com.boot.Application - Starting Application on USER-20190120FQ with PID 9932 (G:\GITBRANCH_LOCAL\sharewithothers\4quater\target\classes started by zhaozulong in G:\GITBRANCH_LOCAL\sharewithothers\4quater)
2019-08-13 23:29:57,858 [main] INFO  com.boot.Application - No active profile set, falling back to default profiles: default
2019-08-13 23:30:02,732 [main] INFO  org.springframework.context.annotation.ConfigurationClassPostProcessor - Cannot enhance @Configuration bean definition 'beetlConf' since its singleton instance has been created too early. The typical cause is a non-static @Bean method with a BeanDefinitionRegistryPostProcessor return type: Consider declaring such methods as 'static'.
2019-08-13 23:30:03,281 [main] INFO  o.s.context.support.PostProcessorRegistrationDelegate$BeanPostProcessorChecker - Bean 'org.springframework.transaction.annotation.ProxyTransactionManagementConfiguration' of type [org.springframework.transaction.annotation.ProxyTransactionManagementConfiguration$$EnhancerBySpringCGLIB$$1b89c29a] is not eligible for getting processed by all BeanPostProcessors (for example: not eligible for auto-proxying)
2019-08-13 23:30:04,235 [main] INFO  org.springframework.boot.web.embedded.tomcat.TomcatWebServer - Tomcat initialized with port(s): 9080 (http)
2019-08-13 23:30:04,263 [main] INFO  org.apache.coyote.http11.Http11NioProtocol - Initializing ProtocolHandler ["http-nio-9080"]
2019-08-13 23:30:04,281 [main] INFO  org.apache.catalina.core.StandardService - Starting service [Tomcat]
2019-08-13 23:30:04,282 [main] INFO  org.apache.catalina.core.StandardEngine - Starting Servlet engine: [Apache Tomcat/9.0.21]
2019-08-13 23:30:04,625 [main] INFO  org.apache.jasper.servlet.TldScanner - At least one JAR was scanned for TLDs yet contained no TLDs. Enable debug logging for this logger for a complete list of JARs that were scanned but no TLDs were found in them. Skipping unneeded JARs during scanning can improve startup time and JSP compilation time.
2019-08-13 23:30:04,633 [main] INFO  org.apache.catalina.core.ContainerBase.[Tomcat].[localhost].[/] - Initializing Spring embedded WebApplicationContext
2019-08-13 23:30:04,633 [main] INFO  org.springframework.web.context.ContextLoader - Root WebApplicationContext: initialization completed in 6645 ms
2019-08-13 23:30:04,853 [main] INFO  org.springframework.cache.ehcache.EhCacheManagerFactoryBean - Initializing EhCache CacheManager
2019-08-13 23:30:05,623 [main] INFO  com.boot.Application$$EnhancerBySpringCGLIB$$551ace20 - weeklyplan.
2019-08-13 23:30:05,639 [main] INFO  com.zaxxer.hikari.HikariDataSource - HikariPool-1 - Starting...
2019-08-13 23:30:05,874 [main] INFO  com.zaxxer.hikari.HikariDataSource - HikariPool-1 - Start completed.
2019-08-13 23:30:05,916 [main] INFO  com.boot.Application$$EnhancerBySpringCGLIB$$551ace20 - CurrentWeek.getCurrenproDate()Mon Aug 12 23:30:05 CST 2019
2019-08-13 23:30:07,708 [main] INFO  org.springframework.scheduling.concurrent.ThreadPoolTaskExecutor - Initializing ExecutorService 'applicationTaskExecutor'
2019-08-13 23:30:08,001 [main] INFO  org.springframework.boot.autoconfigure.web.servlet.WelcomePageHandlerMapping - Adding welcome page: ServletContext resource [/index.html]
2019-08-13 23:30:08,068 [main] INFO  tk.mybatis.mapper.autoconfigure.MapperCacheDisabler - Clear tk.mybatis.mapper.genid.GenIdUtil CACHE cache.
2019-08-13 23:30:08,069 [main] INFO  tk.mybatis.mapper.autoconfigure.MapperCacheDisabler - Clear tk.mybatis.mapper.version.VersionUtil CACHE cache.
2019-08-13 23:30:08,071 [main] INFO  tk.mybatis.mapper.autoconfigure.MapperCacheDisabler - Clear EntityHelper entityTableMap cache.
2019-08-13 23:30:08,382 [main] INFO  org.springframework.boot.actuate.endpoint.web.EndpointLinksResolver - Exposing 15 endpoint(s) beneath base path '/actuator'
2019-08-13 23:30:08,477 [main] INFO  org.apache.coyote.http11.Http11NioProtocol - Starting ProtocolHandler ["http-nio-9080"]
2019-08-13 23:30:08,540 [main] INFO  org.springframework.boot.web.embedded.tomcat.TomcatWebServer - Tomcat started on port(s): 9080 (http) with context path ''
2019-08-13 23:30:08,545 [main] INFO  com.boot.Application - Started Application in 11.771 seconds (JVM running for 12.327)
2019-08-13 23:32:50,962 [http-nio-9080-exec-1] INFO  org.apache.catalina.core.ContainerBase.[Tomcat].[localhost].[/] - Initializing Spring DispatcherServlet 'dispatcherServlet'
2019-08-13 23:32:50,962 [http-nio-9080-exec-1] INFO  org.springframework.web.servlet.DispatcherServlet - Initializing Servlet 'dispatcherServlet'
2019-08-13 23:32:50,985 [http-nio-9080-exec-1] INFO  org.springframework.web.servlet.DispatcherServlet - Completed initialization in 23 ms
2019-08-13 23:33:33,028 [http-nio-9080-exec-8] INFO  com.boot.web.sys.controller.SysUserController - loginCheck 得到了后台的用户信息，置到全局的session中，  进入到系统管理的首页面
2019-08-13 23:33:33,063 [http-nio-9080-exec-9] INFO  com.boot.filter.AddressFilter -  ----------------------------用户对象已经在session中，可以进行继续访问!-------------------
2019-08-13 23:33:33,066 [http-nio-9080-exec-9] INFO  com.boot.web.BaseAction -  登录验证成功，进入到系统管理的首页面
2019-08-13 23:33:33,109 [http-nio-9080-exec-10] INFO  com.boot.filter.AddressFilter -  ----------------------------用户对象已经在session中，可以进行继续访问!-------------------
2019-08-13 23:33:33,354 [http-nio-9080-exec-1] INFO  com.boot.filter.AddressFilter -  ----------------------------用户对象已经在session中，可以进行继续访问!-------------------
2019-08-13 23:33:33,509 [http-nio-9080-exec-6] INFO  com.boot.filter.AddressFilter -  ----------------------------用户对象已经在session中，可以进行继续访问!-------------------
