2019-07-24 18:16:36,767 [main] INFO  com.boot.Application - Starting Application on USER-20190120FQ with PID 22504 (G:\GITBRANCH_LOCAL\mybatis\4quater20190724\4quater\target\classes started by zhaozulong in G:\GITBRANCH_LOCAL\mybatis\4quater20190724\4quater)
2019-07-24 18:16:36,771 [main] INFO  com.boot.Application - No active profile set, falling back to default profiles: default
2019-07-24 18:16:36,832 [main] INFO  o.s.boot.context.embedded.AnnotationConfigEmbeddedWebApplicationContext - Refreshing org.springframework.boot.context.embedded.AnnotationConfigEmbeddedWebApplicationContext@6dc17b83: startup date [Wed Jul 24 18:16:36 CST 2019]; root of context hierarchy
2019-07-24 18:16:37,110 [background-preinit] INFO  org.hibernate.validator.internal.util.Version - HV000001: Hibernate Validator 5.3.5.Final
2019-07-24 18:16:38,607 [main] INFO  org.springframework.boot.context.embedded.tomcat.TomcatEmbeddedServletContainer - Tomcat initialized with port(s): 9080 (http)
2019-07-24 18:16:38,626 [main] INFO  org.apache.catalina.core.StandardService - Starting service [Tomcat]
2019-07-24 18:16:38,627 [main] INFO  org.apache.catalina.core.StandardEngine - Starting Servlet Engine: Apache Tomcat/8.5.20
2019-07-24 18:16:38,869 [localhost-startStop-1] INFO  org.apache.jasper.servlet.TldScanner - At least one JAR was scanned for TLDs yet contained no TLDs. Enable debug logging for this logger for a complete list of JARs that were scanned but no TLDs were found in them. Skipping unneeded JARs during scanning can improve startup time and JSP compilation time.
2019-07-24 18:16:38,875 [localhost-startStop-1] INFO  org.apache.catalina.core.ContainerBase.[Tomcat].[localhost].[/] - Initializing Spring embedded WebApplicationContext
2019-07-24 18:16:38,875 [localhost-startStop-1] INFO  org.springframework.web.context.ContextLoader - Root WebApplicationContext: initialization completed in 2043 ms
2019-07-24 18:16:39,028 [localhost-startStop-1] INFO  org.springframework.boot.web.servlet.ServletRegistrationBean - Mapping servlet: 'dispatcherServlet' to [/]
2019-07-24 18:16:39,034 [localhost-startStop-1] INFO  org.springframework.boot.web.servlet.FilterRegistrationBean - Mapping filter: 'characterEncodingFilter' to: [/*]
2019-07-24 18:16:39,034 [localhost-startStop-1] INFO  org.springframework.boot.web.servlet.FilterRegistrationBean - Mapping filter: 'hiddenHttpMethodFilter' to: [/*]
2019-07-24 18:16:39,034 [localhost-startStop-1] INFO  org.springframework.boot.web.servlet.FilterRegistrationBean - Mapping filter: 'httpPutFormContentFilter' to: [/*]
2019-07-24 18:16:39,034 [localhost-startStop-1] INFO  org.springframework.boot.web.servlet.FilterRegistrationBean - Mapping filter: 'requestContextFilter' to: [/*]
2019-07-24 18:16:39,303 [main] INFO  com.boot.Application$$EnhancerBySpringCGLIB$$995bac6f - weeklyplan.
2019-07-24 18:16:40,185 [main] INFO  o.springframework.web.servlet.mvc.method.annotation.RequestMappingHandlerAdapter - Looking for @ControllerAdvice: org.springframework.boot.context.embedded.AnnotationConfigEmbeddedWebApplicationContext@6dc17b83: startup date [Wed Jul 24 18:16:36 CST 2019]; root of context hierarchy
2019-07-24 18:16:40,264 [main] INFO  o.springframework.web.servlet.mvc.method.annotation.RequestMappingHandlerMapping - Mapped "{[/main/titleid]}" onto java.lang.String com.boot.web.BaseAction.main(javax.servlet.http.HttpServletRequest)
2019-07-24 18:16:40,265 [main] INFO  o.springframework.web.servlet.mvc.method.annotation.RequestMappingHandlerMapping - Mapped "{[/main/save]}" onto java.lang.String com.boot.web.BaseAction.save(javax.servlet.http.HttpServletRequest) throws java.io.UnsupportedEncodingException,java.sql.SQLException
2019-07-24 18:16:40,266 [main] INFO  o.springframework.web.servlet.mvc.method.annotation.RequestMappingHandlerMapping - Mapped "{[/main/search]}" onto java.lang.String com.boot.web.BaseAction.search(javax.servlet.http.HttpServletRequest)
2019-07-24 18:16:40,266 [main] INFO  o.springframework.web.servlet.mvc.method.annotation.RequestMappingHandlerMapping - Mapped "{[/main/getPingYinFild]}" onto java.lang.String com.boot.web.BaseAction.getPingYinFild(javax.servlet.http.HttpServletRequest)
2019-07-24 18:16:40,266 [main] INFO  o.springframework.web.servlet.mvc.method.annotation.RequestMappingHandlerMapping - Mapped "{[/main/doing]}" onto java.lang.String com.boot.web.BaseAction.doing(java.util.Map<java.lang.String, java.lang.Object>)
2019-07-24 18:16:40,266 [main] INFO  o.springframework.web.servlet.mvc.method.annotation.RequestMappingHandlerMapping - Mapped "{[/main/nosearch]}" onto java.lang.String com.boot.web.BaseAction.nosearch(javax.servlet.http.HttpServletRequest)
2019-07-24 18:16:40,267 [main] INFO  o.springframework.web.servlet.mvc.method.annotation.RequestMappingHandlerMapping - Mapped "{[/main/getTitle]}" onto java.lang.String com.boot.web.BaseAction.getTitle(javax.servlet.http.HttpServletRequest)
2019-07-24 18:16:40,267 [main] INFO  o.springframework.web.servlet.mvc.method.annotation.RequestMappingHandlerMapping - Mapped "{[/main/getsystem]}" onto java.lang.String com.boot.web.BaseAction.getsystem(javax.servlet.http.HttpServletRequest)
2019-07-24 18:16:40,267 [main] INFO  o.springframework.web.servlet.mvc.method.annotation.RequestMappingHandlerMapping - Mapped "{[/main/new]}" onto java.lang.String com.boot.web.BaseAction.mainnew(javax.servlet.http.HttpServletRequest)
2019-07-24 18:16:40,267 [main] INFO  o.springframework.web.servlet.mvc.method.annotation.RequestMappingHandlerMapping - Mapped "{[/main/firstpage]}" onto java.lang.String com.boot.web.BaseAction.login(javax.servlet.http.HttpServletRequest)
2019-07-24 18:16:40,267 [main] INFO  o.springframework.web.servlet.mvc.method.annotation.RequestMappingHandlerMapping - Mapped "{[/main/export]}" onto java.lang.String com.boot.web.BaseAction.export(javax.servlet.http.HttpServletRequest)
2019-07-24 18:16:40,268 [main] INFO  o.springframework.web.servlet.mvc.method.annotation.RequestMappingHandlerMapping - Mapped "{[/main/systemmaintenancesave]}" onto java.lang.String com.boot.web.BaseAction.systemmaintenancesave(javax.servlet.http.HttpServletRequest) throws java.io.UnsupportedEncodingException,java.sql.SQLException
2019-07-24 18:16:40,268 [main] INFO  o.springframework.web.servlet.mvc.method.annotation.RequestMappingHandlerMapping - Mapped "{[/main/systemmaintenance]}" onto java.lang.String com.boot.web.BaseAction.systemmaintenance(javax.servlet.http.HttpServletRequest)
2019-07-24 18:16:40,268 [main] INFO  o.springframework.web.servlet.mvc.method.annotation.RequestMappingHandlerMapping - Mapped "{[/loginvalidate/loginpage]}" onto org.springframework.web.servlet.ModelAndView com.boot.web.sysuser.controller.SysUserController.loginpage(javax.servlet.http.HttpServletRequest)
2019-07-24 18:16:40,268 [main] INFO  o.springframework.web.servlet.mvc.method.annotation.RequestMappingHandlerMapping - Mapped "{[/loginvalidate/loginCheck]}" onto java.lang.String com.boot.web.sysuser.controller.SysUserController.loginCheck(javax.servlet.http.HttpServletRequest) throws java.io.UnsupportedEncodingException
2019-07-24 18:16:40,272 [main] INFO  o.springframework.web.servlet.mvc.method.annotation.RequestMappingHandlerMapping - Mapped "{[/error]}" onto public org.springframework.http.ResponseEntity<java.util.Map<java.lang.String, java.lang.Object>> org.springframework.boot.autoconfigure.web.BasicErrorController.error(javax.servlet.http.HttpServletRequest)
2019-07-24 18:16:40,272 [main] INFO  o.springframework.web.servlet.mvc.method.annotation.RequestMappingHandlerMapping - Mapped "{[/error],produces=[text/html]}" onto public org.springframework.web.servlet.ModelAndView org.springframework.boot.autoconfigure.web.BasicErrorController.errorHtml(javax.servlet.http.HttpServletRequest,javax.servlet.http.HttpServletResponse)
2019-07-24 18:16:40,298 [main] INFO  org.springframework.web.servlet.handler.SimpleUrlHandlerMapping - Mapped URL path [/webjars/**] onto handler of type [class org.springframework.web.servlet.resource.ResourceHttpRequestHandler]
2019-07-24 18:16:40,298 [main] INFO  org.springframework.web.servlet.handler.SimpleUrlHandlerMapping - Mapped URL path [/**] onto handler of type [class org.springframework.web.servlet.resource.ResourceHttpRequestHandler]
2019-07-24 18:16:40,331 [main] INFO  org.springframework.web.servlet.handler.SimpleUrlHandlerMapping - Mapped URL path [/**/favicon.ico] onto handler of type [class org.springframework.web.servlet.resource.ResourceHttpRequestHandler]
2019-07-24 18:16:40,353 [main] INFO  o.s.boot.autoconfigure.web.WebMvcAutoConfiguration$WelcomePageHandlerMapping - Adding welcome page: ServletContext resource [/index.html]
2019-07-24 18:16:40,538 [main] INFO  org.springframework.jmx.export.annotation.AnnotationMBeanExporter - Registering beans for JMX exposure on startup
2019-07-24 18:16:40,552 [main] INFO  org.apache.coyote.http11.Http11NioProtocol - Initializing ProtocolHandler ["http-nio-9080"]
2019-07-24 18:16:40,565 [main] INFO  org.apache.coyote.http11.Http11NioProtocol - Starting ProtocolHandler ["http-nio-9080"]
2019-07-24 18:16:40,577 [main] INFO  org.apache.tomcat.util.net.NioSelectorPool - Using a shared selector for servlet write/read
2019-07-24 18:16:40,609 [main] INFO  org.springframework.boot.context.embedded.tomcat.TomcatEmbeddedServletContainer - Tomcat started on port(s): 9080 (http)
2019-07-24 18:16:40,613 [main] INFO  com.boot.Application - Started Application in 4.239 seconds (JVM running for 4.571)
2019-07-24 18:17:37,542 [http-nio-9080-exec-1] INFO  org.apache.catalina.core.ContainerBase.[Tomcat].[localhost].[/] - Initializing Spring FrameworkServlet 'dispatcherServlet'
2019-07-24 18:17:37,543 [http-nio-9080-exec-1] INFO  org.springframework.web.servlet.DispatcherServlet - FrameworkServlet 'dispatcherServlet': initialization started
2019-07-24 18:17:37,567 [http-nio-9080-exec-1] INFO  org.springframework.web.servlet.DispatcherServlet - FrameworkServlet 'dispatcherServlet': initialization completed in 24 ms
2019-07-24 18:23:26,974 [main] INFO  com.boot.Application - Starting Application on USER-20190120FQ with PID 5692 (G:\GITBRANCH_LOCAL\mybatis\4quater20190724\4quater\target\classes started by zhaozulong in G:\GITBRANCH_LOCAL\mybatis\4quater20190724\4quater)
2019-07-24 18:23:26,977 [main] INFO  com.boot.Application - No active profile set, falling back to default profiles: default
2019-07-24 18:23:27,032 [main] INFO  o.s.boot.context.embedded.AnnotationConfigEmbeddedWebApplicationContext - Refreshing org.springframework.boot.context.embedded.AnnotationConfigEmbeddedWebApplicationContext@6dc17b83: startup date [Wed Jul 24 18:23:27 CST 2019]; root of context hierarchy
2019-07-24 18:23:27,311 [background-preinit] INFO  org.hibernate.validator.internal.util.Version - HV000001: Hibernate Validator 5.3.5.Final
2019-07-24 18:23:28,793 [main] INFO  org.springframework.boot.context.embedded.tomcat.TomcatEmbeddedServletContainer - Tomcat initialized with port(s): 9080 (http)
2019-07-24 18:23:28,813 [main] INFO  org.apache.catalina.core.StandardService - Starting service [Tomcat]
2019-07-24 18:23:28,814 [main] INFO  org.apache.catalina.core.StandardEngine - Starting Servlet Engine: Apache Tomcat/8.5.20
2019-07-24 18:23:29,100 [localhost-startStop-1] INFO  org.apache.jasper.servlet.TldScanner - At least one JAR was scanned for TLDs yet contained no TLDs. Enable debug logging for this logger for a complete list of JARs that were scanned but no TLDs were found in them. Skipping unneeded JARs during scanning can improve startup time and JSP compilation time.
2019-07-24 18:23:29,107 [localhost-startStop-1] INFO  org.apache.catalina.core.ContainerBase.[Tomcat].[localhost].[/] - Initializing Spring embedded WebApplicationContext
2019-07-24 18:23:29,107 [localhost-startStop-1] INFO  org.springframework.web.context.ContextLoader - Root WebApplicationContext: initialization completed in 2075 ms
2019-07-24 18:23:29,275 [localhost-startStop-1] INFO  org.springframework.boot.web.servlet.ServletRegistrationBean - Mapping servlet: 'dispatcherServlet' to [/]
2019-07-24 18:23:29,279 [localhost-startStop-1] INFO  org.springframework.boot.web.servlet.FilterRegistrationBean - Mapping filter: 'characterEncodingFilter' to: [/*]
2019-07-24 18:23:29,280 [localhost-startStop-1] INFO  org.springframework.boot.web.servlet.FilterRegistrationBean - Mapping filter: 'hiddenHttpMethodFilter' to: [/*]
2019-07-24 18:23:29,280 [localhost-startStop-1] INFO  org.springframework.boot.web.servlet.FilterRegistrationBean - Mapping filter: 'httpPutFormContentFilter' to: [/*]
2019-07-24 18:23:29,280 [localhost-startStop-1] INFO  org.springframework.boot.web.servlet.FilterRegistrationBean - Mapping filter: 'requestContextFilter' to: [/*]
2019-07-24 18:23:29,510 [main] INFO  com.boot.Application$$EnhancerBySpringCGLIB$$43d7e835 - weeklyplan.
2019-07-24 18:23:30,424 [main] INFO  o.springframework.web.servlet.mvc.method.annotation.RequestMappingHandlerAdapter - Looking for @ControllerAdvice: org.springframework.boot.context.embedded.AnnotationConfigEmbeddedWebApplicationContext@6dc17b83: startup date [Wed Jul 24 18:23:27 CST 2019]; root of context hierarchy
2019-07-24 18:23:30,507 [main] INFO  o.springframework.web.servlet.mvc.method.annotation.RequestMappingHandlerMapping - Mapped "{[/main/titleid]}" onto java.lang.String com.boot.web.BaseAction.main(javax.servlet.http.HttpServletRequest)
2019-07-24 18:23:30,508 [main] INFO  o.springframework.web.servlet.mvc.method.annotation.RequestMappingHandlerMapping - Mapped "{[/main/save]}" onto java.lang.String com.boot.web.BaseAction.save(javax.servlet.http.HttpServletRequest) throws java.io.UnsupportedEncodingException,java.sql.SQLException
2019-07-24 18:23:30,509 [main] INFO  o.springframework.web.servlet.mvc.method.annotation.RequestMappingHandlerMapping - Mapped "{[/main/search]}" onto java.lang.String com.boot.web.BaseAction.search(javax.servlet.http.HttpServletRequest)
2019-07-24 18:23:30,509 [main] INFO  o.springframework.web.servlet.mvc.method.annotation.RequestMappingHandlerMapping - Mapped "{[/main/systemmaintenancesave]}" onto java.lang.String com.boot.web.BaseAction.systemmaintenancesave(javax.servlet.http.HttpServletRequest) throws java.io.UnsupportedEncodingException,java.sql.SQLException
2019-07-24 18:23:30,510 [main] INFO  o.springframework.web.servlet.mvc.method.annotation.RequestMappingHandlerMapping - Mapped "{[/main/systemmaintenance]}" onto java.lang.String com.boot.web.BaseAction.systemmaintenance(javax.servlet.http.HttpServletRequest)
2019-07-24 18:23:30,510 [main] INFO  o.springframework.web.servlet.mvc.method.annotation.RequestMappingHandlerMapping - Mapped "{[/main/getPingYinFild]}" onto java.lang.String com.boot.web.BaseAction.getPingYinFild(javax.servlet.http.HttpServletRequest)
2019-07-24 18:23:30,511 [main] INFO  o.springframework.web.servlet.mvc.method.annotation.RequestMappingHandlerMapping - Mapped "{[/main/nosearch]}" onto java.lang.String com.boot.web.BaseAction.nosearch(javax.servlet.http.HttpServletRequest)
2019-07-24 18:23:30,511 [main] INFO  o.springframework.web.servlet.mvc.method.annotation.RequestMappingHandlerMapping - Mapped "{[/main/getsystem]}" onto java.lang.String com.boot.web.BaseAction.getsystem(javax.servlet.http.HttpServletRequest)
2019-07-24 18:23:30,511 [main] INFO  o.springframework.web.servlet.mvc.method.annotation.RequestMappingHandlerMapping - Mapped "{[/main/new]}" onto java.lang.String com.boot.web.BaseAction.mainnew(javax.servlet.http.HttpServletRequest)
2019-07-24 18:23:30,512 [main] INFO  o.springframework.web.servlet.mvc.method.annotation.RequestMappingHandlerMapping - Mapped "{[/main/doing]}" onto java.lang.String com.boot.web.BaseAction.doing(java.util.Map<java.lang.String, java.lang.Object>)
2019-07-24 18:23:30,512 [main] INFO  o.springframework.web.servlet.mvc.method.annotation.RequestMappingHandlerMapping - Mapped "{[/main/getTitle]}" onto java.lang.String com.boot.web.BaseAction.getTitle(javax.servlet.http.HttpServletRequest)
2019-07-24 18:23:30,512 [main] INFO  o.springframework.web.servlet.mvc.method.annotation.RequestMappingHandlerMapping - Mapped "{[/main/export]}" onto java.lang.String com.boot.web.BaseAction.export(javax.servlet.http.HttpServletRequest)
2019-07-24 18:23:30,513 [main] INFO  o.springframework.web.servlet.mvc.method.annotation.RequestMappingHandlerMapping - Mapped "{[/main/firstpage]}" onto java.lang.String com.boot.web.BaseAction.login(javax.servlet.http.HttpServletRequest)
2019-07-24 18:23:30,514 [main] INFO  o.springframework.web.servlet.mvc.method.annotation.RequestMappingHandlerMapping - Mapped "{[/loginvalidate/loginpage]}" onto org.springframework.web.servlet.ModelAndView com.boot.web.sysuser.controller.SysUserController.loginpage(javax.servlet.http.HttpServletRequest)
2019-07-24 18:23:30,515 [main] INFO  o.springframework.web.servlet.mvc.method.annotation.RequestMappingHandlerMapping - Mapped "{[/loginvalidate/loginCheck]}" onto java.lang.String com.boot.web.sysuser.controller.SysUserController.loginCheck(javax.servlet.http.HttpServletRequest) throws java.io.UnsupportedEncodingException
2019-07-24 18:23:30,521 [main] INFO  o.springframework.web.servlet.mvc.method.annotation.RequestMappingHandlerMapping - Mapped "{[/error]}" onto public org.springframework.http.ResponseEntity<java.util.Map<java.lang.String, java.lang.Object>> org.springframework.boot.autoconfigure.web.BasicErrorController.error(javax.servlet.http.HttpServletRequest)
2019-07-24 18:23:30,521 [main] INFO  o.springframework.web.servlet.mvc.method.annotation.RequestMappingHandlerMapping - Mapped "{[/error],produces=[text/html]}" onto public org.springframework.web.servlet.ModelAndView org.springframework.boot.autoconfigure.web.BasicErrorController.errorHtml(javax.servlet.http.HttpServletRequest,javax.servlet.http.HttpServletResponse)
2019-07-24 18:23:30,555 [main] INFO  org.springframework.web.servlet.handler.SimpleUrlHandlerMapping - Mapped URL path [/webjars/**] onto handler of type [class org.springframework.web.servlet.resource.ResourceHttpRequestHandler]
2019-07-24 18:23:30,555 [main] INFO  org.springframework.web.servlet.handler.SimpleUrlHandlerMapping - Mapped URL path [/**] onto handler of type [class org.springframework.web.servlet.resource.ResourceHttpRequestHandler]
2019-07-24 18:23:30,592 [main] INFO  org.springframework.web.servlet.handler.SimpleUrlHandlerMapping - Mapped URL path [/**/favicon.ico] onto handler of type [class org.springframework.web.servlet.resource.ResourceHttpRequestHandler]
2019-07-24 18:23:30,622 [main] INFO  o.s.boot.autoconfigure.web.WebMvcAutoConfiguration$WelcomePageHandlerMapping - Adding welcome page: ServletContext resource [/index.html]
2019-07-24 18:23:30,845 [main] INFO  org.springframework.jmx.export.annotation.AnnotationMBeanExporter - Registering beans for JMX exposure on startup
2019-07-24 18:23:30,863 [main] INFO  org.apache.coyote.http11.Http11NioProtocol - Initializing ProtocolHandler ["http-nio-9080"]
2019-07-24 18:23:30,877 [main] INFO  org.apache.coyote.http11.Http11NioProtocol - Starting ProtocolHandler ["http-nio-9080"]
2019-07-24 18:23:30,890 [main] INFO  org.apache.tomcat.util.net.NioSelectorPool - Using a shared selector for servlet write/read
2019-07-24 18:23:30,920 [main] INFO  org.springframework.boot.context.embedded.tomcat.TomcatEmbeddedServletContainer - Tomcat started on port(s): 9080 (http)
2019-07-24 18:23:30,925 [main] INFO  com.boot.Application - Started Application in 4.352 seconds (JVM running for 4.679)
2019-07-24 18:23:54,246 [http-nio-9080-exec-1] INFO  org.apache.catalina.core.ContainerBase.[Tomcat].[localhost].[/] - Initializing Spring FrameworkServlet 'dispatcherServlet'
2019-07-24 18:23:54,246 [http-nio-9080-exec-1] INFO  org.springframework.web.servlet.DispatcherServlet - FrameworkServlet 'dispatcherServlet': initialization started
2019-07-24 18:23:54,268 [http-nio-9080-exec-1] INFO  org.springframework.web.servlet.DispatcherServlet - FrameworkServlet 'dispatcherServlet': initialization completed in 22 ms
2019-07-24 18:23:57,564 [http-nio-9080-exec-4] INFO  com.boot.web.sysuser.controller.SysUserController - loginCheck 得到了后台的用户信息，置到全局的session中，  进入到系统管理的首页面
2019-07-24 18:23:57,585 [http-nio-9080-exec-5] INFO  com.boot.filter.SysInterceptor -  ----------------------------SysInterceptor 用户对象 sysuser 已经存在session中了，可以放行!-------------------
2019-07-24 18:23:57,586 [http-nio-9080-exec-5] INFO  com.boot.web.BaseAction -  登录验证成功，进入到系统管理的首页面
2019-07-24 18:23:59,637 [http-nio-9080-exec-1] INFO  com.boot.filter.SysInterceptor -  ----------------------------SysInterceptor 用户对象 sysuser 已经存在session中了，可以放行!-------------------
2019-07-24 18:23:59,644 [http-nio-9080-exec-3] INFO  com.boot.filter.SysInterceptor -  ----------------------------SysInterceptor 用户对象 sysuser 已经存在session中了，可以放行!-------------------
2019-07-24 18:23:59,644 [http-nio-9080-exec-2] INFO  com.boot.filter.SysInterceptor -  ----------------------------SysInterceptor 用户对象 sysuser 已经存在session中了，可以放行!-------------------
2019-07-24 18:23:59,653 [http-nio-9080-exec-4] INFO  com.boot.filter.SysInterceptor -  ----------------------------SysInterceptor 用户对象 sysuser 已经存在session中了，可以放行!-------------------
2019-07-24 18:24:14,973 [http-nio-9080-exec-1] INFO  com.boot.filter.SysInterceptor -  ----------------------------SysInterceptor sysuser 用户对象在 session中没有找到，统一返回到登录界面!-------------------
2019-07-24 18:24:14,974 [http-nio-9080-exec-9] INFO  com.boot.filter.SysInterceptor -  ----------------------------SysInterceptor sysuser 用户对象在 session中没有找到，统一返回到登录界面!-------------------
2019-07-24 18:24:14,976 [http-nio-9080-exec-10] INFO  com.boot.filter.SysInterceptor -  ----------------------------SysInterceptor sysuser 用户对象在 session中没有找到，统一返回到登录界面!-------------------
2019-07-24 18:24:14,977 [http-nio-9080-exec-5] INFO  com.boot.filter.SysInterceptor -  ----------------------------SysInterceptor sysuser 用户对象在 session中没有找到，统一返回到登录界面!-------------------
2019-07-24 18:27:15,969 [main] INFO  com.boot.Application - Starting Application on USER-20190120FQ with PID 18156 (G:\GITBRANCH_LOCAL\mybatis\4quater20190724\4quater\target\classes started by zhaozulong in G:\GITBRANCH_LOCAL\mybatis\4quater20190724\4quater)
2019-07-24 18:27:15,972 [main] INFO  com.boot.Application - No active profile set, falling back to default profiles: default
2019-07-24 18:27:16,027 [main] INFO  o.s.boot.context.embedded.AnnotationConfigEmbeddedWebApplicationContext - Refreshing org.springframework.boot.context.embedded.AnnotationConfigEmbeddedWebApplicationContext@6dc17b83: startup date [Wed Jul 24 18:27:16 CST 2019]; root of context hierarchy
2019-07-24 18:27:16,279 [background-preinit] INFO  org.hibernate.validator.internal.util.Version - HV000001: Hibernate Validator 5.3.5.Final
2019-07-24 18:27:17,649 [main] INFO  org.springframework.boot.context.embedded.tomcat.TomcatEmbeddedServletContainer - Tomcat initialized with port(s): 9080 (http)
2019-07-24 18:27:17,664 [main] INFO  org.apache.catalina.core.StandardService - Starting service [Tomcat]
2019-07-24 18:27:17,665 [main] INFO  org.apache.catalina.core.StandardEngine - Starting Servlet Engine: Apache Tomcat/8.5.20
2019-07-24 18:27:17,899 [localhost-startStop-1] INFO  org.apache.jasper.servlet.TldScanner - At least one JAR was scanned for TLDs yet contained no TLDs. Enable debug logging for this logger for a complete list of JARs that were scanned but no TLDs were found in them. Skipping unneeded JARs during scanning can improve startup time and JSP compilation time.
2019-07-24 18:27:17,903 [localhost-startStop-1] INFO  org.apache.catalina.core.ContainerBase.[Tomcat].[localhost].[/] - Initializing Spring embedded WebApplicationContext
2019-07-24 18:27:17,904 [localhost-startStop-1] INFO  org.springframework.web.context.ContextLoader - Root WebApplicationContext: initialization completed in 1877 ms
2019-07-24 18:27:18,037 [localhost-startStop-1] INFO  org.springframework.boot.web.servlet.ServletRegistrationBean - Mapping servlet: 'dispatcherServlet' to [/]
2019-07-24 18:27:18,041 [localhost-startStop-1] INFO  org.springframework.boot.web.servlet.FilterRegistrationBean - Mapping filter: 'characterEncodingFilter' to: [/*]
2019-07-24 18:27:18,042 [localhost-startStop-1] INFO  org.springframework.boot.web.servlet.FilterRegistrationBean - Mapping filter: 'hiddenHttpMethodFilter' to: [/*]
2019-07-24 18:27:18,042 [localhost-startStop-1] INFO  org.springframework.boot.web.servlet.FilterRegistrationBean - Mapping filter: 'httpPutFormContentFilter' to: [/*]
2019-07-24 18:27:18,042 [localhost-startStop-1] INFO  org.springframework.boot.web.servlet.FilterRegistrationBean - Mapping filter: 'requestContextFilter' to: [/*]
2019-07-24 18:27:18,307 [main] INFO  com.boot.Application$$EnhancerBySpringCGLIB$$bf83ecc1 - weeklyplan.
2019-07-24 18:27:19,160 [main] INFO  o.springframework.web.servlet.mvc.method.annotation.RequestMappingHandlerAdapter - Looking for @ControllerAdvice: org.springframework.boot.context.embedded.AnnotationConfigEmbeddedWebApplicationContext@6dc17b83: startup date [Wed Jul 24 18:27:16 CST 2019]; root of context hierarchy
2019-07-24 18:27:19,235 [main] INFO  o.springframework.web.servlet.mvc.method.annotation.RequestMappingHandlerMapping - Mapped "{[/main/titleid]}" onto java.lang.String com.boot.web.BaseAction.main(javax.servlet.http.HttpServletRequest)
2019-07-24 18:27:19,236 [main] INFO  o.springframework.web.servlet.mvc.method.annotation.RequestMappingHandlerMapping - Mapped "{[/main/save]}" onto java.lang.String com.boot.web.BaseAction.save(javax.servlet.http.HttpServletRequest) throws java.io.UnsupportedEncodingException,java.sql.SQLException
2019-07-24 18:27:19,236 [main] INFO  o.springframework.web.servlet.mvc.method.annotation.RequestMappingHandlerMapping - Mapped "{[/main/search]}" onto java.lang.String com.boot.web.BaseAction.search(javax.servlet.http.HttpServletRequest)
2019-07-24 18:27:19,236 [main] INFO  o.springframework.web.servlet.mvc.method.annotation.RequestMappingHandlerMapping - Mapped "{[/main/getsystem]}" onto java.lang.String com.boot.web.BaseAction.getsystem(javax.servlet.http.HttpServletRequest)
2019-07-24 18:27:19,237 [main] INFO  o.springframework.web.servlet.mvc.method.annotation.RequestMappingHandlerMapping - Mapped "{[/main/firstpage]}" onto java.lang.String com.boot.web.BaseAction.login(javax.servlet.http.HttpServletRequest)
2019-07-24 18:27:19,237 [main] INFO  o.springframework.web.servlet.mvc.method.annotation.RequestMappingHandlerMapping - Mapped "{[/main/getPingYinFild]}" onto java.lang.String com.boot.web.BaseAction.getPingYinFild(javax.servlet.http.HttpServletRequest)
2019-07-24 18:27:19,237 [main] INFO  o.springframework.web.servlet.mvc.method.annotation.RequestMappingHandlerMapping - Mapped "{[/main/doing]}" onto java.lang.String com.boot.web.BaseAction.doing(java.util.Map<java.lang.String, java.lang.Object>)
2019-07-24 18:27:19,238 [main] INFO  o.springframework.web.servlet.mvc.method.annotation.RequestMappingHandlerMapping - Mapped "{[/main/new]}" onto java.lang.String com.boot.web.BaseAction.mainnew(javax.servlet.http.HttpServletRequest)
2019-07-24 18:27:19,238 [main] INFO  o.springframework.web.servlet.mvc.method.annotation.RequestMappingHandlerMapping - Mapped "{[/main/nosearch]}" onto java.lang.String com.boot.web.BaseAction.nosearch(javax.servlet.http.HttpServletRequest)
2019-07-24 18:27:19,238 [main] INFO  o.springframework.web.servlet.mvc.method.annotation.RequestMappingHandlerMapping - Mapped "{[/main/getTitle]}" onto java.lang.String com.boot.web.BaseAction.getTitle(javax.servlet.http.HttpServletRequest)
2019-07-24 18:27:19,239 [main] INFO  o.springframework.web.servlet.mvc.method.annotation.RequestMappingHandlerMapping - Mapped "{[/main/export]}" onto java.lang.String com.boot.web.BaseAction.export(javax.servlet.http.HttpServletRequest)
2019-07-24 18:27:19,239 [main] INFO  o.springframework.web.servlet.mvc.method.annotation.RequestMappingHandlerMapping - Mapped "{[/main/systemmaintenancesave]}" onto java.lang.String com.boot.web.BaseAction.systemmaintenancesave(javax.servlet.http.HttpServletRequest) throws java.io.UnsupportedEncodingException,java.sql.SQLException
2019-07-24 18:27:19,239 [main] INFO  o.springframework.web.servlet.mvc.method.annotation.RequestMappingHandlerMapping - Mapped "{[/main/systemmaintenance]}" onto java.lang.String com.boot.web.BaseAction.systemmaintenance(javax.servlet.http.HttpServletRequest)
2019-07-24 18:27:19,240 [main] INFO  o.springframework.web.servlet.mvc.method.annotation.RequestMappingHandlerMapping - Mapped "{[/loginvalidate/loginCheck]}" onto java.lang.String com.boot.web.sysuser.controller.SysUserController.loginCheck(javax.servlet.http.HttpServletRequest) throws java.io.UnsupportedEncodingException
2019-07-24 18:27:19,241 [main] INFO  o.springframework.web.servlet.mvc.method.annotation.RequestMappingHandlerMapping - Mapped "{[/loginvalidate/loginpage]}" onto org.springframework.web.servlet.ModelAndView com.boot.web.sysuser.controller.SysUserController.loginpage(javax.servlet.http.HttpServletRequest)
2019-07-24 18:27:19,246 [main] INFO  o.springframework.web.servlet.mvc.method.annotation.RequestMappingHandlerMapping - Mapped "{[/error]}" onto public org.springframework.http.ResponseEntity<java.util.Map<java.lang.String, java.lang.Object>> org.springframework.boot.autoconfigure.web.BasicErrorController.error(javax.servlet.http.HttpServletRequest)
2019-07-24 18:27:19,246 [main] INFO  o.springframework.web.servlet.mvc.method.annotation.RequestMappingHandlerMapping - Mapped "{[/error],produces=[text/html]}" onto public org.springframework.web.servlet.ModelAndView org.springframework.boot.autoconfigure.web.BasicErrorController.errorHtml(javax.servlet.http.HttpServletRequest,javax.servlet.http.HttpServletResponse)
2019-07-24 18:27:19,272 [main] INFO  org.springframework.web.servlet.handler.SimpleUrlHandlerMapping - Mapped URL path [/webjars/**] onto handler of type [class org.springframework.web.servlet.resource.ResourceHttpRequestHandler]
2019-07-24 18:27:19,273 [main] INFO  org.springframework.web.servlet.handler.SimpleUrlHandlerMapping - Mapped URL path [/**] onto handler of type [class org.springframework.web.servlet.resource.ResourceHttpRequestHandler]
2019-07-24 18:27:19,311 [main] INFO  org.springframework.web.servlet.handler.SimpleUrlHandlerMapping - Mapped URL path [/**/favicon.ico] onto handler of type [class org.springframework.web.servlet.resource.ResourceHttpRequestHandler]
2019-07-24 18:27:19,339 [main] INFO  o.s.boot.autoconfigure.web.WebMvcAutoConfiguration$WelcomePageHandlerMapping - Adding welcome page: ServletContext resource [/index.html]
2019-07-24 18:27:19,529 [main] INFO  org.springframework.jmx.export.annotation.AnnotationMBeanExporter - Registering beans for JMX exposure on startup
2019-07-24 18:27:19,548 [main] INFO  org.apache.coyote.http11.Http11NioProtocol - Initializing ProtocolHandler ["http-nio-9080"]
2019-07-24 18:27:19,565 [main] INFO  org.apache.coyote.http11.Http11NioProtocol - Starting ProtocolHandler ["http-nio-9080"]
2019-07-24 18:27:19,577 [main] INFO  org.apache.tomcat.util.net.NioSelectorPool - Using a shared selector for servlet write/read
2019-07-24 18:27:19,609 [main] INFO  org.springframework.boot.context.embedded.tomcat.TomcatEmbeddedServletContainer - Tomcat started on port(s): 9080 (http)
2019-07-24 18:27:19,613 [main] INFO  com.boot.Application - Started Application in 4.035 seconds (JVM running for 4.451)
2019-07-24 18:28:12,192 [http-nio-9080-exec-1] INFO  org.apache.catalina.core.ContainerBase.[Tomcat].[localhost].[/] - Initializing Spring FrameworkServlet 'dispatcherServlet'
2019-07-24 18:28:12,192 [http-nio-9080-exec-1] INFO  org.springframework.web.servlet.DispatcherServlet - FrameworkServlet 'dispatcherServlet': initialization started
2019-07-24 18:28:12,214 [http-nio-9080-exec-1] INFO  org.springframework.web.servlet.DispatcherServlet - FrameworkServlet 'dispatcherServlet': initialization completed in 22 ms
2019-07-24 18:28:12,333 [http-nio-9080-exec-1] INFO  com.boot.web.sysuser.controller.SysUserController - loginCheck 得到了后台的用户信息，置到全局的session中，  进入到系统管理的首页面
2019-07-24 18:28:12,351 [http-nio-9080-exec-2] INFO  com.boot.filter.SysInterceptor -  ----------------------------SysInterceptor 用户对象 sysuser 已经存在session中了，可以放行!-------------------
2019-07-24 18:28:12,352 [http-nio-9080-exec-2] INFO  com.boot.web.BaseAction -  登录验证成功，进入到系统管理的首页面
2019-07-24 18:28:14,374 [http-nio-9080-exec-5] INFO  com.boot.filter.SysInterceptor -  ----------------------------SysInterceptor 用户对象 sysuser 已经存在session中了，可以放行!-------------------
2019-07-24 18:28:14,382 [http-nio-9080-exec-6] INFO  com.boot.filter.SysInterceptor -  ----------------------------SysInterceptor 用户对象 sysuser 已经存在session中了，可以放行!-------------------
2019-07-24 18:28:14,382 [http-nio-9080-exec-7] INFO  com.boot.filter.SysInterceptor -  ----------------------------SysInterceptor 用户对象 sysuser 已经存在session中了，可以放行!-------------------
2019-07-24 18:28:14,418 [http-nio-9080-exec-8] INFO  com.boot.filter.SysInterceptor -  ----------------------------SysInterceptor 用户对象 sysuser 已经存在session中了，可以放行!-------------------
2019-07-24 18:28:24,661 [http-nio-9080-exec-1] INFO  com.boot.filter.SysInterceptor -  ----------------------------SysInterceptor sysuser 用户对象在 session中没有找到，统一返回到登录界面!-------------------
2019-07-24 18:28:24,662 [http-nio-9080-exec-2] INFO  com.boot.filter.SysInterceptor -  ----------------------------SysInterceptor sysuser 用户对象在 session中没有找到，统一返回到登录界面!-------------------
2019-07-24 18:28:24,662 [http-nio-9080-exec-3] INFO  com.boot.filter.SysInterceptor -  ----------------------------SysInterceptor sysuser 用户对象在 session中没有找到，统一返回到登录界面!-------------------
2019-07-24 18:28:24,669 [http-nio-9080-exec-4] INFO  com.boot.filter.SysInterceptor -  ----------------------------SysInterceptor sysuser 用户对象在 session中没有找到，统一返回到登录界面!-------------------
2019-07-24 18:30:45,182 [main] INFO  com.boot.Application - Starting Application on USER-20190120FQ with PID 12868 (G:\GITBRANCH_LOCAL\mybatis\4quater20190724\4quater\target\classes started by zhaozulong in G:\GITBRANCH_LOCAL\mybatis\4quater20190724\4quater)
2019-07-24 18:30:45,185 [main] INFO  com.boot.Application - No active profile set, falling back to default profiles: default
2019-07-24 18:30:45,239 [main] INFO  o.s.boot.context.embedded.AnnotationConfigEmbeddedWebApplicationContext - Refreshing org.springframework.boot.context.embedded.AnnotationConfigEmbeddedWebApplicationContext@6dc17b83: startup date [Wed Jul 24 18:30:45 CST 2019]; root of context hierarchy
2019-07-24 18:30:45,495 [background-preinit] INFO  org.hibernate.validator.internal.util.Version - HV000001: Hibernate Validator 5.3.5.Final
2019-07-24 18:30:47,011 [main] INFO  org.springframework.boot.context.embedded.tomcat.TomcatEmbeddedServletContainer - Tomcat initialized with port(s): 9080 (http)
2019-07-24 18:30:47,033 [main] INFO  org.apache.catalina.core.StandardService - Starting service [Tomcat]
2019-07-24 18:30:47,035 [main] INFO  org.apache.catalina.core.StandardEngine - Starting Servlet Engine: Apache Tomcat/8.5.20
2019-07-24 18:30:47,291 [localhost-startStop-1] INFO  org.apache.jasper.servlet.TldScanner - At least one JAR was scanned for TLDs yet contained no TLDs. Enable debug logging for this logger for a complete list of JARs that were scanned but no TLDs were found in them. Skipping unneeded JARs during scanning can improve startup time and JSP compilation time.
2019-07-24 18:30:47,296 [localhost-startStop-1] INFO  org.apache.catalina.core.ContainerBase.[Tomcat].[localhost].[/] - Initializing Spring embedded WebApplicationContext
2019-07-24 18:30:47,296 [localhost-startStop-1] INFO  org.springframework.web.context.ContextLoader - Root WebApplicationContext: initialization completed in 2057 ms
2019-07-24 18:30:47,466 [localhost-startStop-1] INFO  org.springframework.boot.web.servlet.ServletRegistrationBean - Mapping servlet: 'dispatcherServlet' to [/]
2019-07-24 18:30:47,470 [localhost-startStop-1] INFO  org.springframework.boot.web.servlet.FilterRegistrationBean - Mapping filter: 'characterEncodingFilter' to: [/*]
2019-07-24 18:30:47,470 [localhost-startStop-1] INFO  org.springframework.boot.web.servlet.FilterRegistrationBean - Mapping filter: 'hiddenHttpMethodFilter' to: [/*]
2019-07-24 18:30:47,471 [localhost-startStop-1] INFO  org.springframework.boot.web.servlet.FilterRegistrationBean - Mapping filter: 'httpPutFormContentFilter' to: [/*]
2019-07-24 18:30:47,471 [localhost-startStop-1] INFO  org.springframework.boot.web.servlet.FilterRegistrationBean - Mapping filter: 'requestContextFilter' to: [/*]
2019-07-24 18:30:47,670 [main] INFO  com.boot.Application$$EnhancerBySpringCGLIB$$ababd6d6 - weeklyplan.
2019-07-24 18:30:48,548 [main] INFO  o.springframework.web.servlet.mvc.method.annotation.RequestMappingHandlerAdapter - Looking for @ControllerAdvice: org.springframework.boot.context.embedded.AnnotationConfigEmbeddedWebApplicationContext@6dc17b83: startup date [Wed Jul 24 18:30:45 CST 2019]; root of context hierarchy
2019-07-24 18:30:48,621 [main] INFO  o.springframework.web.servlet.mvc.method.annotation.RequestMappingHandlerMapping - Mapped "{[/main/titleid]}" onto java.lang.String com.boot.web.BaseAction.main(javax.servlet.http.HttpServletRequest)
2019-07-24 18:30:48,623 [main] INFO  o.springframework.web.servlet.mvc.method.annotation.RequestMappingHandlerMapping - Mapped "{[/main/save]}" onto java.lang.String com.boot.web.BaseAction.save(javax.servlet.http.HttpServletRequest) throws java.io.UnsupportedEncodingException,java.sql.SQLException
2019-07-24 18:30:48,623 [main] INFO  o.springframework.web.servlet.mvc.method.annotation.RequestMappingHandlerMapping - Mapped "{[/main/search]}" onto java.lang.String com.boot.web.BaseAction.search(javax.servlet.http.HttpServletRequest)
2019-07-24 18:30:48,624 [main] INFO  o.springframework.web.servlet.mvc.method.annotation.RequestMappingHandlerMapping - Mapped "{[/main/systemmaintenancesave]}" onto java.lang.String com.boot.web.BaseAction.systemmaintenancesave(javax.servlet.http.HttpServletRequest) throws java.io.UnsupportedEncodingException,java.sql.SQLException
2019-07-24 18:30:48,624 [main] INFO  o.springframework.web.servlet.mvc.method.annotation.RequestMappingHandlerMapping - Mapped "{[/main/systemmaintenance]}" onto java.lang.String com.boot.web.BaseAction.systemmaintenance(javax.servlet.http.HttpServletRequest)
2019-07-24 18:30:48,624 [main] INFO  o.springframework.web.servlet.mvc.method.annotation.RequestMappingHandlerMapping - Mapped "{[/main/export]}" onto java.lang.String com.boot.web.BaseAction.export(javax.servlet.http.HttpServletRequest)
2019-07-24 18:30:48,625 [main] INFO  o.springframework.web.servlet.mvc.method.annotation.RequestMappingHandlerMapping - Mapped "{[/main/getsystem]}" onto java.lang.String com.boot.web.BaseAction.getsystem(javax.servlet.http.HttpServletRequest)
2019-07-24 18:30:48,625 [main] INFO  o.springframework.web.servlet.mvc.method.annotation.RequestMappingHandlerMapping - Mapped "{[/main/firstpage]}" onto java.lang.String com.boot.web.BaseAction.login(javax.servlet.http.HttpServletRequest)
2019-07-24 18:30:48,625 [main] INFO  o.springframework.web.servlet.mvc.method.annotation.RequestMappingHandlerMapping - Mapped "{[/main/new]}" onto java.lang.String com.boot.web.BaseAction.mainnew(javax.servlet.http.HttpServletRequest)
2019-07-24 18:30:48,626 [main] INFO  o.springframework.web.servlet.mvc.method.annotation.RequestMappingHandlerMapping - Mapped "{[/main/getTitle]}" onto java.lang.String com.boot.web.BaseAction.getTitle(javax.servlet.http.HttpServletRequest)
2019-07-24 18:30:48,626 [main] INFO  o.springframework.web.servlet.mvc.method.annotation.RequestMappingHandlerMapping - Mapped "{[/main/doing]}" onto java.lang.String com.boot.web.BaseAction.doing(java.util.Map<java.lang.String, java.lang.Object>)
2019-07-24 18:30:48,626 [main] INFO  o.springframework.web.servlet.mvc.method.annotation.RequestMappingHandlerMapping - Mapped "{[/main/nosearch]}" onto java.lang.String com.boot.web.BaseAction.nosearch(javax.servlet.http.HttpServletRequest)
2019-07-24 18:30:48,627 [main] INFO  o.springframework.web.servlet.mvc.method.annotation.RequestMappingHandlerMapping - Mapped "{[/main/getPingYinFild]}" onto java.lang.String com.boot.web.BaseAction.getPingYinFild(javax.servlet.http.HttpServletRequest)
2019-07-24 18:30:48,628 [main] INFO  o.springframework.web.servlet.mvc.method.annotation.RequestMappingHandlerMapping - Mapped "{[/loginvalidate/loginCheck]}" onto java.lang.String com.boot.web.sysuser.controller.SysUserController.loginCheck(javax.servlet.http.HttpServletRequest) throws java.io.UnsupportedEncodingException
2019-07-24 18:30:48,628 [main] INFO  o.springframework.web.servlet.mvc.method.annotation.RequestMappingHandlerMapping - Mapped "{[/loginvalidate/loginpage]}" onto org.springframework.web.servlet.ModelAndView com.boot.web.sysuser.controller.SysUserController.loginpage(javax.servlet.http.HttpServletRequest)
2019-07-24 18:30:48,633 [main] INFO  o.springframework.web.servlet.mvc.method.annotation.RequestMappingHandlerMapping - Mapped "{[/error]}" onto public org.springframework.http.ResponseEntity<java.util.Map<java.lang.String, java.lang.Object>> org.springframework.boot.autoconfigure.web.BasicErrorController.error(javax.servlet.http.HttpServletRequest)
2019-07-24 18:30:48,634 [main] INFO  o.springframework.web.servlet.mvc.method.annotation.RequestMappingHandlerMapping - Mapped "{[/error],produces=[text/html]}" onto public org.springframework.web.servlet.ModelAndView org.springframework.boot.autoconfigure.web.BasicErrorController.errorHtml(javax.servlet.http.HttpServletRequest,javax.servlet.http.HttpServletResponse)
2019-07-24 18:30:48,661 [main] INFO  org.springframework.web.servlet.handler.SimpleUrlHandlerMapping - Mapped URL path [/webjars/**] onto handler of type [class org.springframework.web.servlet.resource.ResourceHttpRequestHandler]
2019-07-24 18:30:48,661 [main] INFO  org.springframework.web.servlet.handler.SimpleUrlHandlerMapping - Mapped URL path [/**] onto handler of type [class org.springframework.web.servlet.resource.ResourceHttpRequestHandler]
2019-07-24 18:30:48,695 [main] INFO  org.springframework.web.servlet.handler.SimpleUrlHandlerMapping - Mapped URL path [/**/favicon.ico] onto handler of type [class org.springframework.web.servlet.resource.ResourceHttpRequestHandler]
2019-07-24 18:30:48,721 [main] INFO  o.s.boot.autoconfigure.web.WebMvcAutoConfiguration$WelcomePageHandlerMapping - Adding welcome page: ServletContext resource [/index.html]
2019-07-24 18:30:48,926 [main] INFO  org.springframework.jmx.export.annotation.AnnotationMBeanExporter - Registering beans for JMX exposure on startup
2019-07-24 18:30:48,940 [main] INFO  org.apache.coyote.http11.Http11NioProtocol - Initializing ProtocolHandler ["http-nio-9080"]
2019-07-24 18:30:48,952 [main] INFO  org.apache.coyote.http11.Http11NioProtocol - Starting ProtocolHandler ["http-nio-9080"]
2019-07-24 18:30:48,963 [main] INFO  org.apache.tomcat.util.net.NioSelectorPool - Using a shared selector for servlet write/read
2019-07-24 18:30:48,992 [main] INFO  org.springframework.boot.context.embedded.tomcat.TomcatEmbeddedServletContainer - Tomcat started on port(s): 9080 (http)
2019-07-24 18:30:48,996 [main] INFO  com.boot.Application - Started Application in 4.205 seconds (JVM running for 4.521)
2019-07-24 18:31:17,986 [http-nio-9080-exec-3] INFO  org.apache.catalina.core.ContainerBase.[Tomcat].[localhost].[/] - Initializing Spring FrameworkServlet 'dispatcherServlet'
2019-07-24 18:31:17,986 [http-nio-9080-exec-3] INFO  org.springframework.web.servlet.DispatcherServlet - FrameworkServlet 'dispatcherServlet': initialization started
2019-07-24 18:31:18,009 [http-nio-9080-exec-3] INFO  org.springframework.web.servlet.DispatcherServlet - FrameworkServlet 'dispatcherServlet': initialization completed in 23 ms
2019-07-24 18:31:18,134 [http-nio-9080-exec-3] INFO  com.boot.web.sysuser.controller.SysUserController - loginCheck 得到了后台的用户信息，置到全局的session中，  进入到系统管理的首页面
2019-07-24 18:31:18,149 [http-nio-9080-exec-2] INFO  com.boot.filter.SysInterceptor -  ----------------------------SysInterceptor 用户对象 sysuser 已经存在session中了，可以放行!-------------------
2019-07-24 18:31:18,150 [http-nio-9080-exec-2] INFO  com.boot.web.BaseAction -  登录验证成功，进入到系统管理的首页面
2019-07-24 18:31:20,072 [http-nio-9080-exec-6] INFO  com.boot.filter.SysInterceptor -  ----------------------------SysInterceptor 用户对象 sysuser 已经存在session中了，可以放行!-------------------
2019-07-24 18:31:20,079 [http-nio-9080-exec-8] INFO  com.boot.filter.SysInterceptor -  ----------------------------SysInterceptor 用户对象 sysuser 已经存在session中了，可以放行!-------------------
2019-07-24 18:31:20,079 [http-nio-9080-exec-7] INFO  com.boot.filter.SysInterceptor -  ----------------------------SysInterceptor 用户对象 sysuser 已经存在session中了，可以放行!-------------------
2019-07-24 18:31:20,088 [http-nio-9080-exec-9] INFO  com.boot.filter.SysInterceptor -  ----------------------------SysInterceptor 用户对象 sysuser 已经存在session中了，可以放行!-------------------
2019-07-24 18:31:35,072 [http-nio-9080-exec-3] INFO  com.boot.filter.SysInterceptor -  ----------------------------SysInterceptor sysuser 用户对象在 session中没有找到，统一返回到登录界面!-------------------
2019-07-24 18:31:35,072 [http-nio-9080-exec-2] INFO  com.boot.filter.SysInterceptor -  ----------------------------SysInterceptor sysuser 用户对象在 session中没有找到，统一返回到登录界面!-------------------
2019-07-24 18:31:35,073 [http-nio-9080-exec-3] INFO  com.boot.filter.SysInterceptor -  ---------跳转到登录界面：/loginvalidate/loginpage-------------------
2019-07-24 18:31:35,073 [http-nio-9080-exec-2] INFO  com.boot.filter.SysInterceptor -  ---------跳转到登录界面：/loginvalidate/loginpage-------------------
2019-07-24 18:31:35,077 [http-nio-9080-exec-5] INFO  com.boot.filter.SysInterceptor -  ----------------------------SysInterceptor sysuser 用户对象在 session中没有找到，统一返回到登录界面!-------------------
2019-07-24 18:31:35,077 [http-nio-9080-exec-5] INFO  com.boot.filter.SysInterceptor -  ---------跳转到登录界面：/loginvalidate/loginpage-------------------
2019-07-24 18:31:35,077 [http-nio-9080-exec-4] INFO  com.boot.filter.SysInterceptor -  ----------------------------SysInterceptor sysuser 用户对象在 session中没有找到，统一返回到登录界面!-------------------
2019-07-24 18:31:35,077 [http-nio-9080-exec-4] INFO  com.boot.filter.SysInterceptor -  ---------跳转到登录界面：/loginvalidate/loginpage-------------------
2019-07-24 18:39:35,486 [main] INFO  com.boot.Application - Starting Application on USER-20190120FQ with PID 12920 (G:\GITBRANCH_LOCAL\mybatis\4quater20190724\4quater\target\classes started by zhaozulong in G:\GITBRANCH_LOCAL\mybatis\4quater20190724\4quater)
2019-07-24 18:39:35,489 [main] INFO  com.boot.Application - No active profile set, falling back to default profiles: default
2019-07-24 18:39:35,540 [main] INFO  o.s.boot.context.embedded.AnnotationConfigEmbeddedWebApplicationContext - Refreshing org.springframework.boot.context.embedded.AnnotationConfigEmbeddedWebApplicationContext@6dc17b83: startup date [Wed Jul 24 18:39:35 CST 2019]; root of context hierarchy
2019-07-24 18:39:35,826 [background-preinit] INFO  org.hibernate.validator.internal.util.Version - HV000001: Hibernate Validator 5.3.5.Final
2019-07-24 18:39:37,237 [main] INFO  org.springframework.boot.context.embedded.tomcat.TomcatEmbeddedServletContainer - Tomcat initialized with port(s): 9080 (http)
2019-07-24 18:39:37,258 [main] INFO  org.apache.catalina.core.StandardService - Starting service [Tomcat]
2019-07-24 18:39:37,258 [main] INFO  org.apache.catalina.core.StandardEngine - Starting Servlet Engine: Apache Tomcat/8.5.20
2019-07-24 18:39:37,510 [localhost-startStop-1] INFO  org.apache.jasper.servlet.TldScanner - At least one JAR was scanned for TLDs yet contained no TLDs. Enable debug logging for this logger for a complete list of JARs that were scanned but no TLDs were found in them. Skipping unneeded JARs during scanning can improve startup time and JSP compilation time.
2019-07-24 18:39:37,516 [localhost-startStop-1] INFO  org.apache.catalina.core.ContainerBase.[Tomcat].[localhost].[/] - Initializing Spring embedded WebApplicationContext
2019-07-24 18:39:37,517 [localhost-startStop-1] INFO  org.springframework.web.context.ContextLoader - Root WebApplicationContext: initialization completed in 1977 ms
2019-07-24 18:39:37,696 [localhost-startStop-1] INFO  org.springframework.boot.web.servlet.ServletRegistrationBean - Mapping servlet: 'dispatcherServlet' to [/]
2019-07-24 18:39:37,699 [localhost-startStop-1] INFO  org.springframework.boot.web.servlet.FilterRegistrationBean - Mapping filter: 'characterEncodingFilter' to: [/*]
2019-07-24 18:39:37,699 [localhost-startStop-1] INFO  org.springframework.boot.web.servlet.FilterRegistrationBean - Mapping filter: 'hiddenHttpMethodFilter' to: [/*]
2019-07-24 18:39:37,699 [localhost-startStop-1] INFO  org.springframework.boot.web.servlet.FilterRegistrationBean - Mapping filter: 'httpPutFormContentFilter' to: [/*]
2019-07-24 18:39:37,699 [localhost-startStop-1] INFO  org.springframework.boot.web.servlet.FilterRegistrationBean - Mapping filter: 'requestContextFilter' to: [/*]
2019-07-24 18:39:37,898 [main] INFO  com.boot.Application$$EnhancerBySpringCGLIB$$c9c305db - weeklyplan.
2019-07-24 18:39:38,770 [main] INFO  o.springframework.web.servlet.mvc.method.annotation.RequestMappingHandlerAdapter - Looking for @ControllerAdvice: org.springframework.boot.context.embedded.AnnotationConfigEmbeddedWebApplicationContext@6dc17b83: startup date [Wed Jul 24 18:39:35 CST 2019]; root of context hierarchy
2019-07-24 18:39:38,852 [main] INFO  o.springframework.web.servlet.mvc.method.annotation.RequestMappingHandlerMapping - Mapped "{[/main/titleid]}" onto java.lang.String com.boot.web.BaseAction.main(javax.servlet.http.HttpServletRequest)
2019-07-24 18:39:38,854 [main] INFO  o.springframework.web.servlet.mvc.method.annotation.RequestMappingHandlerMapping - Mapped "{[/main/save]}" onto java.lang.String com.boot.web.BaseAction.save(javax.servlet.http.HttpServletRequest) throws java.io.UnsupportedEncodingException,java.sql.SQLException
2019-07-24 18:39:38,854 [main] INFO  o.springframework.web.servlet.mvc.method.annotation.RequestMappingHandlerMapping - Mapped "{[/main/search]}" onto java.lang.String com.boot.web.BaseAction.search(javax.servlet.http.HttpServletRequest)
2019-07-24 18:39:38,855 [main] INFO  o.springframework.web.servlet.mvc.method.annotation.RequestMappingHandlerMapping - Mapped "{[/main/systemmaintenance]}" onto java.lang.String com.boot.web.BaseAction.systemmaintenance(javax.servlet.http.HttpServletRequest)
2019-07-24 18:39:38,855 [main] INFO  o.springframework.web.servlet.mvc.method.annotation.RequestMappingHandlerMapping - Mapped "{[/main/systemmaintenancesave]}" onto java.lang.String com.boot.web.BaseAction.systemmaintenancesave(javax.servlet.http.HttpServletRequest) throws java.io.UnsupportedEncodingException,java.sql.SQLException
2019-07-24 18:39:38,855 [main] INFO  o.springframework.web.servlet.mvc.method.annotation.RequestMappingHandlerMapping - Mapped "{[/main/doing]}" onto java.lang.String com.boot.web.BaseAction.doing(java.util.Map<java.lang.String, java.lang.Object>)
2019-07-24 18:39:38,856 [main] INFO  o.springframework.web.servlet.mvc.method.annotation.RequestMappingHandlerMapping - Mapped "{[/main/getPingYinFild]}" onto java.lang.String com.boot.web.BaseAction.getPingYinFild(javax.servlet.http.HttpServletRequest)
2019-07-24 18:39:38,856 [main] INFO  o.springframework.web.servlet.mvc.method.annotation.RequestMappingHandlerMapping - Mapped "{[/main/getTitle]}" onto java.lang.String com.boot.web.BaseAction.getTitle(javax.servlet.http.HttpServletRequest)
2019-07-24 18:39:38,856 [main] INFO  o.springframework.web.servlet.mvc.method.annotation.RequestMappingHandlerMapping - Mapped "{[/main/new]}" onto java.lang.String com.boot.web.BaseAction.mainnew(javax.servlet.http.HttpServletRequest)
2019-07-24 18:39:38,857 [main] INFO  o.springframework.web.servlet.mvc.method.annotation.RequestMappingHandlerMapping - Mapped "{[/main/export]}" onto java.lang.String com.boot.web.BaseAction.export(javax.servlet.http.HttpServletRequest)
2019-07-24 18:39:38,858 [main] INFO  o.springframework.web.servlet.mvc.method.annotation.RequestMappingHandlerMapping - Mapped "{[/main/firstpage]}" onto java.lang.String com.boot.web.BaseAction.login(javax.servlet.http.HttpServletRequest)
2019-07-24 18:39:38,858 [main] INFO  o.springframework.web.servlet.mvc.method.annotation.RequestMappingHandlerMapping - Mapped "{[/main/getsystem]}" onto java.lang.String com.boot.web.BaseAction.getsystem(javax.servlet.http.HttpServletRequest)
2019-07-24 18:39:38,858 [main] INFO  o.springframework.web.servlet.mvc.method.annotation.RequestMappingHandlerMapping - Mapped "{[/main/nosearch]}" onto java.lang.String com.boot.web.BaseAction.nosearch(javax.servlet.http.HttpServletRequest)
2019-07-24 18:39:38,860 [main] INFO  o.springframework.web.servlet.mvc.method.annotation.RequestMappingHandlerMapping - Mapped "{[/loginvalidate/loginCheck]}" onto java.lang.String com.boot.web.sysuser.controller.SysUserController.loginCheck(javax.servlet.http.HttpServletRequest) throws java.io.UnsupportedEncodingException
2019-07-24 18:39:38,860 [main] INFO  o.springframework.web.servlet.mvc.method.annotation.RequestMappingHandlerMapping - Mapped "{[/loginvalidate/loginpage]}" onto org.springframework.web.servlet.ModelAndView com.boot.web.sysuser.controller.SysUserController.loginpage(javax.servlet.http.HttpServletRequest)
2019-07-24 18:39:38,866 [main] INFO  o.springframework.web.servlet.mvc.method.annotation.RequestMappingHandlerMapping - Mapped "{[/error]}" onto public org.springframework.http.ResponseEntity<java.util.Map<java.lang.String, java.lang.Object>> org.springframework.boot.autoconfigure.web.BasicErrorController.error(javax.servlet.http.HttpServletRequest)
2019-07-24 18:39:38,866 [main] INFO  o.springframework.web.servlet.mvc.method.annotation.RequestMappingHandlerMapping - Mapped "{[/error],produces=[text/html]}" onto public org.springframework.web.servlet.ModelAndView org.springframework.boot.autoconfigure.web.BasicErrorController.errorHtml(javax.servlet.http.HttpServletRequest,javax.servlet.http.HttpServletResponse)
2019-07-24 18:39:38,898 [main] INFO  org.springframework.web.servlet.handler.SimpleUrlHandlerMapping - Mapped URL path [/webjars/**] onto handler of type [class org.springframework.web.servlet.resource.ResourceHttpRequestHandler]
2019-07-24 18:39:38,898 [main] INFO  org.springframework.web.servlet.handler.SimpleUrlHandlerMapping - Mapped URL path [/**] onto handler of type [class org.springframework.web.servlet.resource.ResourceHttpRequestHandler]
2019-07-24 18:39:38,938 [main] INFO  org.springframework.web.servlet.handler.SimpleUrlHandlerMapping - Mapped URL path [/**/favicon.ico] onto handler of type [class org.springframework.web.servlet.resource.ResourceHttpRequestHandler]
2019-07-24 18:39:38,968 [main] INFO  o.s.boot.autoconfigure.web.WebMvcAutoConfiguration$WelcomePageHandlerMapping - Adding welcome page: ServletContext resource [/index.html]
2019-07-24 18:39:39,168 [main] INFO  org.springframework.jmx.export.annotation.AnnotationMBeanExporter - Registering beans for JMX exposure on startup
2019-07-24 18:39:39,187 [main] INFO  org.apache.coyote.http11.Http11NioProtocol - Initializing ProtocolHandler ["http-nio-9080"]
2019-07-24 18:39:39,203 [main] INFO  org.apache.coyote.http11.Http11NioProtocol - Starting ProtocolHandler ["http-nio-9080"]
2019-07-24 18:39:39,216 [main] INFO  org.apache.tomcat.util.net.NioSelectorPool - Using a shared selector for servlet write/read
2019-07-24 18:39:39,249 [main] INFO  org.springframework.boot.context.embedded.tomcat.TomcatEmbeddedServletContainer - Tomcat started on port(s): 9080 (http)
2019-07-24 18:39:39,255 [main] INFO  com.boot.Application - Started Application in 4.194 seconds (JVM running for 4.512)
2019-07-24 18:39:48,430 [http-nio-9080-exec-1] INFO  org.apache.catalina.core.ContainerBase.[Tomcat].[localhost].[/] - Initializing Spring FrameworkServlet 'dispatcherServlet'
2019-07-24 18:39:48,431 [http-nio-9080-exec-1] INFO  org.springframework.web.servlet.DispatcherServlet - FrameworkServlet 'dispatcherServlet': initialization started
2019-07-24 18:39:48,447 [http-nio-9080-exec-1] INFO  org.springframework.web.servlet.DispatcherServlet - FrameworkServlet 'dispatcherServlet': initialization completed in 16 ms
2019-07-24 18:39:49,234 [http-nio-9080-exec-4] INFO  com.boot.filter.SysInterceptor -  ----------------------------SysInterceptor sysuser 用户对象在 session中没有找到，统一返回到登录界面!-------------------
2019-07-24 18:39:49,234 [http-nio-9080-exec-7] INFO  com.boot.filter.SysInterceptor -  ----------------------------SysInterceptor sysuser 用户对象在 session中没有找到，统一返回到登录界面!-------------------
2019-07-24 18:39:49,235 [http-nio-9080-exec-4] INFO  com.boot.filter.SysInterceptor -  ---------跳转到登录界面：/loginvalidate/loginpage-------------------
2019-07-24 18:39:49,235 [http-nio-9080-exec-6] INFO  com.boot.filter.SysInterceptor -  ----------------------------SysInterceptor sysuser 用户对象在 session中没有找到，统一返回到登录界面!-------------------
2019-07-24 18:39:49,235 [http-nio-9080-exec-7] INFO  com.boot.filter.SysInterceptor -  ---------跳转到登录界面：/loginvalidate/loginpage-------------------
2019-07-24 18:39:49,235 [http-nio-9080-exec-6] INFO  com.boot.filter.SysInterceptor -  ---------跳转到登录界面：/loginvalidate/loginpage-------------------
2019-07-24 18:39:49,235 [http-nio-9080-exec-5] INFO  com.boot.filter.SysInterceptor -  ----------------------------SysInterceptor sysuser 用户对象在 session中没有找到，统一返回到登录界面!-------------------
2019-07-24 18:39:49,235 [http-nio-9080-exec-5] INFO  com.boot.filter.SysInterceptor -  ---------跳转到登录界面：/loginvalidate/loginpage-------------------
2019-07-24 18:54:04,268 [main] INFO  com.boot.Application - Starting Application on USER-20190120FQ with PID 20324 (G:\GITBRANCH_LOCAL\mybatis\4quater20190724\4quater\target\classes started by zhaozulong in G:\GITBRANCH_LOCAL\mybatis\4quater20190724\4quater)
2019-07-24 18:54:04,271 [main] INFO  com.boot.Application - No active profile set, falling back to default profiles: default
2019-07-24 18:54:04,321 [main] INFO  o.s.boot.context.embedded.AnnotationConfigEmbeddedWebApplicationContext - Refreshing org.springframework.boot.context.embedded.AnnotationConfigEmbeddedWebApplicationContext@6dc17b83: startup date [Wed Jul 24 18:54:04 CST 2019]; root of context hierarchy
2019-07-24 18:54:04,592 [background-preinit] INFO  org.hibernate.validator.internal.util.Version - HV000001: Hibernate Validator 5.3.5.Final
2019-07-24 18:54:06,004 [main] INFO  org.springframework.boot.context.embedded.tomcat.TomcatEmbeddedServletContainer - Tomcat initialized with port(s): 9080 (http)
2019-07-24 18:54:06,025 [main] INFO  org.apache.catalina.core.StandardService - Starting service [Tomcat]
2019-07-24 18:54:06,026 [main] INFO  org.apache.catalina.core.StandardEngine - Starting Servlet Engine: Apache Tomcat/8.5.20
2019-07-24 18:54:06,298 [localhost-startStop-1] INFO  org.apache.jasper.servlet.TldScanner - At least one JAR was scanned for TLDs yet contained no TLDs. Enable debug logging for this logger for a complete list of JARs that were scanned but no TLDs were found in them. Skipping unneeded JARs during scanning can improve startup time and JSP compilation time.
2019-07-24 18:54:06,304 [localhost-startStop-1] INFO  org.apache.catalina.core.ContainerBase.[Tomcat].[localhost].[/] - Initializing Spring embedded WebApplicationContext
2019-07-24 18:54:06,304 [localhost-startStop-1] INFO  org.springframework.web.context.ContextLoader - Root WebApplicationContext: initialization completed in 1983 ms
2019-07-24 18:54:06,471 [localhost-startStop-1] INFO  org.springframework.boot.web.servlet.ServletRegistrationBean - Mapping servlet: 'dispatcherServlet' to [/]
2019-07-24 18:54:06,474 [localhost-startStop-1] INFO  org.springframework.boot.web.servlet.FilterRegistrationBean - Mapping filter: 'characterEncodingFilter' to: [/*]
2019-07-24 18:54:06,474 [localhost-startStop-1] INFO  org.springframework.boot.web.servlet.FilterRegistrationBean - Mapping filter: 'hiddenHttpMethodFilter' to: [/*]
2019-07-24 18:54:06,474 [localhost-startStop-1] INFO  org.springframework.boot.web.servlet.FilterRegistrationBean - Mapping filter: 'httpPutFormContentFilter' to: [/*]
2019-07-24 18:54:06,475 [localhost-startStop-1] INFO  org.springframework.boot.web.servlet.FilterRegistrationBean - Mapping filter: 'requestContextFilter' to: [/*]
2019-07-24 18:54:06,717 [main] INFO  com.boot.Application$$EnhancerBySpringCGLIB$$995bac6f - weeklyplan.
2019-07-24 18:54:07,584 [main] INFO  o.springframework.web.servlet.mvc.method.annotation.RequestMappingHandlerAdapter - Looking for @ControllerAdvice: org.springframework.boot.context.embedded.AnnotationConfigEmbeddedWebApplicationContext@6dc17b83: startup date [Wed Jul 24 18:54:04 CST 2019]; root of context hierarchy
2019-07-24 18:54:07,669 [main] INFO  o.springframework.web.servlet.mvc.method.annotation.RequestMappingHandlerMapping - Mapped "{[/main/titleid]}" onto java.lang.String com.boot.web.BaseAction.main(javax.servlet.http.HttpServletRequest)
2019-07-24 18:54:07,670 [main] INFO  o.springframework.web.servlet.mvc.method.annotation.RequestMappingHandlerMapping - Mapped "{[/main/save]}" onto java.lang.String com.boot.web.BaseAction.save(javax.servlet.http.HttpServletRequest) throws java.io.UnsupportedEncodingException,java.sql.SQLException
2019-07-24 18:54:07,671 [main] INFO  o.springframework.web.servlet.mvc.method.annotation.RequestMappingHandlerMapping - Mapped "{[/main/search]}" onto java.lang.String com.boot.web.BaseAction.search(javax.servlet.http.HttpServletRequest)
2019-07-24 18:54:07,671 [main] INFO  o.springframework.web.servlet.mvc.method.annotation.RequestMappingHandlerMapping - Mapped "{[/main/systemmaintenance]}" onto java.lang.String com.boot.web.BaseAction.systemmaintenance(javax.servlet.http.HttpServletRequest)
2019-07-24 18:54:07,672 [main] INFO  o.springframework.web.servlet.mvc.method.annotation.RequestMappingHandlerMapping - Mapped "{[/main/systemmaintenancesave]}" onto java.lang.String com.boot.web.BaseAction.systemmaintenancesave(javax.servlet.http.HttpServletRequest) throws java.io.UnsupportedEncodingException,java.sql.SQLException
2019-07-24 18:54:07,672 [main] INFO  o.springframework.web.servlet.mvc.method.annotation.RequestMappingHandlerMapping - Mapped "{[/main/new]}" onto java.lang.String com.boot.web.BaseAction.mainnew(javax.servlet.http.HttpServletRequest)
2019-07-24 18:54:07,673 [main] INFO  o.springframework.web.servlet.mvc.method.annotation.RequestMappingHandlerMapping - Mapped "{[/main/doing]}" onto java.lang.String com.boot.web.BaseAction.doing(java.util.Map<java.lang.String, java.lang.Object>)
2019-07-24 18:54:07,673 [main] INFO  o.springframework.web.servlet.mvc.method.annotation.RequestMappingHandlerMapping - Mapped "{[/main/nosearch]}" onto java.lang.String com.boot.web.BaseAction.nosearch(javax.servlet.http.HttpServletRequest)
2019-07-24 18:54:07,673 [main] INFO  o.springframework.web.servlet.mvc.method.annotation.RequestMappingHandlerMapping - Mapped "{[/main/getTitle]}" onto java.lang.String com.boot.web.BaseAction.getTitle(javax.servlet.http.HttpServletRequest)
2019-07-24 18:54:07,674 [main] INFO  o.springframework.web.servlet.mvc.method.annotation.RequestMappingHandlerMapping - Mapped "{[/main/getsystem]}" onto java.lang.String com.boot.web.BaseAction.getsystem(javax.servlet.http.HttpServletRequest)
2019-07-24 18:54:07,674 [main] INFO  o.springframework.web.servlet.mvc.method.annotation.RequestMappingHandlerMapping - Mapped "{[/main/firstpage]}" onto java.lang.String com.boot.web.BaseAction.login(javax.servlet.http.HttpServletRequest)
2019-07-24 18:54:07,674 [main] INFO  o.springframework.web.servlet.mvc.method.annotation.RequestMappingHandlerMapping - Mapped "{[/main/getPingYinFild]}" onto java.lang.String com.boot.web.BaseAction.getPingYinFild(javax.servlet.http.HttpServletRequest)
2019-07-24 18:54:07,675 [main] INFO  o.springframework.web.servlet.mvc.method.annotation.RequestMappingHandlerMapping - Mapped "{[/main/export]}" onto java.lang.String com.boot.web.BaseAction.export(javax.servlet.http.HttpServletRequest)
2019-07-24 18:54:07,676 [main] INFO  o.springframework.web.servlet.mvc.method.annotation.RequestMappingHandlerMapping - Mapped "{[/loginvalidate/loginCheck]}" onto java.lang.String com.boot.web.sysuser.controller.SysUserController.loginCheck(javax.servlet.http.HttpServletRequest) throws java.io.UnsupportedEncodingException
2019-07-24 18:54:07,677 [main] INFO  o.springframework.web.servlet.mvc.method.annotation.RequestMappingHandlerMapping - Mapped "{[/loginvalidate/loginpage]}" onto org.springframework.web.servlet.ModelAndView com.boot.web.sysuser.controller.SysUserController.loginpage(javax.servlet.http.HttpServletRequest)
2019-07-24 18:54:07,683 [main] INFO  o.springframework.web.servlet.mvc.method.annotation.RequestMappingHandlerMapping - Mapped "{[/error]}" onto public org.springframework.http.ResponseEntity<java.util.Map<java.lang.String, java.lang.Object>> org.springframework.boot.autoconfigure.web.BasicErrorController.error(javax.servlet.http.HttpServletRequest)
2019-07-24 18:54:07,684 [main] INFO  o.springframework.web.servlet.mvc.method.annotation.RequestMappingHandlerMapping - Mapped "{[/error],produces=[text/html]}" onto public org.springframework.web.servlet.ModelAndView org.springframework.boot.autoconfigure.web.BasicErrorController.errorHtml(javax.servlet.http.HttpServletRequest,javax.servlet.http.HttpServletResponse)
2019-07-24 18:54:07,715 [main] INFO  org.springframework.web.servlet.handler.SimpleUrlHandlerMapping - Mapped URL path [/webjars/**] onto handler of type [class org.springframework.web.servlet.resource.ResourceHttpRequestHandler]
2019-07-24 18:54:07,715 [main] INFO  org.springframework.web.servlet.handler.SimpleUrlHandlerMapping - Mapped URL path [/**] onto handler of type [class org.springframework.web.servlet.resource.ResourceHttpRequestHandler]
2019-07-24 18:54:07,762 [main] INFO  org.springframework.web.servlet.handler.SimpleUrlHandlerMapping - Mapped URL path [/**/favicon.ico] onto handler of type [class org.springframework.web.servlet.resource.ResourceHttpRequestHandler]
2019-07-24 18:54:07,792 [main] INFO  o.s.boot.autoconfigure.web.WebMvcAutoConfiguration$WelcomePageHandlerMapping - Adding welcome page: ServletContext resource [/index.html]
2019-07-24 18:54:07,992 [main] INFO  org.springframework.jmx.export.annotation.AnnotationMBeanExporter - Registering beans for JMX exposure on startup
2019-07-24 18:54:08,010 [main] INFO  org.apache.coyote.http11.Http11NioProtocol - Initializing ProtocolHandler ["http-nio-9080"]
2019-07-24 18:54:08,022 [main] INFO  org.apache.coyote.http11.Http11NioProtocol - Starting ProtocolHandler ["http-nio-9080"]
2019-07-24 18:54:08,034 [main] INFO  org.apache.tomcat.util.net.NioSelectorPool - Using a shared selector for servlet write/read
2019-07-24 18:54:08,060 [main] INFO  org.springframework.boot.context.embedded.tomcat.TomcatEmbeddedServletContainer - Tomcat started on port(s): 9080 (http)
2019-07-24 18:54:08,066 [main] INFO  com.boot.Application - Started Application in 4.183 seconds (JVM running for 4.494)
2019-07-24 18:54:42,378 [http-nio-9080-exec-1] INFO  org.apache.catalina.core.ContainerBase.[Tomcat].[localhost].[/] - Initializing Spring FrameworkServlet 'dispatcherServlet'
2019-07-24 18:54:42,378 [http-nio-9080-exec-1] INFO  org.springframework.web.servlet.DispatcherServlet - FrameworkServlet 'dispatcherServlet': initialization started
2019-07-24 18:54:42,397 [http-nio-9080-exec-1] INFO  org.springframework.web.servlet.DispatcherServlet - FrameworkServlet 'dispatcherServlet': initialization completed in 19 ms
2019-07-24 18:54:43,010 [http-nio-9080-exec-5] INFO  com.boot.filter.SysInterceptor -  ----------------------------SysInterceptor sysuser 用户对象在 session中没有找到，统一返回到登录界面!-------------------
2019-07-24 18:54:43,010 [http-nio-9080-exec-4] INFO  com.boot.filter.SysInterceptor -  ----------------------------SysInterceptor sysuser 用户对象在 session中没有找到，统一返回到登录界面!-------------------
2019-07-24 18:54:43,011 [http-nio-9080-exec-3] INFO  com.boot.filter.SysInterceptor -  ----------------------------SysInterceptor sysuser 用户对象在 session中没有找到，统一返回到登录界面!-------------------
2019-07-24 18:54:43,011 [http-nio-9080-exec-6] INFO  com.boot.filter.SysInterceptor -  ----------------------------SysInterceptor sysuser 用户对象在 session中没有找到，统一返回到登录界面!-------------------
2019-07-24 18:57:53,975 [main] INFO  com.boot.Application - Starting Application on USER-20190120FQ with PID 19772 (G:\GITBRANCH_LOCAL\mybatis\4quater20190724\4quater\target\classes started by zhaozulong in G:\GITBRANCH_LOCAL\mybatis\4quater20190724\4quater)
2019-07-24 18:57:53,978 [main] INFO  com.boot.Application - No active profile set, falling back to default profiles: default
2019-07-24 18:57:54,033 [main] INFO  o.s.boot.context.embedded.AnnotationConfigEmbeddedWebApplicationContext - Refreshing org.springframework.boot.context.embedded.AnnotationConfigEmbeddedWebApplicationContext@6dc17b83: startup date [Wed Jul 24 18:57:54 CST 2019]; root of context hierarchy
2019-07-24 18:57:54,352 [background-preinit] INFO  org.hibernate.validator.internal.util.Version - HV000001: Hibernate Validator 5.3.5.Final
2019-07-24 18:57:55,827 [main] INFO  org.springframework.boot.context.embedded.tomcat.TomcatEmbeddedServletContainer - Tomcat initialized with port(s): 9080 (http)
2019-07-24 18:57:55,848 [main] INFO  org.apache.catalina.core.StandardService - Starting service [Tomcat]
2019-07-24 18:57:55,850 [main] INFO  org.apache.catalina.core.StandardEngine - Starting Servlet Engine: Apache Tomcat/8.5.20
2019-07-24 18:57:56,102 [localhost-startStop-1] INFO  org.apache.jasper.servlet.TldScanner - At least one JAR was scanned for TLDs yet contained no TLDs. Enable debug logging for this logger for a complete list of JARs that were scanned but no TLDs were found in them. Skipping unneeded JARs during scanning can improve startup time and JSP compilation time.
2019-07-24 18:57:56,108 [localhost-startStop-1] INFO  org.apache.catalina.core.ContainerBase.[Tomcat].[localhost].[/] - Initializing Spring embedded WebApplicationContext
2019-07-24 18:57:56,108 [localhost-startStop-1] INFO  org.springframework.web.context.ContextLoader - Root WebApplicationContext: initialization completed in 2076 ms
2019-07-24 18:57:56,278 [localhost-startStop-1] INFO  org.springframework.boot.web.servlet.ServletRegistrationBean - Mapping servlet: 'dispatcherServlet' to [/]
2019-07-24 18:57:56,282 [localhost-startStop-1] INFO  org.springframework.boot.web.servlet.FilterRegistrationBean - Mapping filter: 'characterEncodingFilter' to: [/*]
2019-07-24 18:57:56,283 [localhost-startStop-1] INFO  org.springframework.boot.web.servlet.FilterRegistrationBean - Mapping filter: 'hiddenHttpMethodFilter' to: [/*]
2019-07-24 18:57:56,283 [localhost-startStop-1] INFO  org.springframework.boot.web.servlet.FilterRegistrationBean - Mapping filter: 'httpPutFormContentFilter' to: [/*]
2019-07-24 18:57:56,283 [localhost-startStop-1] INFO  org.springframework.boot.web.servlet.FilterRegistrationBean - Mapping filter: 'requestContextFilter' to: [/*]
2019-07-24 18:57:56,510 [main] INFO  com.boot.Application$$EnhancerBySpringCGLIB$$917c8f8f - weeklyplan.
2019-07-24 18:57:57,408 [main] INFO  o.springframework.web.servlet.mvc.method.annotation.RequestMappingHandlerAdapter - Looking for @ControllerAdvice: org.springframework.boot.context.embedded.AnnotationConfigEmbeddedWebApplicationContext@6dc17b83: startup date [Wed Jul 24 18:57:54 CST 2019]; root of context hierarchy
2019-07-24 18:57:57,497 [main] INFO  o.springframework.web.servlet.mvc.method.annotation.RequestMappingHandlerMapping - Mapped "{[/main/titleid]}" onto java.lang.String com.boot.web.BaseAction.main(javax.servlet.http.HttpServletRequest)
2019-07-24 18:57:57,498 [main] INFO  o.springframework.web.servlet.mvc.method.annotation.RequestMappingHandlerMapping - Mapped "{[/main/save]}" onto java.lang.String com.boot.web.BaseAction.save(javax.servlet.http.HttpServletRequest) throws java.io.UnsupportedEncodingException,java.sql.SQLException
2019-07-24 18:57:57,498 [main] INFO  o.springframework.web.servlet.mvc.method.annotation.RequestMappingHandlerMapping - Mapped "{[/main/search]}" onto java.lang.String com.boot.web.BaseAction.search(javax.servlet.http.HttpServletRequest)
2019-07-24 18:57:57,499 [main] INFO  o.springframework.web.servlet.mvc.method.annotation.RequestMappingHandlerMapping - Mapped "{[/main/systemmaintenance]}" onto java.lang.String com.boot.web.BaseAction.systemmaintenance(javax.servlet.http.HttpServletRequest)
2019-07-24 18:57:57,499 [main] INFO  o.springframework.web.servlet.mvc.method.annotation.RequestMappingHandlerMapping - Mapped "{[/main/systemmaintenancesave]}" onto java.lang.String com.boot.web.BaseAction.systemmaintenancesave(javax.servlet.http.HttpServletRequest) throws java.io.UnsupportedEncodingException,java.sql.SQLException
2019-07-24 18:57:57,500 [main] INFO  o.springframework.web.servlet.mvc.method.annotation.RequestMappingHandlerMapping - Mapped "{[/main/getPingYinFild]}" onto java.lang.String com.boot.web.BaseAction.getPingYinFild(javax.servlet.http.HttpServletRequest)
2019-07-24 18:57:57,500 [main] INFO  o.springframework.web.servlet.mvc.method.annotation.RequestMappingHandlerMapping - Mapped "{[/main/doing]}" onto java.lang.String com.boot.web.BaseAction.doing(java.util.Map<java.lang.String, java.lang.Object>)
2019-07-24 18:57:57,500 [main] INFO  o.springframework.web.servlet.mvc.method.annotation.RequestMappingHandlerMapping - Mapped "{[/main/export]}" onto java.lang.String com.boot.web.BaseAction.export(javax.servlet.http.HttpServletRequest)
2019-07-24 18:57:57,501 [main] INFO  o.springframework.web.servlet.mvc.method.annotation.RequestMappingHandlerMapping - Mapped "{[/main/new]}" onto java.lang.String com.boot.web.BaseAction.mainnew(javax.servlet.http.HttpServletRequest)
2019-07-24 18:57:57,501 [main] INFO  o.springframework.web.servlet.mvc.method.annotation.RequestMappingHandlerMapping - Mapped "{[/main/nosearch]}" onto java.lang.String com.boot.web.BaseAction.nosearch(javax.servlet.http.HttpServletRequest)
2019-07-24 18:57:57,501 [main] INFO  o.springframework.web.servlet.mvc.method.annotation.RequestMappingHandlerMapping - Mapped "{[/main/getTitle]}" onto java.lang.String com.boot.web.BaseAction.getTitle(javax.servlet.http.HttpServletRequest)
2019-07-24 18:57:57,502 [main] INFO  o.springframework.web.servlet.mvc.method.annotation.RequestMappingHandlerMapping - Mapped "{[/main/getsystem]}" onto java.lang.String com.boot.web.BaseAction.getsystem(javax.servlet.http.HttpServletRequest)
2019-07-24 18:57:57,502 [main] INFO  o.springframework.web.servlet.mvc.method.annotation.RequestMappingHandlerMapping - Mapped "{[/main/firstpage]}" onto java.lang.String com.boot.web.BaseAction.login(javax.servlet.http.HttpServletRequest)
2019-07-24 18:57:57,504 [main] INFO  o.springframework.web.servlet.mvc.method.annotation.RequestMappingHandlerMapping - Mapped "{[/loginvalidate/loginpage]}" onto org.springframework.web.servlet.ModelAndView com.boot.web.sysuser.controller.SysUserController.loginpage(javax.servlet.http.HttpServletRequest)
2019-07-24 18:57:57,504 [main] INFO  o.springframework.web.servlet.mvc.method.annotation.RequestMappingHandlerMapping - Mapped "{[/loginvalidate/loginCheck]}" onto java.lang.String com.boot.web.sysuser.controller.SysUserController.loginCheck(javax.servlet.http.HttpServletRequest) throws java.io.UnsupportedEncodingException
2019-07-24 18:57:57,510 [main] INFO  o.springframework.web.servlet.mvc.method.annotation.RequestMappingHandlerMapping - Mapped "{[/error]}" onto public org.springframework.http.ResponseEntity<java.util.Map<java.lang.String, java.lang.Object>> org.springframework.boot.autoconfigure.web.BasicErrorController.error(javax.servlet.http.HttpServletRequest)
2019-07-24 18:57:57,511 [main] INFO  o.springframework.web.servlet.mvc.method.annotation.RequestMappingHandlerMapping - Mapped "{[/error],produces=[text/html]}" onto public org.springframework.web.servlet.ModelAndView org.springframework.boot.autoconfigure.web.BasicErrorController.errorHtml(javax.servlet.http.HttpServletRequest,javax.servlet.http.HttpServletResponse)
2019-07-24 18:57:57,542 [main] INFO  org.springframework.web.servlet.handler.SimpleUrlHandlerMapping - Mapped URL path [/webjars/**] onto handler of type [class org.springframework.web.servlet.resource.ResourceHttpRequestHandler]
2019-07-24 18:57:57,543 [main] INFO  org.springframework.web.servlet.handler.SimpleUrlHandlerMapping - Mapped URL path [/**] onto handler of type [class org.springframework.web.servlet.resource.ResourceHttpRequestHandler]
2019-07-24 18:57:57,586 [main] INFO  org.springframework.web.servlet.handler.SimpleUrlHandlerMapping - Mapped URL path [/**/favicon.ico] onto handler of type [class org.springframework.web.servlet.resource.ResourceHttpRequestHandler]
2019-07-24 18:57:57,617 [main] INFO  o.s.boot.autoconfigure.web.WebMvcAutoConfiguration$WelcomePageHandlerMapping - Adding welcome page: ServletContext resource [/index.html]
2019-07-24 18:57:57,813 [main] INFO  org.springframework.jmx.export.annotation.AnnotationMBeanExporter - Registering beans for JMX exposure on startup
2019-07-24 18:57:57,832 [main] INFO  org.apache.coyote.http11.Http11NioProtocol - Initializing ProtocolHandler ["http-nio-9080"]
2019-07-24 18:57:57,846 [main] INFO  org.apache.coyote.http11.Http11NioProtocol - Starting ProtocolHandler ["http-nio-9080"]
2019-07-24 18:57:57,856 [main] INFO  org.apache.tomcat.util.net.NioSelectorPool - Using a shared selector for servlet write/read
2019-07-24 18:57:57,887 [main] INFO  org.springframework.boot.context.embedded.tomcat.TomcatEmbeddedServletContainer - Tomcat started on port(s): 9080 (http)
2019-07-24 18:57:57,893 [main] INFO  com.boot.Application - Started Application in 4.291 seconds (JVM running for 4.622)
2019-07-24 18:58:48,998 [http-nio-9080-exec-1] INFO  org.apache.catalina.core.ContainerBase.[Tomcat].[localhost].[/] - Initializing Spring FrameworkServlet 'dispatcherServlet'
2019-07-24 18:58:48,998 [http-nio-9080-exec-1] INFO  org.springframework.web.servlet.DispatcherServlet - FrameworkServlet 'dispatcherServlet': initialization started
2019-07-24 18:58:49,015 [http-nio-9080-exec-1] INFO  org.springframework.web.servlet.DispatcherServlet - FrameworkServlet 'dispatcherServlet': initialization completed in 17 ms
2019-07-24 18:58:49,699 [http-nio-9080-exec-4] INFO  com.boot.filter.SysInterceptor -  ----------------------------SysInterceptor sysuser 用户对象在 session中没有找到，统一返回到登录界面!-------------------
2019-07-24 18:58:49,699 [http-nio-9080-exec-7] INFO  com.boot.filter.SysInterceptor -  ----------------------------SysInterceptor sysuser 用户对象在 session中没有找到，统一返回到登录界面!-------------------
2019-07-24 18:58:49,699 [http-nio-9080-exec-5] INFO  com.boot.filter.SysInterceptor -  ----------------------------SysInterceptor sysuser 用户对象在 session中没有找到，统一返回到登录界面!-------------------
2019-07-24 18:58:49,699 [http-nio-9080-exec-6] INFO  com.boot.filter.SysInterceptor -  ----------------------------SysInterceptor sysuser 用户对象在 session中没有找到，统一返回到登录界面!-------------------
2019-07-24 18:58:49,732 [http-nio-9080-exec-6] INFO  com.boot.filter.SysInterceptor -  ---------跳转到登录界面：/loginvalidate/loginpage-------------------
2019-07-24 18:58:49,732 [http-nio-9080-exec-4] INFO  com.boot.filter.SysInterceptor -  ---------跳转到登录界面：/loginvalidate/loginpage-------------------
2019-07-24 18:58:49,732 [http-nio-9080-exec-5] INFO  com.boot.filter.SysInterceptor -  ---------跳转到登录界面：/loginvalidate/loginpage-------------------
2019-07-24 18:58:49,732 [http-nio-9080-exec-7] INFO  com.boot.filter.SysInterceptor -  ---------跳转到登录界面：/loginvalidate/loginpage-------------------
