2019-08-10 07:12:03,769 [main] INFO  com.boot.Application - Starting Application on USER-20190120FQ with PID 17284 (G:\GITBRANCH_LOCAL\sharewithothers\4quater\target\classes started by zhaozulong in G:\GITBRANCH_LOCAL\sharewithothers\4quater)
2019-08-10 07:12:03,774 [main] INFO  com.boot.Application - No active profile set, falling back to default profiles: default
2019-08-10 07:12:08,806 [main] INFO  org.springframework.context.annotation.ConfigurationClassPostProcessor - Cannot enhance @Configuration bean definition 'beetlConf' since its singleton instance has been created too early. The typical cause is a non-static @Bean method with a BeanDefinitionRegistryPostProcessor return type: Consider declaring such methods as 'static'.
2019-08-10 07:12:09,380 [main] INFO  o.s.context.support.PostProcessorRegistrationDelegate$BeanPostProcessorChecker - Bean 'org.springframework.transaction.annotation.ProxyTransactionManagementConfiguration' of type [org.springframework.transaction.annotation.ProxyTransactionManagementConfiguration$$EnhancerBySpringCGLIB$$14193cb1] is not eligible for getting processed by all BeanPostProcessors (for example: not eligible for auto-proxying)
2019-08-10 07:12:10,343 [main] INFO  org.springframework.boot.web.embedded.tomcat.TomcatWebServer - Tomcat initialized with port(s): 9080 (http)
2019-08-10 07:12:10,376 [main] INFO  org.apache.coyote.http11.Http11NioProtocol - Initializing ProtocolHandler ["http-nio-9080"]
2019-08-10 07:12:10,392 [main] INFO  org.apache.catalina.core.StandardService - Starting service [Tomcat]
2019-08-10 07:12:10,393 [main] INFO  org.apache.catalina.core.StandardEngine - Starting Servlet engine: [Apache Tomcat/9.0.21]
2019-08-10 07:12:10,754 [main] INFO  org.apache.jasper.servlet.TldScanner - At least one JAR was scanned for TLDs yet contained no TLDs. Enable debug logging for this logger for a complete list of JARs that were scanned but no TLDs were found in them. Skipping unneeded JARs during scanning can improve startup time and JSP compilation time.
2019-08-10 07:12:10,764 [main] INFO  org.apache.catalina.core.ContainerBase.[Tomcat].[localhost].[/] - Initializing Spring embedded WebApplicationContext
2019-08-10 07:12:10,765 [main] INFO  org.springframework.web.context.ContextLoader - Root WebApplicationContext: initialization completed in 6874 ms
2019-08-10 07:12:10,983 [main] INFO  org.springframework.cache.ehcache.EhCacheManagerFactoryBean - Initializing EhCache CacheManager
2019-08-10 07:12:11,757 [main] INFO  com.boot.Application$$EnhancerBySpringCGLIB$$4daa4837 - weeklyplan.
2019-08-10 07:12:11,770 [main] INFO  com.zaxxer.hikari.HikariDataSource - HikariPool-1 - Starting...
2019-08-10 07:12:11,995 [main] INFO  com.zaxxer.hikari.HikariDataSource - HikariPool-1 - Start completed.
2019-08-10 07:12:13,985 [main] INFO  org.springframework.scheduling.concurrent.ThreadPoolTaskExecutor - Initializing ExecutorService 'applicationTaskExecutor'
2019-08-10 07:12:14,330 [main] INFO  org.springframework.boot.autoconfigure.web.servlet.WelcomePageHandlerMapping - Adding welcome page: ServletContext resource [/index.html]
2019-08-10 07:12:14,401 [main] INFO  tk.mybatis.mapper.autoconfigure.MapperCacheDisabler - Clear tk.mybatis.mapper.genid.GenIdUtil CACHE cache.
2019-08-10 07:12:14,402 [main] INFO  tk.mybatis.mapper.autoconfigure.MapperCacheDisabler - Clear tk.mybatis.mapper.version.VersionUtil CACHE cache.
2019-08-10 07:12:14,404 [main] INFO  tk.mybatis.mapper.autoconfigure.MapperCacheDisabler - Clear EntityHelper entityTableMap cache.
2019-08-10 07:12:14,762 [main] INFO  org.springframework.boot.actuate.endpoint.web.EndpointLinksResolver - Exposing 15 endpoint(s) beneath base path '/actuator'
2019-08-10 07:12:14,852 [main] INFO  org.apache.coyote.http11.Http11NioProtocol - Starting ProtocolHandler ["http-nio-9080"]
2019-08-10 07:12:14,928 [main] INFO  org.springframework.boot.web.embedded.tomcat.TomcatWebServer - Tomcat started on port(s): 9080 (http) with context path ''
2019-08-10 07:12:14,933 [main] INFO  com.boot.Application - Started Application in 12.17 seconds (JVM running for 12.774)
2019-08-10 07:15:37,028 [http-nio-9080-exec-1] INFO  org.apache.catalina.core.ContainerBase.[Tomcat].[localhost].[/] - Initializing Spring DispatcherServlet 'dispatcherServlet'
2019-08-10 07:15:37,028 [http-nio-9080-exec-1] INFO  org.springframework.web.servlet.DispatcherServlet - Initializing Servlet 'dispatcherServlet'
2019-08-10 07:15:37,053 [http-nio-9080-exec-1] INFO  org.springframework.web.servlet.DispatcherServlet - Completed initialization in 24 ms
2019-08-10 07:15:41,337 [http-nio-9080-exec-6] INFO  com.boot.web.sys.controller.SysUserController - loginCheck 得到了后台的用户信息，置到全局的session中，  进入到系统管理的首页面
2019-08-10 07:15:41,373 [http-nio-9080-exec-7] INFO  com.boot.filter.AddressFilter -  ----------------------------用户对象已经在session中，可以进行继续访问!-------------------
2019-08-10 07:15:41,377 [http-nio-9080-exec-7] INFO  com.boot.web.BaseAction -  登录验证成功，进入到系统管理的首页面
2019-08-10 07:15:41,640 [http-nio-9080-exec-3] INFO  com.boot.filter.AddressFilter -  ----------------------------用户对象已经在session中，可以进行继续访问!-------------------
2019-08-10 07:15:41,795 [http-nio-9080-exec-2] INFO  com.boot.filter.AddressFilter -  ----------------------------用户对象已经在session中，可以进行继续访问!-------------------
2019-08-10 07:15:44,194 [http-nio-9080-exec-9] INFO  com.boot.filter.AddressFilter -  ----------------------------用户对象已经在session中，可以进行继续访问!-------------------
2019-08-10 07:16:10,084 [http-nio-9080-exec-3] INFO  com.boot.filter.AddressFilter -  ----------------------------用户对象已经在session中，可以进行继续访问!-------------------
2019-08-10 07:16:10,105 [http-nio-9080-exec-3] INFO  com.boot.web.sys.service.SysUserService - Map<String, Object> mpGroupName江西农信驻场项目组
2019-08-10 07:16:10,111 [http-nio-9080-exec-3] INFO  com.boot.web.sys.service.SysUserService - Map<String, Object> mpPronull
2019-08-10 07:16:19,147 [http-nio-9080-exec-5] INFO  com.boot.filter.AddressFilter -  ----------------------------用户对象已经在session中，可以进行继续访问!-------------------
2019-08-10 07:16:21,353 [http-nio-9080-exec-6] INFO  com.boot.filter.AddressFilter -  ----------------------------用户对象已经在session中，可以进行继续访问!-------------------
2019-08-10 07:16:21,361 [http-nio-9080-exec-6] INFO  com.boot.web.sys.service.SysUserService - Map<String, Object> mpGroupName江西农信驻场项目组
2019-08-10 07:16:21,365 [http-nio-9080-exec-6] INFO  com.boot.web.sys.service.SysUserService - Map<String, Object> mpPronull
2019-08-10 07:21:38,500 [http-nio-9080-exec-2] INFO  com.boot.filter.AddressFilter -  ----------------------------用户对象已经在session中，可以进行继续访问!-------------------
2019-08-10 07:21:38,855 [http-nio-9080-exec-8] INFO  com.boot.filter.AddressFilter -  ----------------------------用户对象已经在session中，可以进行继续访问!-------------------
2019-08-10 07:21:38,983 [http-nio-9080-exec-1] INFO  com.boot.filter.AddressFilter -  ----------------------------用户对象已经在session中，可以进行继续访问!-------------------
2019-08-10 07:21:40,386 [http-nio-9080-exec-9] INFO  com.boot.filter.AddressFilter -  ----------------------------用户对象已经在session中，可以进行继续访问!-------------------
2019-08-10 07:21:42,594 [http-nio-9080-exec-10] INFO  com.boot.filter.AddressFilter -  ----------------------------用户对象已经在session中，可以进行继续访问!-------------------
2019-08-10 07:21:42,603 [http-nio-9080-exec-10] INFO  com.boot.web.sys.service.SysUserService - Map<String, Object> mpGroupName江西农信驻场项目组
2019-08-10 07:21:42,609 [http-nio-9080-exec-10] INFO  com.boot.web.sys.service.SysUserService - Map<String, Object> mpPronull
2019-08-10 07:23:20,512 [http-nio-9080-exec-2] INFO  com.boot.filter.AddressFilter -  ----------------------------用户对象已经在session中，可以进行继续访问!-------------------
2019-08-10 07:23:20,738 [http-nio-9080-exec-8] INFO  com.boot.filter.AddressFilter -  ----------------------------用户对象已经在session中，可以进行继续访问!-------------------
2019-08-10 07:23:20,827 [http-nio-9080-exec-10] INFO  com.boot.filter.AddressFilter -  ----------------------------用户对象已经在session中，可以进行继续访问!-------------------
2019-08-10 07:23:22,411 [http-nio-9080-exec-1] INFO  com.boot.filter.AddressFilter -  ----------------------------用户对象已经在session中，可以进行继续访问!-------------------
2019-08-10 07:23:25,375 [http-nio-9080-exec-2] INFO  com.boot.filter.AddressFilter -  ----------------------------用户对象已经在session中，可以进行继续访问!-------------------
2019-08-10 07:23:25,385 [http-nio-9080-exec-2] INFO  com.boot.web.sys.service.SysUserService - Map<String, Object> mpGroupName江西农信驻场项目组
2019-08-10 07:23:25,390 [http-nio-9080-exec-2] INFO  com.boot.web.sys.service.SysUserService - Map<String, Object> mpPronull
2019-08-10 07:29:21,180 [http-nio-9080-exec-10] INFO  com.boot.filter.AddressFilter -  ----------------------------用户对象已经在session中，可以进行继续访问!-------------------
2019-08-10 07:29:21,412 [http-nio-9080-exec-2] INFO  com.boot.filter.AddressFilter -  ----------------------------用户对象已经在session中，可以进行继续访问!-------------------
2019-08-10 07:29:21,537 [http-nio-9080-exec-1] INFO  com.boot.filter.AddressFilter -  ----------------------------用户对象已经在session中，可以进行继续访问!-------------------
2019-08-10 07:29:23,297 [http-nio-9080-exec-9] INFO  com.boot.filter.AddressFilter -  ----------------------------用户对象已经在session中，可以进行继续访问!-------------------
2019-08-10 07:29:31,773 [http-nio-9080-exec-10] INFO  com.boot.filter.AddressFilter -  ----------------------------用户对象已经在session中，可以进行继续访问!-------------------
2019-08-10 07:29:31,797 [http-nio-9080-exec-10] INFO  com.boot.web.sys.service.SysUserService - Map<String, Object> mpGroupName江西农信驻场项目组
2019-08-10 07:29:31,801 [http-nio-9080-exec-10] INFO  com.boot.web.sys.service.SysUserService - Map<String, Object> mpPronull
2019-08-10 07:29:47,122 [http-nio-9080-exec-2] INFO  com.boot.filter.AddressFilter -  ----------------------------用户对象已经在session中，可以进行继续访问!-------------------
2019-08-10 07:29:47,132 [http-nio-9080-exec-2] INFO  com.boot.web.sys.service.SysUserService - Map<String, Object> mpGroupName江西农信驻场项目组
2019-08-10 07:29:47,139 [http-nio-9080-exec-2] INFO  com.boot.web.sys.service.SysUserService - Map<String, Object> mpPronull
2019-08-10 07:29:47,494 [http-nio-9080-exec-5] INFO  com.boot.filter.AddressFilter -  ----------------------------用户对象已经在session中，可以进行继续访问!-------------------
2019-08-10 07:29:47,501 [http-nio-9080-exec-5] INFO  com.boot.web.sys.service.SysUserService - Map<String, Object> mpGroupName江西农信驻场项目组
2019-08-10 07:29:47,508 [http-nio-9080-exec-5] INFO  com.boot.web.sys.service.SysUserService - Map<String, Object> mpPronull
2019-08-10 07:29:47,846 [http-nio-9080-exec-3] INFO  com.boot.filter.AddressFilter -  ----------------------------用户对象已经在session中，可以进行继续访问!-------------------
2019-08-10 07:29:47,853 [http-nio-9080-exec-3] INFO  com.boot.web.sys.service.SysUserService - Map<String, Object> mpGroupName江西农信驻场项目组
2019-08-10 07:29:47,859 [http-nio-9080-exec-3] INFO  com.boot.web.sys.service.SysUserService - Map<String, Object> mpPronull
2019-08-10 07:29:48,218 [http-nio-9080-exec-6] INFO  com.boot.filter.AddressFilter -  ----------------------------用户对象已经在session中，可以进行继续访问!-------------------
2019-08-10 07:29:48,226 [http-nio-9080-exec-6] INFO  com.boot.web.sys.service.SysUserService - Map<String, Object> mpGroupName江西农信驻场项目组
2019-08-10 07:29:48,232 [http-nio-9080-exec-6] INFO  com.boot.web.sys.service.SysUserService - Map<String, Object> mpPronull
2019-08-10 08:13:56,431 [http-nio-9080-exec-2] INFO  com.boot.filter.AddressFilter -  ----------------------------Filter sysuser 用户对象在 session中没有找到，统一返回到登录界面!-------------------
2019-08-10 08:13:56,448 [http-nio-9080-exec-2] INFO  com.boot.filter.AddressFilter -  ----------------------------Filter 登录中没有相关的关键字，返回到登录道页!-------------------
2019-08-10 08:13:59,164 [http-nio-9080-exec-2] INFO  com.boot.web.sys.controller.SysUserController - loginCheck 得到了后台的用户信息，置到全局的session中，  进入到系统管理的首页面
2019-08-10 08:13:59,173 [http-nio-9080-exec-5] INFO  com.boot.filter.AddressFilter -  ----------------------------用户对象已经在session中，可以进行继续访问!-------------------
2019-08-10 08:13:59,173 [http-nio-9080-exec-5] INFO  com.boot.web.BaseAction -  登录验证成功，进入到系统管理的首页面
2019-08-10 08:13:59,184 [http-nio-9080-exec-3] INFO  com.boot.filter.AddressFilter -  ----------------------------用户对象已经在session中，可以进行继续访问!-------------------
2019-08-10 08:13:59,364 [http-nio-9080-exec-8] INFO  com.boot.filter.AddressFilter -  ----------------------------用户对象已经在session中，可以进行继续访问!-------------------
2019-08-10 08:13:59,435 [http-nio-9080-exec-6] INFO  com.boot.filter.AddressFilter -  ----------------------------用户对象已经在session中，可以进行继续访问!-------------------
2019-08-10 08:14:01,989 [http-nio-9080-exec-4] INFO  com.boot.filter.AddressFilter -  ----------------------------用户对象已经在session中，可以进行继续访问!-------------------
2019-08-10 08:14:04,072 [http-nio-9080-exec-1] INFO  com.boot.filter.AddressFilter -  ----------------------------用户对象已经在session中，可以进行继续访问!-------------------
2019-08-10 08:14:04,081 [http-nio-9080-exec-1] INFO  com.boot.web.sys.service.SysUserService - Map<String, Object> mpGroupName江西农信驻场项目组
2019-08-10 08:14:04,087 [http-nio-9080-exec-1] INFO  com.boot.web.sys.service.SysUserService - Map<String, Object> mpPronull
2019-08-10 08:14:04,893 [http-nio-9080-exec-7] INFO  com.boot.filter.AddressFilter -  ----------------------------用户对象已经在session中，可以进行继续访问!-------------------
2019-08-10 08:14:04,901 [http-nio-9080-exec-7] INFO  com.boot.web.sys.service.SysUserService - Map<String, Object> mpGroupName江西农信驻场项目组
2019-08-10 08:14:04,905 [http-nio-9080-exec-7] INFO  com.boot.web.sys.service.SysUserService - Map<String, Object> mpPronull
2019-08-10 08:14:07,468 [http-nio-9080-exec-9] INFO  com.boot.filter.AddressFilter -  ----------------------------用户对象已经在session中，可以进行继续访问!-------------------
2019-08-10 08:14:07,474 [http-nio-9080-exec-9] INFO  com.boot.web.sys.service.SysUserService - Map<String, Object> mpGroupName江西农信驻场项目组
2019-08-10 08:14:07,478 [http-nio-9080-exec-9] INFO  com.boot.web.sys.service.SysUserService - Map<String, Object> mpPronull
2019-08-10 08:14:10,690 [http-nio-9080-exec-10] INFO  com.boot.filter.AddressFilter -  ----------------------------用户对象已经在session中，可以进行继续访问!-------------------
2019-08-10 08:14:10,698 [http-nio-9080-exec-10] INFO  com.boot.web.sys.service.SysUserService - Map<String, Object> mpGroupName江西农信驻场项目组
2019-08-10 08:14:10,702 [http-nio-9080-exec-10] INFO  com.boot.web.sys.service.SysUserService - Map<String, Object> mpPronull
2019-08-10 08:14:16,488 [http-nio-9080-exec-2] INFO  com.boot.filter.AddressFilter -  ----------------------------用户对象已经在session中，可以进行继续访问!-------------------
2019-08-10 08:14:16,493 [http-nio-9080-exec-2] INFO  com.boot.web.sys.service.SysUserService - Map<String, Object> mpGroupName江西农信驻场项目组
2019-08-10 08:14:16,498 [http-nio-9080-exec-2] INFO  com.boot.web.sys.service.SysUserService - Map<String, Object> mpPronull
2019-08-10 08:14:23,198 [http-nio-9080-exec-5] INFO  com.boot.filter.AddressFilter -  ----------------------------用户对象已经在session中，可以进行继续访问!-------------------
2019-08-10 08:14:23,204 [http-nio-9080-exec-5] INFO  com.boot.web.sys.service.SysUserService - Map<String, Object> mpGroupName江西农信驻场项目组
2019-08-10 08:14:23,209 [http-nio-9080-exec-5] INFO  com.boot.web.sys.service.SysUserService - Map<String, Object> mpPronull
2019-08-10 08:14:31,135 [http-nio-9080-exec-3] INFO  com.boot.filter.AddressFilter -  ----------------------------用户对象已经在session中，可以进行继续访问!-------------------
2019-08-10 08:14:31,152 [http-nio-9080-exec-3] INFO  com.boot.web.sys.service.SysUserService - Map<String, Object> mpGroupName江西农信驻场项目组
2019-08-10 08:14:31,157 [http-nio-9080-exec-3] INFO  com.boot.web.sys.service.SysUserService - Map<String, Object> mpPronull
2019-08-10 11:30:49,023 [http-nio-9080-exec-10] INFO  com.boot.filter.AddressFilter -  ----------------------------Filter sysuser 用户对象在 session中没有找到，统一返回到登录界面!-------------------
2019-08-10 11:30:49,038 [http-nio-9080-exec-10] INFO  com.boot.filter.AddressFilter -  ----------------------------Filter 登录中没有相关的关键字，返回到登录道页!-------------------
2019-08-10 11:30:51,801 [http-nio-9080-exec-5] INFO  com.boot.filter.AddressFilter -  ----------------------------Filter sysuser 用户对象在 session中没有找到，统一返回到登录界面!-------------------
2019-08-10 11:30:51,801 [http-nio-9080-exec-5] INFO  com.boot.filter.AddressFilter -  ----------------------------Filter 登录中没有相关的关键字，返回到登录道页!-------------------
2019-08-10 11:30:54,053 [http-nio-9080-exec-5] INFO  com.boot.web.sys.controller.SysUserController - loginCheck 得到了后台的用户信息，置到全局的session中，  进入到系统管理的首页面
2019-08-10 11:30:54,060 [http-nio-9080-exec-3] INFO  com.boot.filter.AddressFilter -  ----------------------------用户对象已经在session中，可以进行继续访问!-------------------
2019-08-10 11:30:54,065 [http-nio-9080-exec-3] INFO  com.boot.web.BaseAction -  登录验证成功，进入到系统管理的首页面
2019-08-10 11:30:54,077 [http-nio-9080-exec-8] INFO  com.boot.filter.AddressFilter -  ----------------------------用户对象已经在session中，可以进行继续访问!-------------------
2019-08-10 11:30:54,228 [http-nio-9080-exec-6] INFO  com.boot.filter.AddressFilter -  ----------------------------用户对象已经在session中，可以进行继续访问!-------------------
2019-08-10 11:30:54,297 [http-nio-9080-exec-4] INFO  com.boot.filter.AddressFilter -  ----------------------------用户对象已经在session中，可以进行继续访问!-------------------
2019-08-10 11:30:56,240 [http-nio-9080-exec-7] INFO  com.boot.filter.AddressFilter -  ----------------------------用户对象已经在session中，可以进行继续访问!-------------------
2019-08-10 11:30:58,694 [http-nio-9080-exec-9] INFO  com.boot.filter.AddressFilter -  ----------------------------用户对象已经在session中，可以进行继续访问!-------------------
2019-08-10 11:30:58,696 [http-nio-9080-exec-9] INFO  com.boot.web.sys.service.SysUserService - Map<String, Object> mpGroupName江西农信驻场项目组
2019-08-10 11:30:58,698 [http-nio-9080-exec-9] INFO  com.boot.web.sys.service.SysUserService - Map<String, Object> mpPronull
2019-08-10 11:31:06,175 [http-nio-9080-exec-1] INFO  com.boot.filter.AddressFilter -  ----------------------------用户对象已经在session中，可以进行继续访问!-------------------
2019-08-10 11:31:06,177 [http-nio-9080-exec-1] INFO  com.boot.web.sys.service.SysUserService - Map<String, Object> mpGroupName江西农信驻场项目组
2019-08-10 11:31:06,179 [http-nio-9080-exec-1] INFO  com.boot.web.sys.service.SysUserService - Map<String, Object> mpPronull
2019-08-10 11:31:13,131 [http-nio-9080-exec-10] INFO  com.boot.filter.AddressFilter -  ----------------------------用户对象已经在session中，可以进行继续访问!-------------------
2019-08-10 11:31:13,134 [http-nio-9080-exec-10] INFO  com.boot.web.sys.service.SysUserService - Map<String, Object> mpGroupName江西农信驻场项目组
2019-08-10 11:31:13,135 [http-nio-9080-exec-10] INFO  com.boot.web.sys.service.SysUserService - Map<String, Object> mpPronull
2019-08-10 11:31:25,726 [http-nio-9080-exec-5] INFO  com.boot.filter.AddressFilter -  ----------------------------用户对象已经在session中，可以进行继续访问!-------------------
2019-08-10 11:31:25,728 [http-nio-9080-exec-5] INFO  com.boot.web.sys.service.SysUserService - Map<String, Object> mpGroupName江西农信驻场项目组
2019-08-10 11:31:25,729 [http-nio-9080-exec-5] INFO  com.boot.web.sys.service.SysUserService - Map<String, Object> mpPronull
2019-08-10 11:31:29,357 [http-nio-9080-exec-2] INFO  com.boot.filter.AddressFilter -  ----------------------------用户对象已经在session中，可以进行继续访问!-------------------
2019-08-10 11:31:29,360 [http-nio-9080-exec-2] INFO  com.boot.web.sys.service.SysUserService - Map<String, Object> mpGroupName江西农信驻场项目组
2019-08-10 11:31:29,362 [http-nio-9080-exec-2] INFO  com.boot.web.sys.service.SysUserService - Map<String, Object> mpPronull
2019-08-10 11:37:38,864 [http-nio-9080-exec-9] INFO  com.boot.filter.AddressFilter -  ----------------------------用户对象已经在session中，可以进行继续访问!-------------------
2019-08-10 11:37:39,084 [http-nio-9080-exec-5] INFO  com.boot.filter.AddressFilter -  ----------------------------用户对象已经在session中，可以进行继续访问!-------------------
2019-08-10 11:37:39,190 [http-nio-9080-exec-1] INFO  com.boot.filter.AddressFilter -  ----------------------------用户对象已经在session中，可以进行继续访问!-------------------
2019-08-10 11:37:40,692 [http-nio-9080-exec-10] INFO  com.boot.filter.AddressFilter -  ----------------------------用户对象已经在session中，可以进行继续访问!-------------------
2019-08-10 11:37:42,169 [http-nio-9080-exec-2] INFO  com.boot.filter.AddressFilter -  ----------------------------用户对象已经在session中，可以进行继续访问!-------------------
2019-08-10 11:37:42,178 [http-nio-9080-exec-2] INFO  com.boot.web.sys.service.SysUserService - Map<String, Object> mpGroupName江西农信驻场项目组
2019-08-10 11:37:42,185 [http-nio-9080-exec-2] INFO  com.boot.web.sys.service.SysUserService - Map<String, Object> mpPronull
2019-08-10 11:37:43,211 [http-nio-9080-exec-6] INFO  com.boot.filter.AddressFilter -  ----------------------------用户对象已经在session中，可以进行继续访问!-------------------
2019-08-10 11:37:43,220 [http-nio-9080-exec-6] INFO  com.boot.web.sys.service.SysUserService - Map<String, Object> mpGroupName江西农信驻场项目组
2019-08-10 11:37:43,225 [http-nio-9080-exec-6] INFO  com.boot.web.sys.service.SysUserService - Map<String, Object> mpPronull
2019-08-10 11:37:44,618 [http-nio-9080-exec-8] INFO  com.boot.filter.AddressFilter -  ----------------------------用户对象已经在session中，可以进行继续访问!-------------------
2019-08-10 11:37:44,625 [http-nio-9080-exec-8] INFO  com.boot.web.sys.service.SysUserService - Map<String, Object> mpGroupName江西农信驻场项目组
2019-08-10 11:37:44,630 [http-nio-9080-exec-8] INFO  com.boot.web.sys.service.SysUserService - Map<String, Object> mpPronull
2019-08-10 11:37:44,961 [http-nio-9080-exec-3] INFO  com.boot.filter.AddressFilter -  ----------------------------用户对象已经在session中，可以进行继续访问!-------------------
2019-08-10 11:37:44,968 [http-nio-9080-exec-3] INFO  com.boot.web.sys.service.SysUserService - Map<String, Object> mpGroupName江西农信驻场项目组
2019-08-10 11:37:44,972 [http-nio-9080-exec-3] INFO  com.boot.web.sys.service.SysUserService - Map<String, Object> mpPronull
2019-08-10 11:37:45,387 [http-nio-9080-exec-4] INFO  com.boot.filter.AddressFilter -  ----------------------------用户对象已经在session中，可以进行继续访问!-------------------
2019-08-10 11:37:45,394 [http-nio-9080-exec-4] INFO  com.boot.web.sys.service.SysUserService - Map<String, Object> mpGroupName江西农信驻场项目组
2019-08-10 11:37:45,400 [http-nio-9080-exec-4] INFO  com.boot.web.sys.service.SysUserService - Map<String, Object> mpPronull
2019-08-10 11:37:49,740 [http-nio-9080-exec-7] INFO  com.boot.filter.AddressFilter -  ----------------------------用户对象已经在session中，可以进行继续访问!-------------------
2019-08-10 11:37:49,747 [http-nio-9080-exec-7] INFO  com.boot.web.sys.service.SysUserService - Map<String, Object> mpGroupName江西农信驻场项目组
2019-08-10 11:37:49,751 [http-nio-9080-exec-7] INFO  com.boot.web.sys.service.SysUserService - Map<String, Object> mpPronull
2019-08-10 11:37:51,786 [http-nio-9080-exec-1] INFO  com.boot.filter.AddressFilter -  ----------------------------用户对象已经在session中，可以进行继续访问!-------------------
2019-08-10 11:37:51,793 [http-nio-9080-exec-1] INFO  com.boot.web.sys.service.SysUserService - Map<String, Object> mpGroupName江西农信驻场项目组
2019-08-10 11:37:51,798 [http-nio-9080-exec-1] INFO  com.boot.web.sys.service.SysUserService - Map<String, Object> mpPronull
2019-08-10 11:37:52,733 [http-nio-9080-exec-9] INFO  com.boot.filter.AddressFilter -  ----------------------------用户对象已经在session中，可以进行继续访问!-------------------
2019-08-10 11:37:52,741 [http-nio-9080-exec-9] INFO  com.boot.web.sys.service.SysUserService - Map<String, Object> mpGroupName江西农信驻场项目组
2019-08-10 11:37:52,747 [http-nio-9080-exec-9] INFO  com.boot.web.sys.service.SysUserService - Map<String, Object> mpPronull
2019-08-10 11:37:53,100 [http-nio-9080-exec-10] INFO  com.boot.filter.AddressFilter -  ----------------------------用户对象已经在session中，可以进行继续访问!-------------------
2019-08-10 11:37:53,105 [http-nio-9080-exec-10] INFO  com.boot.web.sys.service.SysUserService - Map<String, Object> mpGroupName江西农信驻场项目组
2019-08-10 11:37:53,110 [http-nio-9080-exec-10] INFO  com.boot.web.sys.service.SysUserService - Map<String, Object> mpPronull
2019-08-10 11:37:53,464 [http-nio-9080-exec-5] INFO  com.boot.filter.AddressFilter -  ----------------------------用户对象已经在session中，可以进行继续访问!-------------------
2019-08-10 11:37:53,470 [http-nio-9080-exec-5] INFO  com.boot.web.sys.service.SysUserService - Map<String, Object> mpGroupName江西农信驻场项目组
2019-08-10 11:37:53,474 [http-nio-9080-exec-5] INFO  com.boot.web.sys.service.SysUserService - Map<String, Object> mpPronull
2019-08-10 11:37:53,778 [http-nio-9080-exec-2] INFO  com.boot.filter.AddressFilter -  ----------------------------用户对象已经在session中，可以进行继续访问!-------------------
2019-08-10 11:37:53,785 [http-nio-9080-exec-2] INFO  com.boot.web.sys.service.SysUserService - Map<String, Object> mpGroupName江西农信驻场项目组
2019-08-10 11:37:53,788 [http-nio-9080-exec-2] INFO  com.boot.web.sys.service.SysUserService - Map<String, Object> mpPronull
2019-08-10 11:37:54,116 [http-nio-9080-exec-6] INFO  com.boot.filter.AddressFilter -  ----------------------------用户对象已经在session中，可以进行继续访问!-------------------
2019-08-10 11:37:54,121 [http-nio-9080-exec-6] INFO  com.boot.web.sys.service.SysUserService - Map<String, Object> mpGroupName江西农信驻场项目组
2019-08-10 11:37:54,124 [http-nio-9080-exec-6] INFO  com.boot.web.sys.service.SysUserService - Map<String, Object> mpPronull
2019-08-10 11:37:54,423 [http-nio-9080-exec-8] INFO  com.boot.filter.AddressFilter -  ----------------------------用户对象已经在session中，可以进行继续访问!-------------------
2019-08-10 11:37:54,429 [http-nio-9080-exec-8] INFO  com.boot.web.sys.service.SysUserService - Map<String, Object> mpGroupName江西农信驻场项目组
2019-08-10 11:37:54,433 [http-nio-9080-exec-8] INFO  com.boot.web.sys.service.SysUserService - Map<String, Object> mpPronull
2019-08-10 11:38:18,200 [http-nio-9080-exec-3] INFO  com.boot.filter.AddressFilter -  ----------------------------用户对象已经在session中，可以进行继续访问!-------------------
2019-08-10 11:38:18,207 [http-nio-9080-exec-3] INFO  com.boot.web.sys.service.SysUserService - Map<String, Object> mpGroupName江西农信驻场项目组
2019-08-10 11:38:18,210 [http-nio-9080-exec-3] INFO  com.boot.web.sys.service.SysUserService - Map<String, Object> mpPronull
2019-08-10 11:39:45,321 [http-nio-9080-exec-9] INFO  com.boot.filter.AddressFilter -  ----------------------------用户对象已经在session中，可以进行继续访问!-------------------
2019-08-10 11:39:45,551 [http-nio-9080-exec-2] INFO  com.boot.filter.AddressFilter -  ----------------------------用户对象已经在session中，可以进行继续访问!-------------------
2019-08-10 11:39:45,635 [http-nio-9080-exec-9] INFO  com.boot.filter.AddressFilter -  ----------------------------用户对象已经在session中，可以进行继续访问!-------------------
2019-08-10 11:39:47,061 [http-nio-9080-exec-5] INFO  com.boot.filter.AddressFilter -  ----------------------------用户对象已经在session中，可以进行继续访问!-------------------
2019-08-10 11:39:48,732 [http-nio-9080-exec-2] INFO  com.boot.filter.AddressFilter -  ----------------------------用户对象已经在session中，可以进行继续访问!-------------------
2019-08-10 11:39:48,741 [http-nio-9080-exec-2] INFO  com.boot.web.sys.service.SysUserService - Map<String, Object> mpGroupName江西农信驻场项目组
2019-08-10 11:39:48,745 [http-nio-9080-exec-2] INFO  com.boot.web.sys.service.SysUserService - Map<String, Object> mpPronull
2019-08-10 11:39:50,612 [http-nio-9080-exec-6] INFO  com.boot.filter.AddressFilter -  ----------------------------用户对象已经在session中，可以进行继续访问!-------------------
2019-08-10 11:39:50,619 [http-nio-9080-exec-6] INFO  com.boot.web.sys.service.SysUserService - Map<String, Object> mpGroupName江西农信驻场项目组
2019-08-10 11:39:50,624 [http-nio-9080-exec-6] INFO  com.boot.web.sys.service.SysUserService - Map<String, Object> mpPronull
2019-08-10 11:40:02,387 [http-nio-9080-exec-8] INFO  com.boot.filter.AddressFilter -  ----------------------------用户对象已经在session中，可以进行继续访问!-------------------
2019-08-10 11:40:02,393 [http-nio-9080-exec-8] INFO  com.boot.web.sys.service.SysUserService - Map<String, Object> mpGroupName江西农信驻场项目组
2019-08-10 11:40:02,396 [http-nio-9080-exec-8] INFO  com.boot.web.sys.service.SysUserService - Map<String, Object> mpPronull
2019-08-10 11:40:03,308 [http-nio-9080-exec-3] INFO  com.boot.filter.AddressFilter -  ----------------------------用户对象已经在session中，可以进行继续访问!-------------------
2019-08-10 11:40:03,312 [http-nio-9080-exec-3] INFO  com.boot.web.sys.service.SysUserService - Map<String, Object> mpGroupName江西农信驻场项目组
2019-08-10 11:40:03,315 [http-nio-9080-exec-3] INFO  com.boot.web.sys.service.SysUserService - Map<String, Object> mpPronull
2019-08-10 11:40:03,325 [http-nio-9080-exec-4] INFO  com.boot.filter.AddressFilter -  ----------------------------用户对象已经在session中，可以进行继续访问!-------------------
2019-08-10 11:40:03,327 [http-nio-9080-exec-4] INFO  com.boot.web.sys.service.SysUserService - Map<String, Object> mpGroupName江西农信驻场项目组
2019-08-10 11:40:03,329 [http-nio-9080-exec-4] INFO  com.boot.web.sys.service.SysUserService - Map<String, Object> mpPronull
2019-08-10 11:40:07,536 [http-nio-9080-exec-7] INFO  com.boot.filter.AddressFilter -  ----------------------------用户对象已经在session中，可以进行继续访问!-------------------
2019-08-10 11:40:07,541 [http-nio-9080-exec-7] INFO  com.boot.web.sys.service.SysUserService - Map<String, Object> mpGroupName江西农信驻场项目组
2019-08-10 11:40:07,545 [http-nio-9080-exec-7] INFO  com.boot.web.sys.service.SysUserService - Map<String, Object> mpPronull
2019-08-10 11:40:10,559 [http-nio-9080-exec-9] INFO  com.boot.filter.AddressFilter -  ----------------------------用户对象已经在session中，可以进行继续访问!-------------------
2019-08-10 11:40:10,565 [http-nio-9080-exec-9] INFO  com.boot.web.sys.service.SysUserService - Map<String, Object> mpGroupName江西农信驻场项目组
2019-08-10 11:40:10,571 [http-nio-9080-exec-9] INFO  com.boot.web.sys.service.SysUserService - Map<String, Object> mpPronull
2019-08-10 11:40:37,236 [http-nio-9080-exec-10] INFO  com.boot.filter.AddressFilter -  ----------------------------用户对象已经在session中，可以进行继续访问!-------------------
2019-08-10 11:40:37,450 [http-nio-9080-exec-2] INFO  com.boot.filter.AddressFilter -  ----------------------------用户对象已经在session中，可以进行继续访问!-------------------
2019-08-10 11:40:37,543 [http-nio-9080-exec-10] INFO  com.boot.filter.AddressFilter -  ----------------------------用户对象已经在session中，可以进行继续访问!-------------------
2019-08-10 11:40:38,942 [http-nio-9080-exec-1] INFO  com.boot.filter.AddressFilter -  ----------------------------用户对象已经在session中，可以进行继续访问!-------------------
2019-08-10 11:40:40,600 [http-nio-9080-exec-2] INFO  com.boot.filter.AddressFilter -  ----------------------------用户对象已经在session中，可以进行继续访问!-------------------
2019-08-10 11:40:40,607 [http-nio-9080-exec-2] INFO  com.boot.web.sys.service.SysUserService - Map<String, Object> mpGroupName江西农信驻场项目组
2019-08-10 11:40:40,610 [http-nio-9080-exec-2] INFO  com.boot.web.sys.service.SysUserService - Map<String, Object> mpPronull
2019-08-10 11:40:46,492 [http-nio-9080-exec-6] INFO  com.boot.filter.AddressFilter -  ----------------------------用户对象已经在session中，可以进行继续访问!-------------------
2019-08-10 11:40:46,497 [http-nio-9080-exec-6] INFO  com.boot.web.sys.service.SysUserService - Map<String, Object> mpGroupName江西农信驻场项目组
2019-08-10 11:40:46,500 [http-nio-9080-exec-6] INFO  com.boot.web.sys.service.SysUserService - Map<String, Object> mpPronull
2019-08-10 11:40:55,969 [http-nio-9080-exec-4] INFO  com.boot.filter.AddressFilter -  ----------------------------用户对象已经在session中，可以进行继续访问!-------------------
2019-08-10 11:40:55,975 [http-nio-9080-exec-4] INFO  com.boot.web.sys.service.SysUserService - Map<String, Object> mpGroupName江西农信驻场项目组
2019-08-10 11:40:55,979 [http-nio-9080-exec-4] INFO  com.boot.web.sys.service.SysUserService - Map<String, Object> mpPronull
2019-08-10 11:42:07,809 [http-nio-9080-exec-5] INFO  com.boot.filter.AddressFilter -  ----------------------------用户对象已经在session中，可以进行继续访问!-------------------
2019-08-10 11:42:08,036 [http-nio-9080-exec-2] INFO  com.boot.filter.AddressFilter -  ----------------------------用户对象已经在session中，可以进行继续访问!-------------------
2019-08-10 11:42:08,140 [http-nio-9080-exec-10] INFO  com.boot.filter.AddressFilter -  ----------------------------用户对象已经在session中，可以进行继续访问!-------------------
2019-08-10 11:42:09,886 [http-nio-9080-exec-1] INFO  com.boot.filter.AddressFilter -  ----------------------------用户对象已经在session中，可以进行继续访问!-------------------
2019-08-10 11:42:11,700 [http-nio-9080-exec-8] INFO  com.boot.filter.AddressFilter -  ----------------------------用户对象已经在session中，可以进行继续访问!-------------------
2019-08-10 11:42:11,708 [http-nio-9080-exec-8] INFO  com.boot.web.sys.service.SysUserService - Map<String, Object> mpGroupName江西农信驻场项目组
2019-08-10 11:42:11,712 [http-nio-9080-exec-8] INFO  com.boot.web.sys.service.SysUserService - Map<String, Object> mpPronull
2019-08-10 11:42:12,772 [http-nio-9080-exec-4] INFO  com.boot.filter.AddressFilter -  ----------------------------用户对象已经在session中，可以进行继续访问!-------------------
2019-08-10 11:42:12,779 [http-nio-9080-exec-4] INFO  com.boot.web.sys.service.SysUserService - Map<String, Object> mpGroupName江西农信驻场项目组
2019-08-10 11:42:12,784 [http-nio-9080-exec-4] INFO  com.boot.web.sys.service.SysUserService - Map<String, Object> mpPronull
2019-08-10 11:42:16,815 [http-nio-9080-exec-3] INFO  com.boot.filter.AddressFilter -  ----------------------------用户对象已经在session中，可以进行继续访问!-------------------
2019-08-10 11:42:16,820 [http-nio-9080-exec-3] INFO  com.boot.web.sys.service.SysUserService - Map<String, Object> mpGroupName江西农信驻场项目组
2019-08-10 11:42:16,823 [http-nio-9080-exec-3] INFO  com.boot.web.sys.service.SysUserService - Map<String, Object> mpPronull
2019-08-10 11:42:21,975 [http-nio-9080-exec-7] INFO  com.boot.filter.AddressFilter -  ----------------------------用户对象已经在session中，可以进行继续访问!-------------------
2019-08-10 11:42:21,981 [http-nio-9080-exec-7] INFO  com.boot.web.sys.service.SysUserService - Map<String, Object> mpGroupName江西农信驻场项目组
2019-08-10 11:42:21,984 [http-nio-9080-exec-7] INFO  com.boot.web.sys.service.SysUserService - Map<String, Object> mpPronull
2019-08-10 11:42:25,469 [http-nio-9080-exec-10] INFO  com.boot.filter.AddressFilter -  ----------------------------用户对象已经在session中，可以进行继续访问!-------------------
2019-08-10 11:42:25,475 [http-nio-9080-exec-10] INFO  com.boot.web.sys.service.SysUserService - Map<String, Object> mpGroupName江西农信驻场项目组
2019-08-10 11:42:25,478 [http-nio-9080-exec-10] INFO  com.boot.web.sys.service.SysUserService - Map<String, Object> mpPronull
2019-08-10 11:42:28,317 [http-nio-9080-exec-9] INFO  com.boot.filter.AddressFilter -  ----------------------------用户对象已经在session中，可以进行继续访问!-------------------
2019-08-10 11:42:28,323 [http-nio-9080-exec-9] INFO  com.boot.web.sys.service.SysUserService - Map<String, Object> mpGroupName江西农信驻场项目组
2019-08-10 11:42:28,327 [http-nio-9080-exec-9] INFO  com.boot.web.sys.service.SysUserService - Map<String, Object> mpPronull
2019-08-10 11:42:30,960 [http-nio-9080-exec-5] INFO  com.boot.filter.AddressFilter -  ----------------------------用户对象已经在session中，可以进行继续访问!-------------------
2019-08-10 11:42:30,967 [http-nio-9080-exec-5] INFO  com.boot.web.sys.service.SysUserService - Map<String, Object> mpGroupName江西农信驻场项目组
2019-08-10 11:42:30,970 [http-nio-9080-exec-5] INFO  com.boot.web.sys.service.SysUserService - Map<String, Object> mpPronull
2019-08-10 11:42:39,585 [http-nio-9080-exec-1] INFO  com.boot.filter.AddressFilter -  ----------------------------用户对象已经在session中，可以进行继续访问!-------------------
2019-08-10 11:42:39,591 [http-nio-9080-exec-1] INFO  com.boot.web.sys.service.SysUserService - Map<String, Object> mpGroupName江西农信驻场项目组
2019-08-10 11:42:39,594 [http-nio-9080-exec-1] INFO  com.boot.web.sys.service.SysUserService - Map<String, Object> mpPronull
2019-08-10 11:42:39,733 [http-nio-9080-exec-6] INFO  com.boot.filter.AddressFilter -  ----------------------------用户对象已经在session中，可以进行继续访问!-------------------
2019-08-10 11:42:39,739 [http-nio-9080-exec-6] INFO  com.boot.web.sys.service.SysUserService - Map<String, Object> mpGroupName江西农信驻场项目组
2019-08-10 11:42:39,744 [http-nio-9080-exec-6] INFO  com.boot.web.sys.service.SysUserService - Map<String, Object> mpPronull
2019-08-10 11:42:43,986 [http-nio-9080-exec-8] INFO  com.boot.filter.AddressFilter -  ----------------------------用户对象已经在session中，可以进行继续访问!-------------------
2019-08-10 11:42:43,992 [http-nio-9080-exec-8] INFO  com.boot.web.sys.service.SysUserService - Map<String, Object> mpGroupName江西农信驻场项目组
2019-08-10 11:42:43,997 [http-nio-9080-exec-8] INFO  com.boot.web.sys.service.SysUserService - Map<String, Object> mpPronull
2019-08-10 11:45:28,026 [http-nio-9080-exec-10] INFO  com.boot.filter.AddressFilter -  ----------------------------用户对象已经在session中，可以进行继续访问!-------------------
2019-08-10 11:45:28,301 [http-nio-9080-exec-9] INFO  com.boot.filter.AddressFilter -  ----------------------------用户对象已经在session中，可以进行继续访问!-------------------
2019-08-10 11:45:28,552 [http-nio-9080-exec-3] INFO  com.boot.filter.AddressFilter -  ----------------------------用户对象已经在session中，可以进行继续访问!-------------------
2019-08-10 11:45:30,015 [http-nio-9080-exec-10] INFO  com.boot.filter.AddressFilter -  ----------------------------用户对象已经在session中，可以进行继续访问!-------------------
2019-08-10 11:45:32,050 [http-nio-9080-exec-1] INFO  com.boot.filter.AddressFilter -  ----------------------------用户对象已经在session中，可以进行继续访问!-------------------
2019-08-10 11:45:32,059 [http-nio-9080-exec-1] INFO  com.boot.web.sys.service.SysUserService - Map<String, Object> mpGroupName江西农信驻场项目组
2019-08-10 11:45:32,063 [http-nio-9080-exec-1] INFO  com.boot.web.sys.service.SysUserService - Map<String, Object> mpPronull
2019-08-10 11:45:36,771 [http-nio-9080-exec-9] INFO  com.boot.filter.AddressFilter -  ----------------------------用户对象已经在session中，可以进行继续访问!-------------------
2019-08-10 11:45:36,777 [http-nio-9080-exec-9] INFO  com.boot.web.sys.service.SysUserService - Map<String, Object> mpGroupName江西农信驻场项目组
2019-08-10 11:45:36,784 [http-nio-9080-exec-9] INFO  com.boot.web.sys.service.SysUserService - Map<String, Object> mpPronull
2019-08-10 11:45:41,233 [http-nio-9080-exec-8] INFO  com.boot.filter.AddressFilter -  ----------------------------用户对象已经在session中，可以进行继续访问!-------------------
2019-08-10 11:45:41,235 [http-nio-9080-exec-8] INFO  com.boot.web.sys.service.SysUserService - Map<String, Object> mpGroupName江西农信驻场项目组
2019-08-10 11:45:41,237 [http-nio-9080-exec-8] INFO  com.boot.web.sys.service.SysUserService - Map<String, Object> mpPronull
2019-08-10 11:45:59,294 [http-nio-9080-exec-4] INFO  com.boot.filter.AddressFilter -  ----------------------------用户对象已经在session中，可以进行继续访问!-------------------
2019-08-10 11:45:59,300 [http-nio-9080-exec-4] INFO  com.boot.web.sys.service.SysUserService - Map<String, Object> mpGroupName江西农信驻场项目组
2019-08-10 11:45:59,304 [http-nio-9080-exec-4] INFO  com.boot.web.sys.service.SysUserService - Map<String, Object> mpPronull
2019-08-10 11:47:43,581 [http-nio-9080-exec-1] INFO  com.boot.filter.AddressFilter -  ----------------------------用户对象已经在session中，可以进行继续访问!-------------------
2019-08-10 11:47:43,859 [http-nio-9080-exec-4] INFO  com.boot.filter.AddressFilter -  ----------------------------用户对象已经在session中，可以进行继续访问!-------------------
2019-08-10 11:47:44,049 [http-nio-9080-exec-1] INFO  com.boot.filter.AddressFilter -  ----------------------------用户对象已经在session中，可以进行继续访问!-------------------
2019-08-10 11:48:31,469 [http-nio-9080-exec-3] INFO  com.boot.filter.AddressFilter -  ----------------------------用户对象已经在session中，可以进行继续访问!-------------------
2019-08-10 11:48:31,720 [http-nio-9080-exec-4] INFO  com.boot.filter.AddressFilter -  ----------------------------用户对象已经在session中，可以进行继续访问!-------------------
2019-08-10 11:48:31,929 [http-nio-9080-exec-1] INFO  com.boot.filter.AddressFilter -  ----------------------------用户对象已经在session中，可以进行继续访问!-------------------
2019-08-10 11:48:41,256 [http-nio-9080-exec-8] INFO  com.boot.filter.AddressFilter -  ----------------------------用户对象已经在session中，可以进行继续访问!-------------------
2019-08-10 11:48:43,009 [http-nio-9080-exec-9] INFO  com.boot.filter.AddressFilter -  ----------------------------用户对象已经在session中，可以进行继续访问!-------------------
2019-08-10 11:48:43,018 [http-nio-9080-exec-9] INFO  com.boot.web.sys.service.SysUserService - Map<String, Object> mpGroupName江西农信驻场项目组
2019-08-10 11:48:43,023 [http-nio-9080-exec-9] INFO  com.boot.web.sys.service.SysUserService - Map<String, Object> mpPronull
2019-08-10 11:48:43,868 [http-nio-9080-exec-4] INFO  com.boot.filter.AddressFilter -  ----------------------------用户对象已经在session中，可以进行继续访问!-------------------
2019-08-10 11:48:43,875 [http-nio-9080-exec-4] INFO  com.boot.web.sys.service.SysUserService - Map<String, Object> mpGroupName江西农信驻场项目组
2019-08-10 11:48:43,882 [http-nio-9080-exec-4] INFO  com.boot.web.sys.service.SysUserService - Map<String, Object> mpPronull
2019-08-10 11:48:45,811 [http-nio-9080-exec-2] INFO  com.boot.filter.AddressFilter -  ----------------------------用户对象已经在session中，可以进行继续访问!-------------------
2019-08-10 11:48:57,710 [http-nio-9080-exec-6] INFO  com.boot.filter.AddressFilter -  ----------------------------用户对象已经在session中，可以进行继续访问!-------------------
2019-08-10 12:01:00,557 [main] INFO  com.boot.Application - Starting Application on USER-20190120FQ with PID 16084 (G:\GITBRANCH_LOCAL\sharewithothers\4quater\target\classes started by zhaozulong in G:\GITBRANCH_LOCAL\sharewithothers\4quater)
2019-08-10 12:01:00,563 [main] INFO  com.boot.Application - No active profile set, falling back to default profiles: default
2019-08-10 12:01:05,314 [main] INFO  org.springframework.context.annotation.ConfigurationClassPostProcessor - Cannot enhance @Configuration bean definition 'beetlConf' since its singleton instance has been created too early. The typical cause is a non-static @Bean method with a BeanDefinitionRegistryPostProcessor return type: Consider declaring such methods as 'static'.
2019-08-10 12:01:06,066 [main] INFO  o.s.context.support.PostProcessorRegistrationDelegate$BeanPostProcessorChecker - Bean 'org.springframework.transaction.annotation.ProxyTransactionManagementConfiguration' of type [org.springframework.transaction.annotation.ProxyTransactionManagementConfiguration$$EnhancerBySpringCGLIB$$f9b5346e] is not eligible for getting processed by all BeanPostProcessors (for example: not eligible for auto-proxying)
2019-08-10 12:01:07,626 [main] INFO  org.springframework.boot.web.embedded.tomcat.TomcatWebServer - Tomcat initialized with port(s): 9080 (http)
2019-08-10 12:01:07,677 [main] INFO  org.apache.coyote.http11.Http11NioProtocol - Initializing ProtocolHandler ["http-nio-9080"]
2019-08-10 12:01:07,706 [main] INFO  org.apache.catalina.core.StandardService - Starting service [Tomcat]
2019-08-10 12:01:07,707 [main] INFO  org.apache.catalina.core.StandardEngine - Starting Servlet engine: [Apache Tomcat/9.0.21]
2019-08-10 12:01:08,282 [main] INFO  org.apache.jasper.servlet.TldScanner - At least one JAR was scanned for TLDs yet contained no TLDs. Enable debug logging for this logger for a complete list of JARs that were scanned but no TLDs were found in them. Skipping unneeded JARs during scanning can improve startup time and JSP compilation time.
2019-08-10 12:01:08,291 [main] INFO  org.apache.catalina.core.ContainerBase.[Tomcat].[localhost].[/] - Initializing Spring embedded WebApplicationContext
2019-08-10 12:01:08,291 [main] INFO  org.springframework.web.context.ContextLoader - Root WebApplicationContext: initialization completed in 7642 ms
2019-08-10 12:01:08,671 [main] INFO  org.springframework.cache.ehcache.EhCacheManagerFactoryBean - Initializing EhCache CacheManager
2019-08-10 12:01:09,788 [main] INFO  com.boot.Application$$EnhancerBySpringCGLIB$$33463ff4 - weeklyplan.
2019-08-10 12:01:09,807 [main] INFO  com.zaxxer.hikari.HikariDataSource - HikariPool-1 - Starting...
2019-08-10 12:01:10,174 [main] INFO  com.zaxxer.hikari.HikariDataSource - HikariPool-1 - Start completed.
2019-08-10 12:01:12,696 [main] INFO  org.springframework.scheduling.concurrent.ThreadPoolTaskExecutor - Initializing ExecutorService 'applicationTaskExecutor'
2019-08-10 12:01:13,126 [main] INFO  org.springframework.boot.autoconfigure.web.servlet.WelcomePageHandlerMapping - Adding welcome page: ServletContext resource [/index.html]
2019-08-10 12:01:13,239 [main] INFO  tk.mybatis.mapper.autoconfigure.MapperCacheDisabler - Clear tk.mybatis.mapper.genid.GenIdUtil CACHE cache.
2019-08-10 12:01:13,241 [main] INFO  tk.mybatis.mapper.autoconfigure.MapperCacheDisabler - Clear tk.mybatis.mapper.version.VersionUtil CACHE cache.
2019-08-10 12:01:13,242 [main] INFO  tk.mybatis.mapper.autoconfigure.MapperCacheDisabler - Clear EntityHelper entityTableMap cache.
2019-08-10 12:01:13,720 [main] INFO  org.springframework.boot.actuate.endpoint.web.EndpointLinksResolver - Exposing 15 endpoint(s) beneath base path '/actuator'
2019-08-10 12:01:13,846 [main] INFO  org.apache.coyote.http11.Http11NioProtocol - Starting ProtocolHandler ["http-nio-9080"]
2019-08-10 12:01:13,941 [main] INFO  org.springframework.boot.web.embedded.tomcat.TomcatWebServer - Tomcat started on port(s): 9080 (http) with context path ''
2019-08-10 12:01:13,945 [main] INFO  com.boot.Application - Started Application in 14.36 seconds (JVM running for 14.89)
2019-08-10 12:01:22,357 [http-nio-9080-exec-2] INFO  org.apache.catalina.core.ContainerBase.[Tomcat].[localhost].[/] - Initializing Spring DispatcherServlet 'dispatcherServlet'
2019-08-10 12:01:22,357 [http-nio-9080-exec-2] INFO  org.springframework.web.servlet.DispatcherServlet - Initializing Servlet 'dispatcherServlet'
2019-08-10 12:01:22,381 [http-nio-9080-exec-2] INFO  org.springframework.web.servlet.DispatcherServlet - Completed initialization in 24 ms
2019-08-10 12:01:22,435 [http-nio-9080-exec-2] INFO  com.boot.filter.AddressFilter -  ----------------------------Filter sysuser 用户对象在 session中没有找到，统一返回到登录界面!-------------------
2019-08-10 12:01:22,436 [http-nio-9080-exec-2] INFO  com.boot.filter.AddressFilter -  ----------------------------Filter 登录中没有相关的关键字，返回到登录道页!-------------------
2019-08-10 12:01:29,295 [http-nio-9080-exec-2] INFO  com.boot.web.sys.controller.SysUserController - loginCheck 得到了后台的用户信息，置到全局的session中，  进入到系统管理的首页面
2019-08-10 12:01:29,317 [http-nio-9080-exec-1] INFO  com.boot.filter.AddressFilter -  ----------------------------用户对象已经在session中，可以进行继续访问!-------------------
2019-08-10 12:01:29,320 [http-nio-9080-exec-1] INFO  com.boot.web.BaseAction -  登录验证成功，进入到系统管理的首页面
2019-08-10 12:01:29,366 [http-nio-9080-exec-3] INFO  com.boot.filter.AddressFilter -  ----------------------------用户对象已经在session中，可以进行继续访问!-------------------
2019-08-10 12:01:29,651 [http-nio-9080-exec-4] INFO  com.boot.filter.AddressFilter -  ----------------------------用户对象已经在session中，可以进行继续访问!-------------------
2019-08-10 12:01:29,847 [http-nio-9080-exec-5] INFO  com.boot.filter.AddressFilter -  ----------------------------用户对象已经在session中，可以进行继续访问!-------------------
2019-08-10 12:01:34,846 [http-nio-9080-exec-6] INFO  com.boot.filter.AddressFilter -  ----------------------------用户对象已经在session中，可以进行继续访问!-------------------
2019-08-10 12:01:34,872 [http-nio-9080-exec-6] INFO  com.boot.web.sys.service.SysUserService - Map<String, Object> mpGroupName江西农信驻场项目组
2019-08-10 12:01:34,889 [http-nio-9080-exec-6] INFO  com.boot.web.sys.service.SysUserService - Map<String, Object> mpPronull
2019-08-10 12:01:35,565 [http-nio-9080-exec-7] INFO  com.boot.filter.AddressFilter -  ----------------------------用户对象已经在session中，可以进行继续访问!-------------------
2019-08-10 12:01:35,576 [http-nio-9080-exec-7] INFO  com.boot.web.sys.service.SysUserService - Map<String, Object> mpGroupName江西农信驻场项目组
2019-08-10 12:01:35,583 [http-nio-9080-exec-7] INFO  com.boot.web.sys.service.SysUserService - Map<String, Object> mpPronull
2019-08-10 12:02:50,914 [http-nio-9080-exec-8] INFO  com.boot.filter.AddressFilter -  ----------------------------用户对象已经在session中，可以进行继续访问!-------------------
2019-08-10 12:02:51,277 [http-nio-9080-exec-9] INFO  com.boot.filter.AddressFilter -  ----------------------------用户对象已经在session中，可以进行继续访问!-------------------
2019-08-10 12:02:51,514 [http-nio-9080-exec-5] INFO  com.boot.filter.AddressFilter -  ----------------------------用户对象已经在session中，可以进行继续访问!-------------------
2019-08-10 12:02:54,326 [http-nio-9080-exec-2] INFO  com.boot.filter.AddressFilter -  ----------------------------用户对象已经在session中，可以进行继续访问!-------------------
2019-08-10 12:02:54,339 [http-nio-9080-exec-2] INFO  com.boot.web.sys.service.SysUserService - Map<String, Object> mpGroupName江西农信驻场项目组
2019-08-10 12:02:54,345 [http-nio-9080-exec-2] INFO  com.boot.web.sys.service.SysUserService - Map<String, Object> mpPronull
2019-08-10 12:02:54,745 [http-nio-9080-exec-9] INFO  com.boot.filter.AddressFilter -  ----------------------------用户对象已经在session中，可以进行继续访问!-------------------
2019-08-10 12:02:54,754 [http-nio-9080-exec-9] INFO  com.boot.web.sys.service.SysUserService - Map<String, Object> mpGroupName江西农信驻场项目组
2019-08-10 12:02:54,760 [http-nio-9080-exec-9] INFO  com.boot.web.sys.service.SysUserService - Map<String, Object> mpPronull
2019-08-10 12:04:45,386 [http-nio-9080-exec-8] INFO  com.boot.filter.AddressFilter -  ----------------------------用户对象已经在session中，可以进行继续访问!-------------------
2019-08-10 12:04:45,675 [http-nio-9080-exec-9] INFO  com.boot.filter.AddressFilter -  ----------------------------用户对象已经在session中，可以进行继续访问!-------------------
2019-08-10 12:04:45,886 [http-nio-9080-exec-5] INFO  com.boot.filter.AddressFilter -  ----------------------------用户对象已经在session中，可以进行继续访问!-------------------
2019-08-10 12:04:48,673 [http-nio-9080-exec-2] INFO  com.boot.filter.AddressFilter -  ----------------------------用户对象已经在session中，可以进行继续访问!-------------------
2019-08-10 12:04:48,684 [http-nio-9080-exec-2] INFO  com.boot.web.sys.service.SysUserService - Map<String, Object> mpGroupName江西农信驻场项目组
2019-08-10 12:04:48,691 [http-nio-9080-exec-2] INFO  com.boot.web.sys.service.SysUserService - Map<String, Object> mpPronull
2019-08-10 12:04:49,991 [http-nio-9080-exec-9] INFO  com.boot.filter.AddressFilter -  ----------------------------用户对象已经在session中，可以进行继续访问!-------------------
2019-08-10 12:04:50,001 [http-nio-9080-exec-9] INFO  com.boot.web.sys.service.SysUserService - Map<String, Object> mpGroupName江西农信驻场项目组
2019-08-10 12:04:50,006 [http-nio-9080-exec-9] INFO  com.boot.web.sys.service.SysUserService - Map<String, Object> mpPronull
2019-08-10 12:10:51,295 [main] INFO  com.boot.Application - Starting Application on USER-20190120FQ with PID 10300 (G:\GITBRANCH_LOCAL\sharewithothers\4quater\target\classes started by zhaozulong in G:\GITBRANCH_LOCAL\sharewithothers\4quater)
2019-08-10 12:10:51,298 [main] INFO  com.boot.Application - No active profile set, falling back to default profiles: default
2019-08-10 12:10:54,742 [main] INFO  org.springframework.context.annotation.ConfigurationClassPostProcessor - Cannot enhance @Configuration bean definition 'beetlConf' since its singleton instance has been created too early. The typical cause is a non-static @Bean method with a BeanDefinitionRegistryPostProcessor return type: Consider declaring such methods as 'static'.
2019-08-10 12:10:55,218 [main] INFO  o.s.context.support.PostProcessorRegistrationDelegate$BeanPostProcessorChecker - Bean 'org.springframework.transaction.annotation.ProxyTransactionManagementConfiguration' of type [org.springframework.transaction.annotation.ProxyTransactionManagementConfiguration$$EnhancerBySpringCGLIB$$bd12bfc6] is not eligible for getting processed by all BeanPostProcessors (for example: not eligible for auto-proxying)
2019-08-10 12:10:56,007 [main] INFO  org.springframework.boot.web.embedded.tomcat.TomcatWebServer - Tomcat initialized with port(s): 9080 (http)
2019-08-10 12:10:56,027 [main] INFO  org.apache.coyote.http11.Http11NioProtocol - Initializing ProtocolHandler ["http-nio-9080"]
2019-08-10 12:10:56,043 [main] INFO  org.apache.catalina.core.StandardService - Starting service [Tomcat]
2019-08-10 12:10:56,044 [main] INFO  org.apache.catalina.core.StandardEngine - Starting Servlet engine: [Apache Tomcat/9.0.21]
2019-08-10 12:10:56,327 [main] INFO  org.apache.jasper.servlet.TldScanner - At least one JAR was scanned for TLDs yet contained no TLDs. Enable debug logging for this logger for a complete list of JARs that were scanned but no TLDs were found in them. Skipping unneeded JARs during scanning can improve startup time and JSP compilation time.
2019-08-10 12:10:56,332 [main] INFO  org.apache.catalina.core.ContainerBase.[Tomcat].[localhost].[/] - Initializing Spring embedded WebApplicationContext
2019-08-10 12:10:56,332 [main] INFO  org.springframework.web.context.ContextLoader - Root WebApplicationContext: initialization completed in 4977 ms
2019-08-10 12:10:56,548 [main] INFO  org.springframework.cache.ehcache.EhCacheManagerFactoryBean - Initializing EhCache CacheManager
2019-08-10 12:10:57,155 [main] INFO  com.boot.Application$$EnhancerBySpringCGLIB$$f6a3cb4c - weeklyplan.
2019-08-10 12:10:57,173 [main] INFO  com.zaxxer.hikari.HikariDataSource - HikariPool-1 - Starting...
2019-08-10 12:10:57,374 [main] INFO  com.zaxxer.hikari.HikariDataSource - HikariPool-1 - Start completed.
2019-08-10 12:10:58,877 [main] INFO  org.springframework.scheduling.concurrent.ThreadPoolTaskExecutor - Initializing ExecutorService 'applicationTaskExecutor'
2019-08-10 12:10:59,132 [main] INFO  org.springframework.boot.autoconfigure.web.servlet.WelcomePageHandlerMapping - Adding welcome page: ServletContext resource [/index.html]
2019-08-10 12:10:59,186 [main] INFO  tk.mybatis.mapper.autoconfigure.MapperCacheDisabler - Clear tk.mybatis.mapper.genid.GenIdUtil CACHE cache.
2019-08-10 12:10:59,187 [main] INFO  tk.mybatis.mapper.autoconfigure.MapperCacheDisabler - Clear tk.mybatis.mapper.version.VersionUtil CACHE cache.
2019-08-10 12:10:59,188 [main] INFO  tk.mybatis.mapper.autoconfigure.MapperCacheDisabler - Clear EntityHelper entityTableMap cache.
2019-08-10 12:10:59,459 [main] INFO  org.springframework.boot.actuate.endpoint.web.EndpointLinksResolver - Exposing 15 endpoint(s) beneath base path '/actuator'
2019-08-10 12:10:59,525 [main] INFO  org.apache.coyote.http11.Http11NioProtocol - Starting ProtocolHandler ["http-nio-9080"]
2019-08-10 12:10:59,569 [main] INFO  org.springframework.boot.web.embedded.tomcat.TomcatWebServer - Tomcat started on port(s): 9080 (http) with context path ''
2019-08-10 12:10:59,573 [main] INFO  com.boot.Application - Started Application in 8.917 seconds (JVM running for 9.362)
2019-08-10 12:11:36,300 [http-nio-9080-exec-1] INFO  org.apache.catalina.core.ContainerBase.[Tomcat].[localhost].[/] - Initializing Spring DispatcherServlet 'dispatcherServlet'
2019-08-10 12:11:36,300 [http-nio-9080-exec-1] INFO  org.springframework.web.servlet.DispatcherServlet - Initializing Servlet 'dispatcherServlet'
2019-08-10 12:11:36,315 [http-nio-9080-exec-1] INFO  org.springframework.web.servlet.DispatcherServlet - Completed initialization in 15 ms
2019-08-10 12:11:36,365 [http-nio-9080-exec-1] INFO  com.boot.filter.AddressFilter -  ----------------------------Filter sysuser 用户对象在 session中没有找到，统一返回到登录界面!-------------------
2019-08-10 12:11:36,366 [http-nio-9080-exec-1] INFO  com.boot.filter.AddressFilter -  ----------------------------Filter 登录中没有相关的关键字，返回到登录道页!-------------------
2019-08-10 12:11:39,185 [http-nio-9080-exec-1] INFO  com.boot.web.sys.controller.SysUserController - loginCheck 得到了后台的用户信息，置到全局的session中，  进入到系统管理的首页面
2019-08-10 12:11:39,203 [http-nio-9080-exec-2] INFO  com.boot.filter.AddressFilter -  ----------------------------用户对象已经在session中，可以进行继续访问!-------------------
2019-08-10 12:11:39,205 [http-nio-9080-exec-2] INFO  com.boot.web.BaseAction -  登录验证成功，进入到系统管理的首页面
2019-08-10 12:11:39,259 [http-nio-9080-exec-3] INFO  com.boot.filter.AddressFilter -  ----------------------------用户对象已经在session中，可以进行继续访问!-------------------
2019-08-10 12:11:39,548 [http-nio-9080-exec-5] INFO  com.boot.filter.AddressFilter -  ----------------------------用户对象已经在session中，可以进行继续访问!-------------------
2019-08-10 12:11:39,730 [http-nio-9080-exec-4] INFO  com.boot.filter.AddressFilter -  ----------------------------用户对象已经在session中，可以进行继续访问!-------------------
2019-08-10 12:11:43,365 [http-nio-9080-exec-6] INFO  com.boot.filter.AddressFilter -  ----------------------------用户对象已经在session中，可以进行继续访问!-------------------
2019-08-10 12:11:43,395 [http-nio-9080-exec-6] INFO  com.boot.web.sys.service.SysUserService - Map<String, Object> mpGroupName江西农信驻场项目组
2019-08-10 12:11:43,403 [http-nio-9080-exec-6] INFO  com.boot.web.sys.service.SysUserService - Map<String, Object> mpPronull
2019-08-10 12:11:43,837 [http-nio-9080-exec-9] INFO  com.boot.filter.AddressFilter -  ----------------------------用户对象已经在session中，可以进行继续访问!-------------------
2019-08-10 12:11:43,853 [http-nio-9080-exec-9] INFO  com.boot.web.sys.service.SysUserService - Map<String, Object> mpGroupName江西农信驻场项目组
2019-08-10 12:11:43,858 [http-nio-9080-exec-9] INFO  com.boot.web.sys.service.SysUserService - Map<String, Object> mpPronull
