2019-08-21 16:13:47,396 [main] INFO  com.boot.serviceTest.UserServiceTest - Starting UserServiceTest on USER-20190120FQ with PID 12952 (started by zhaozulong in G:\GITBRANCH_LOCAL\sharewithothers\4quater)
2019-08-21 16:13:47,397 [main] INFO  com.boot.serviceTest.UserServiceTest - No active profile set, falling back to default profiles: default
2019-08-21 16:13:52,772 [main] INFO  org.springframework.context.annotation.ConfigurationClassPostProcessor - Cannot enhance @Configuration bean definition 'beetlConf' since its singleton instance has been created too early. The typical cause is a non-static @Bean method with a BeanDefinitionRegistryPostProcessor return type: Consider declaring such methods as 'static'.
2019-08-21 16:13:53,859 [main] INFO  o.s.context.support.PostProcessorRegistrationDelegate$BeanPostProcessorChecker - Bean 'org.springframework.transaction.annotation.ProxyTransactionManagementConfiguration' of type [org.springframework.transaction.annotation.ProxyTransactionManagementConfiguration$$EnhancerBySpringCGLIB$$73ad95c5] is not eligible for getting processed by all BeanPostProcessors (for example: not eligible for auto-proxying)
2019-08-21 16:13:54,377 [main] INFO  com.boot.Application$$EnhancerBySpringCGLIB$$ad3ea14b - weeklyplan.
2019-08-21 16:13:54,402 [main] INFO  com.zaxxer.hikari.HikariDataSource - HikariPool-1 - Starting...
2019-08-21 16:13:54,729 [main] INFO  com.zaxxer.hikari.HikariDataSource - HikariPool-1 - Start completed.
2019-08-21 16:13:57,266 [main] INFO  org.springframework.cache.ehcache.EhCacheManagerFactoryBean - Initializing EhCache CacheManager
2019-08-21 16:13:59,499 [main] INFO  org.springframework.scheduling.concurrent.ThreadPoolTaskExecutor - Initializing ExecutorService 'applicationTaskExecutor'
2019-08-21 16:14:00,141 [main] INFO  org.springframework.boot.autoconfigure.web.servlet.WelcomePageHandlerMapping - Adding welcome page: ServletContext resource [/index.html]
2019-08-21 16:14:00,556 [main] INFO  tk.mybatis.mapper.autoconfigure.MapperCacheDisabler - Clear tk.mybatis.mapper.genid.GenIdUtil CACHE cache.
2019-08-21 16:14:00,557 [main] INFO  tk.mybatis.mapper.autoconfigure.MapperCacheDisabler - Clear tk.mybatis.mapper.version.VersionUtil CACHE cache.
2019-08-21 16:14:00,559 [main] INFO  tk.mybatis.mapper.autoconfigure.MapperCacheDisabler - Clear EntityHelper entityTableMap cache.
2019-08-21 16:14:02,319 [main] INFO  org.springframework.boot.actuate.endpoint.web.EndpointLinksResolver - Exposing 15 endpoint(s) beneath base path '/actuator'
2019-08-21 16:14:02,535 [main] INFO  com.boot.serviceTest.UserServiceTest - Started UserServiceTest in 16.09 seconds (JVM running for 17.912)
2019-08-21 16:14:03,189 [main] INFO  com.boot.serviceTest.UserServiceTest - 查找结果com.boot.web.sys.model.SysUser@2f9a624c
2019-08-21 16:14:03,189 [main] INFO  com.boot.serviceTest.UserServiceTest - 查找结果==----------------------===
2019-08-21 16:14:19,922 [main] INFO  com.boot.web.todaywork.service.DoufuTodayWorkService - #=================开始分页查询【当天工作记录信息表】数据，带动态权限========================#
2019-08-21 16:14:21,518 [main] INFO  com.boot.web.todaywork.service.DoufuTodayWorkService - #=================动态权限查询成功！=================================#
2019-08-21 16:14:39,438 [main] INFO  com.boot.serviceTest.UserServiceTest - ----------------------------查找结果=====
2019-08-21 16:14:39,468 [Thread-5] INFO  com.boot.util.spring.listener.ApplicationContextCloseListener - spring父容器关闭
2019-08-21 16:14:39,474 [Thread-5] INFO  org.springframework.scheduling.concurrent.ThreadPoolTaskExecutor - Shutting down ExecutorService 'applicationTaskExecutor'
2019-08-21 16:14:39,478 [Thread-5] INFO  org.springframework.cache.ehcache.EhCacheManagerFactoryBean - Shutting down EhCache CacheManager
2019-08-21 16:14:39,660 [Thread-5] INFO  com.zaxxer.hikari.HikariDataSource - HikariPool-1 - Shutdown initiated...
2019-08-21 16:14:39,688 [Thread-5] INFO  com.zaxxer.hikari.HikariDataSource - HikariPool-1 - Shutdown completed.
2019-08-21 16:15:50,350 [main] INFO  com.boot.Application - Starting Application on USER-20190120FQ with PID 7636 (G:\GITBRANCH_LOCAL\sharewithothers\4quater\target\classes started by zhaozulong in G:\GITBRANCH_LOCAL\sharewithothers\4quater)
2019-08-21 16:15:50,354 [main] INFO  com.boot.Application - No active profile set, falling back to default profiles: default
2019-08-21 16:15:53,916 [main] INFO  org.springframework.context.annotation.ConfigurationClassPostProcessor - Cannot enhance @Configuration bean definition 'beetlConf' since its singleton instance has been created too early. The typical cause is a non-static @Bean method with a BeanDefinitionRegistryPostProcessor return type: Consider declaring such methods as 'static'.
2019-08-21 16:15:54,421 [main] INFO  o.s.context.support.PostProcessorRegistrationDelegate$BeanPostProcessorChecker - Bean 'org.springframework.transaction.annotation.ProxyTransactionManagementConfiguration' of type [org.springframework.transaction.annotation.ProxyTransactionManagementConfiguration$$EnhancerBySpringCGLIB$$7629fe31] is not eligible for getting processed by all BeanPostProcessors (for example: not eligible for auto-proxying)
2019-08-21 16:15:55,318 [main] INFO  org.springframework.boot.web.embedded.tomcat.TomcatWebServer - Tomcat initialized with port(s): 9080 (http)
2019-08-21 16:15:55,343 [main] INFO  org.apache.coyote.http11.Http11NioProtocol - Initializing ProtocolHandler ["http-nio-9080"]
2019-08-21 16:15:55,361 [main] INFO  org.apache.catalina.core.StandardService - Starting service [Tomcat]
2019-08-21 16:15:55,361 [main] INFO  org.apache.catalina.core.StandardEngine - Starting Servlet engine: [Apache Tomcat/9.0.21]
2019-08-21 16:15:55,699 [main] INFO  org.apache.jasper.servlet.TldScanner - At least one JAR was scanned for TLDs yet contained no TLDs. Enable debug logging for this logger for a complete list of JARs that were scanned but no TLDs were found in them. Skipping unneeded JARs during scanning can improve startup time and JSP compilation time.
2019-08-21 16:15:55,708 [main] INFO  org.apache.catalina.core.ContainerBase.[Tomcat].[localhost].[/] - Initializing Spring embedded WebApplicationContext
2019-08-21 16:15:55,709 [main] INFO  org.springframework.web.context.ContextLoader - Root WebApplicationContext: initialization completed in 5298 ms
2019-08-21 16:15:55,936 [main] INFO  org.springframework.cache.ehcache.EhCacheManagerFactoryBean - Initializing EhCache CacheManager
2019-08-21 16:15:56,671 [main] INFO  com.boot.Application$$EnhancerBySpringCGLIB$$afbb09b7 - weeklyplan.
2019-08-21 16:15:56,685 [main] INFO  com.zaxxer.hikari.HikariDataSource - HikariPool-1 - Starting...
2019-08-21 16:15:56,919 [main] INFO  com.zaxxer.hikari.HikariDataSource - HikariPool-1 - Start completed.
2019-08-21 16:15:58,535 [main] INFO  org.springframework.scheduling.concurrent.ThreadPoolTaskExecutor - Initializing ExecutorService 'applicationTaskExecutor'
2019-08-21 16:15:58,809 [main] INFO  org.springframework.boot.autoconfigure.web.servlet.WelcomePageHandlerMapping - Adding welcome page: ServletContext resource [/index.html]
2019-08-21 16:15:58,870 [main] INFO  tk.mybatis.mapper.autoconfigure.MapperCacheDisabler - Clear tk.mybatis.mapper.genid.GenIdUtil CACHE cache.
2019-08-21 16:15:58,871 [main] INFO  tk.mybatis.mapper.autoconfigure.MapperCacheDisabler - Clear tk.mybatis.mapper.version.VersionUtil CACHE cache.
2019-08-21 16:15:58,872 [main] INFO  tk.mybatis.mapper.autoconfigure.MapperCacheDisabler - Clear EntityHelper entityTableMap cache.
2019-08-21 16:15:59,233 [main] INFO  org.springframework.boot.actuate.endpoint.web.EndpointLinksResolver - Exposing 15 endpoint(s) beneath base path '/actuator'
2019-08-21 16:15:59,317 [main] INFO  org.apache.coyote.http11.Http11NioProtocol - Starting ProtocolHandler ["http-nio-9080"]
2019-08-21 16:15:59,394 [main] INFO  org.springframework.boot.web.embedded.tomcat.TomcatWebServer - Tomcat started on port(s): 9080 (http) with context path ''
2019-08-21 16:15:59,398 [main] INFO  com.boot.Application - Started Application in 9.668 seconds (JVM running for 10.117)
2019-08-21 16:16:22,387 [http-nio-9080-exec-2] INFO  org.apache.catalina.core.ContainerBase.[Tomcat].[localhost].[/] - Initializing Spring DispatcherServlet 'dispatcherServlet'
2019-08-21 16:16:22,387 [http-nio-9080-exec-2] INFO  org.springframework.web.servlet.DispatcherServlet - Initializing Servlet 'dispatcherServlet'
2019-08-21 16:16:22,397 [http-nio-9080-exec-2] INFO  org.springframework.web.servlet.DispatcherServlet - Completed initialization in 10 ms
2019-08-21 16:16:23,756 [http-nio-9080-exec-8] INFO  com.boot.web.sys.controller.SysUserController - loginCheck 得到了后台的用户信息，置到全局的session中，  进入到系统管理的首页面
2019-08-21 16:16:23,777 [http-nio-9080-exec-5] INFO  com.boot.filter.AddressFilter -  ----------------------------用户对象已经在session中，可以进行继续访问!-------------------
2019-08-21 16:16:23,779 [http-nio-9080-exec-5] INFO  com.boot.web.BaseAction -  登录验证成功，进入到系统管理的首页面
2019-08-21 16:16:24,006 [http-nio-9080-exec-10] INFO  com.boot.filter.AddressFilter -  ----------------------------用户对象已经在session中，可以进行继续访问!-------------------
2019-08-21 16:16:24,127 [http-nio-9080-exec-4] INFO  com.boot.filter.AddressFilter -  ----------------------------用户对象已经在session中，可以进行继续访问!-------------------
2019-08-21 16:16:26,805 [http-nio-9080-exec-3] INFO  com.boot.filter.AddressFilter -  ----------------------------用户对象已经在session中，可以进行继续访问!-------------------
2019-08-21 16:16:26,813 [http-nio-9080-exec-3] INFO  com.boot.web.sys.service.SysUserService - Map<String, Object> mpGroupName江西农信驻场项目组
2019-08-21 16:16:26,826 [http-nio-9080-exec-3] INFO  com.boot.web.sys.service.SysUserService - Map<String, Object> mpPronull
2019-08-21 16:16:27,005 [http-nio-9080-exec-7] INFO  com.boot.filter.AddressFilter -  ----------------------------用户对象已经在session中，可以进行继续访问!-------------------
2019-08-21 16:16:27,008 [http-nio-9080-exec-7] INFO  com.boot.web.sys.service.SysUserService - Map<String, Object> mpGroupName江西农信驻场项目组
2019-08-21 16:16:27,011 [http-nio-9080-exec-7] INFO  com.boot.web.sys.service.SysUserService - Map<String, Object> mpPronull
2019-08-21 16:16:27,272 [http-nio-9080-exec-8] INFO  com.boot.filter.AddressFilter -  ----------------------------用户对象已经在session中，可以进行继续访问!-------------------
2019-08-21 16:16:27,275 [http-nio-9080-exec-8] INFO  com.boot.web.sys.service.SysUserService - Map<String, Object> mpGroupName江西农信驻场项目组
2019-08-21 16:16:27,277 [http-nio-9080-exec-8] INFO  com.boot.web.sys.service.SysUserService - Map<String, Object> mpPronull
2019-08-21 16:16:28,237 [http-nio-9080-exec-5] INFO  com.boot.web.todaywork.controller.DoufuTodayWorkController - 开始保存当天工作记录信息表数据
2019-08-21 16:16:28,237 [http-nio-9080-exec-9] INFO  com.boot.web.todaywork.controller.DoufuTodayWorkController - 分页显示当天工作记录信息表，参数：{pageSize=20, pageNum=0}
2019-08-21 16:16:28,237 [http-nio-9080-exec-9] INFO  com.boot.web.todaywork.service.DoufuTodayWorkService - #=================开始分页查询【当天工作记录信息表】数据，带动态权限========================#
2019-08-21 16:16:28,263 [http-nio-9080-exec-5] INFO  com.boot.web.todaywork.controller.DoufuTodayWorkController - 批量插入，用时0.03秒
2019-08-21 16:16:28,292 [http-nio-9080-exec-9] INFO  com.boot.web.todaywork.service.DoufuTodayWorkService - #=================动态权限查询成功！=================================#
2019-08-21 16:16:28,362 [http-nio-9080-exec-10] INFO  com.boot.web.todaywork.controller.DoufuTodayWorkController - 分页显示当天工作记录信息表，参数：{pageSize=20, pageNum=0}
2019-08-21 16:16:28,363 [http-nio-9080-exec-10] INFO  com.boot.web.todaywork.service.DoufuTodayWorkService - #=================开始分页查询【当天工作记录信息表】数据，带动态权限========================#
2019-08-21 16:16:28,385 [http-nio-9080-exec-10] INFO  com.boot.web.todaywork.service.DoufuTodayWorkService - #=================动态权限查询成功！=================================#
2019-08-21 16:17:03,067 [http-nio-9080-exec-4] INFO  com.boot.filter.AddressFilter -  ----------------------------用户对象已经在session中，可以进行继续访问!-------------------
2019-08-21 16:17:03,501 [http-nio-9080-exec-6] INFO  com.boot.filter.AddressFilter -  ----------------------------用户对象已经在session中，可以进行继续访问!-------------------
2019-08-21 16:17:03,780 [http-nio-9080-exec-2] INFO  com.boot.filter.AddressFilter -  ----------------------------用户对象已经在session中，可以进行继续访问!-------------------
2019-08-21 16:17:13,077 [http-nio-9080-exec-1] INFO  com.boot.filter.AddressFilter -  ----------------------------用户对象已经在session中，可以进行继续访问!-------------------
2019-08-21 16:17:13,081 [http-nio-9080-exec-1] INFO  com.boot.web.sys.service.SysUserService - Map<String, Object> mpGroupName江西农信驻场项目组
2019-08-21 16:17:13,083 [http-nio-9080-exec-1] INFO  com.boot.web.sys.service.SysUserService - Map<String, Object> mpPronull
2019-08-21 16:17:14,842 [http-nio-9080-exec-6] INFO  com.boot.web.todaywork.controller.DoufuTodayWorkController - 开始保存当天工作记录信息表数据
2019-08-21 16:17:14,848 [http-nio-9080-exec-3] INFO  com.boot.web.todaywork.controller.DoufuTodayWorkController - 分页显示当天工作记录信息表，参数：{pageSize=20, pageNum=0}
2019-08-21 16:17:14,848 [http-nio-9080-exec-3] INFO  com.boot.web.todaywork.service.DoufuTodayWorkService - #=================开始分页查询【当天工作记录信息表】数据，带动态权限========================#
2019-08-21 16:17:14,855 [http-nio-9080-exec-6] INFO  com.boot.web.todaywork.controller.DoufuTodayWorkController - 批量插入，用时0.01秒
2019-08-21 16:17:14,864 [http-nio-9080-exec-3] INFO  com.boot.web.todaywork.service.DoufuTodayWorkService - #=================动态权限查询成功！=================================#
2019-08-21 16:17:14,888 [http-nio-9080-exec-7] INFO  com.boot.filter.AddressFilter -  ----------------------------用户对象已经在session中，可以进行继续访问!-------------------
2019-08-21 16:17:14,892 [http-nio-9080-exec-7] INFO  com.boot.web.sys.service.SysUserService - Map<String, Object> mpGroupName江西农信驻场项目组
2019-08-21 16:17:14,894 [http-nio-9080-exec-7] INFO  com.boot.web.sys.service.SysUserService - Map<String, Object> mpPronull
2019-08-21 16:17:14,942 [http-nio-9080-exec-9] INFO  com.boot.web.todaywork.controller.DoufuTodayWorkController - 分页显示当天工作记录信息表，参数：{pageSize=20, pageNum=0}
2019-08-21 16:17:14,942 [http-nio-9080-exec-9] INFO  com.boot.web.todaywork.service.DoufuTodayWorkService - #=================开始分页查询【当天工作记录信息表】数据，带动态权限========================#
2019-08-21 16:17:14,951 [http-nio-9080-exec-9] INFO  com.boot.web.todaywork.service.DoufuTodayWorkService - #=================动态权限查询成功！=================================#
2019-08-21 16:20:04,018 [main] INFO  com.boot.Application - Starting Application on USER-20190120FQ with PID 4920 (G:\GITBRANCH_LOCAL\sharewithothers\4quater\target\classes started by zhaozulong in G:\GITBRANCH_LOCAL\sharewithothers\4quater)
2019-08-21 16:20:04,027 [main] INFO  com.boot.Application - No active profile set, falling back to default profiles: default
2019-08-21 16:20:08,451 [main] INFO  org.springframework.context.annotation.ConfigurationClassPostProcessor - Cannot enhance @Configuration bean definition 'beetlConf' since its singleton instance has been created too early. The typical cause is a non-static @Bean method with a BeanDefinitionRegistryPostProcessor return type: Consider declaring such methods as 'static'.
2019-08-21 16:20:09,169 [main] INFO  o.s.context.support.PostProcessorRegistrationDelegate$BeanPostProcessorChecker - Bean 'org.springframework.transaction.annotation.ProxyTransactionManagementConfiguration' of type [org.springframework.transaction.annotation.ProxyTransactionManagementConfiguration$$EnhancerBySpringCGLIB$$ec51f9af] is not eligible for getting processed by all BeanPostProcessors (for example: not eligible for auto-proxying)
2019-08-21 16:20:10,204 [main] INFO  org.springframework.boot.web.embedded.tomcat.TomcatWebServer - Tomcat initialized with port(s): 9080 (http)
2019-08-21 16:20:10,239 [main] INFO  org.apache.coyote.http11.Http11NioProtocol - Initializing ProtocolHandler ["http-nio-9080"]
2019-08-21 16:20:10,263 [main] INFO  org.apache.catalina.core.StandardService - Starting service [Tomcat]
2019-08-21 16:20:10,263 [main] INFO  org.apache.catalina.core.StandardEngine - Starting Servlet engine: [Apache Tomcat/9.0.21]
2019-08-21 16:20:10,694 [main] INFO  org.apache.jasper.servlet.TldScanner - At least one JAR was scanned for TLDs yet contained no TLDs. Enable debug logging for this logger for a complete list of JARs that were scanned but no TLDs were found in them. Skipping unneeded JARs during scanning can improve startup time and JSP compilation time.
2019-08-21 16:20:10,704 [main] INFO  org.apache.catalina.core.ContainerBase.[Tomcat].[localhost].[/] - Initializing Spring embedded WebApplicationContext
2019-08-21 16:20:10,704 [main] INFO  org.springframework.web.context.ContextLoader - Root WebApplicationContext: initialization completed in 6592 ms
2019-08-21 16:20:11,000 [main] INFO  org.springframework.cache.ehcache.EhCacheManagerFactoryBean - Initializing EhCache CacheManager
2019-08-21 16:20:11,850 [main] INFO  com.boot.Application$$EnhancerBySpringCGLIB$$25e30535 - weeklyplan.
2019-08-21 16:20:11,870 [main] INFO  com.zaxxer.hikari.HikariDataSource - HikariPool-1 - Starting...
2019-08-21 16:20:12,177 [main] INFO  com.zaxxer.hikari.HikariDataSource - HikariPool-1 - Start completed.
2019-08-21 16:20:14,309 [main] INFO  org.springframework.scheduling.concurrent.ThreadPoolTaskExecutor - Initializing ExecutorService 'applicationTaskExecutor'
2019-08-21 16:20:14,638 [main] INFO  org.springframework.boot.autoconfigure.web.servlet.WelcomePageHandlerMapping - Adding welcome page: ServletContext resource [/index.html]
2019-08-21 16:20:14,735 [main] INFO  tk.mybatis.mapper.autoconfigure.MapperCacheDisabler - Clear tk.mybatis.mapper.genid.GenIdUtil CACHE cache.
2019-08-21 16:20:14,737 [main] INFO  tk.mybatis.mapper.autoconfigure.MapperCacheDisabler - Clear tk.mybatis.mapper.version.VersionUtil CACHE cache.
2019-08-21 16:20:14,739 [main] INFO  tk.mybatis.mapper.autoconfigure.MapperCacheDisabler - Clear EntityHelper entityTableMap cache.
2019-08-21 16:20:15,192 [main] INFO  org.springframework.boot.actuate.endpoint.web.EndpointLinksResolver - Exposing 15 endpoint(s) beneath base path '/actuator'
2019-08-21 16:20:15,318 [main] INFO  org.apache.coyote.http11.Http11NioProtocol - Starting ProtocolHandler ["http-nio-9080"]
2019-08-21 16:20:15,386 [main] INFO  org.springframework.boot.web.embedded.tomcat.TomcatWebServer - Tomcat started on port(s): 9080 (http) with context path ''
2019-08-21 16:20:15,391 [main] INFO  com.boot.Application - Started Application in 12.384 seconds (JVM running for 13.21)
2019-08-21 16:20:17,735 [http-nio-9080-exec-1] INFO  org.apache.catalina.core.ContainerBase.[Tomcat].[localhost].[/] - Initializing Spring DispatcherServlet 'dispatcherServlet'
2019-08-21 16:20:17,735 [http-nio-9080-exec-1] INFO  org.springframework.web.servlet.DispatcherServlet - Initializing Servlet 'dispatcherServlet'
2019-08-21 16:20:17,749 [http-nio-9080-exec-1] INFO  org.springframework.web.servlet.DispatcherServlet - Completed initialization in 14 ms
2019-08-21 16:20:17,788 [http-nio-9080-exec-1] INFO  com.boot.filter.AddressFilter -  ----------------------------Filter sysuser 用户对象在 session中没有找到，统一返回到登录界面!-------------------
2019-08-21 16:20:17,789 [http-nio-9080-exec-1] INFO  com.boot.filter.AddressFilter -  ----------------------------Filter 登录中没有相关的关键字，返回到登录道页!-------------------
2019-08-21 16:20:25,496 [http-nio-9080-exec-1] INFO  com.boot.web.sys.controller.SysUserController - loginCheck 得到了后台的用户信息，置到全局的session中，  进入到系统管理的首页面
2019-08-21 16:20:25,508 [http-nio-9080-exec-2] INFO  com.boot.filter.AddressFilter -  ----------------------------用户对象已经在session中，可以进行继续访问!-------------------
2019-08-21 16:20:25,509 [http-nio-9080-exec-2] INFO  com.boot.web.BaseAction -  登录验证成功，进入到系统管理的首页面
2019-08-21 16:20:25,575 [http-nio-9080-exec-4] INFO  com.boot.filter.AddressFilter -  ----------------------------用户对象已经在session中，可以进行继续访问!-------------------
2019-08-21 16:20:25,788 [http-nio-9080-exec-8] INFO  com.boot.filter.AddressFilter -  ----------------------------用户对象已经在session中，可以进行继续访问!-------------------
2019-08-21 16:20:25,928 [http-nio-9080-exec-6] INFO  com.boot.filter.AddressFilter -  ----------------------------用户对象已经在session中，可以进行继续访问!-------------------
2019-08-21 16:20:30,401 [http-nio-9080-exec-7] INFO  com.boot.filter.AddressFilter -  ----------------------------用户对象已经在session中，可以进行继续访问!-------------------
2019-08-21 16:20:30,412 [http-nio-9080-exec-7] INFO  com.boot.web.sys.service.SysUserService - Map<String, Object> mpGroupName江西农信驻场项目组
2019-08-21 16:20:30,417 [http-nio-9080-exec-7] INFO  com.boot.web.sys.service.SysUserService - Map<String, Object> mpPronull
2019-08-21 16:20:31,963 [http-nio-9080-exec-10] INFO  com.boot.web.todaywork.controller.DoufuTodayWorkController - 开始保存当天工作记录信息表数据
2019-08-21 16:20:31,998 [http-nio-9080-exec-10] INFO  com.boot.web.todaywork.controller.DoufuTodayWorkController - 批量插入，用时0.03秒
2019-08-21 16:20:32,093 [http-nio-9080-exec-9] INFO  com.boot.filter.AddressFilter -  ----------------------------用户对象已经在session中，可以进行继续访问!-------------------
2019-08-21 16:20:32,098 [http-nio-9080-exec-9] INFO  com.boot.web.sys.service.SysUserService - Map<String, Object> mpGroupName江西农信驻场项目组
2019-08-21 16:20:32,102 [http-nio-9080-exec-9] INFO  com.boot.web.sys.service.SysUserService - Map<String, Object> mpPronull
2019-08-21 16:20:38,640 [http-nio-9080-exec-5] INFO  com.boot.web.todaywork.controller.DoufuTodayWorkController - 分页显示当天工作记录信息表，参数：{pageSize=20, pageNum=0}
2019-08-21 16:20:39,995 [http-nio-9080-exec-5] INFO  com.boot.web.todaywork.service.DoufuTodayWorkService - #=================开始分页查询【当天工作记录信息表】数据，带动态权限========================#
2019-08-21 16:20:41,739 [http-nio-9080-exec-5] INFO  com.boot.web.todaywork.service.DoufuTodayWorkService - #=================动态权限查询成功！=================================#
2019-08-21 16:21:31,756 [http-nio-9080-exec-3] INFO  com.boot.filter.AddressFilter -  ----------------------------用户对象已经在session中，可以进行继续访问!-------------------
2019-08-21 16:21:32,054 [http-nio-9080-exec-2] INFO  com.boot.filter.AddressFilter -  ----------------------------用户对象已经在session中，可以进行继续访问!-------------------
2019-08-21 16:21:32,298 [http-nio-9080-exec-4] INFO  com.boot.filter.AddressFilter -  ----------------------------用户对象已经在session中，可以进行继续访问!-------------------
2019-08-21 16:23:12,091 [main] INFO  com.boot.Application - Starting Application on USER-20190120FQ with PID 15936 (G:\GITBRANCH_LOCAL\sharewithothers\4quater\target\classes started by zhaozulong in G:\GITBRANCH_LOCAL\sharewithothers\4quater)
2019-08-21 16:23:12,097 [main] INFO  com.boot.Application - No active profile set, falling back to default profiles: default
2019-08-21 16:23:16,697 [main] INFO  org.springframework.context.annotation.ConfigurationClassPostProcessor - Cannot enhance @Configuration bean definition 'beetlConf' since its singleton instance has been created too early. The typical cause is a non-static @Bean method with a BeanDefinitionRegistryPostProcessor return type: Consider declaring such methods as 'static'.
2019-08-21 16:23:17,387 [main] INFO  o.s.context.support.PostProcessorRegistrationDelegate$BeanPostProcessorChecker - Bean 'org.springframework.transaction.annotation.ProxyTransactionManagementConfiguration' of type [org.springframework.transaction.annotation.ProxyTransactionManagementConfiguration$$EnhancerBySpringCGLIB$$728730ce] is not eligible for getting processed by all BeanPostProcessors (for example: not eligible for auto-proxying)
2019-08-21 16:23:18,448 [main] INFO  org.springframework.boot.web.embedded.tomcat.TomcatWebServer - Tomcat initialized with port(s): 9080 (http)
2019-08-21 16:23:18,485 [main] INFO  org.apache.coyote.http11.Http11NioProtocol - Initializing ProtocolHandler ["http-nio-9080"]
2019-08-21 16:23:18,508 [main] INFO  org.apache.catalina.core.StandardService - Starting service [Tomcat]
2019-08-21 16:23:18,508 [main] INFO  org.apache.catalina.core.StandardEngine - Starting Servlet engine: [Apache Tomcat/9.0.21]
2019-08-21 16:23:18,960 [main] INFO  org.apache.jasper.servlet.TldScanner - At least one JAR was scanned for TLDs yet contained no TLDs. Enable debug logging for this logger for a complete list of JARs that were scanned but no TLDs were found in them. Skipping unneeded JARs during scanning can improve startup time and JSP compilation time.
2019-08-21 16:23:18,967 [main] INFO  org.apache.catalina.core.ContainerBase.[Tomcat].[localhost].[/] - Initializing Spring embedded WebApplicationContext
2019-08-21 16:23:18,967 [main] INFO  org.springframework.web.context.ContextLoader - Root WebApplicationContext: initialization completed in 6779 ms
2019-08-21 16:23:19,256 [main] INFO  org.springframework.cache.ehcache.EhCacheManagerFactoryBean - Initializing EhCache CacheManager
2019-08-21 16:23:20,069 [main] INFO  com.boot.Application$$EnhancerBySpringCGLIB$$ac183c54 - weeklyplan.
2019-08-21 16:23:20,085 [main] INFO  com.zaxxer.hikari.HikariDataSource - HikariPool-1 - Starting...
2019-08-21 16:23:20,388 [main] INFO  com.zaxxer.hikari.HikariDataSource - HikariPool-1 - Start completed.
2019-08-21 16:23:22,514 [main] INFO  org.springframework.scheduling.concurrent.ThreadPoolTaskExecutor - Initializing ExecutorService 'applicationTaskExecutor'
2019-08-21 16:23:22,882 [main] INFO  org.springframework.boot.autoconfigure.web.servlet.WelcomePageHandlerMapping - Adding welcome page: ServletContext resource [/index.html]
2019-08-21 16:23:22,951 [main] INFO  tk.mybatis.mapper.autoconfigure.MapperCacheDisabler - Clear tk.mybatis.mapper.genid.GenIdUtil CACHE cache.
2019-08-21 16:23:22,952 [main] INFO  tk.mybatis.mapper.autoconfigure.MapperCacheDisabler - Clear tk.mybatis.mapper.version.VersionUtil CACHE cache.
2019-08-21 16:23:22,954 [main] INFO  tk.mybatis.mapper.autoconfigure.MapperCacheDisabler - Clear EntityHelper entityTableMap cache.
2019-08-21 16:23:23,384 [main] INFO  org.springframework.boot.actuate.endpoint.web.EndpointLinksResolver - Exposing 15 endpoint(s) beneath base path '/actuator'
2019-08-21 16:23:23,525 [main] INFO  org.apache.coyote.http11.Http11NioProtocol - Starting ProtocolHandler ["http-nio-9080"]
2019-08-21 16:23:23,625 [main] INFO  org.springframework.boot.web.embedded.tomcat.TomcatWebServer - Tomcat started on port(s): 9080 (http) with context path ''
2019-08-21 16:23:23,630 [main] INFO  com.boot.Application - Started Application in 12.699 seconds (JVM running for 13.625)
2019-08-21 17:31:38,969 [http-nio-9080-exec-2] INFO  org.apache.catalina.core.ContainerBase.[Tomcat].[localhost].[/] - Initializing Spring DispatcherServlet 'dispatcherServlet'
2019-08-21 17:31:38,969 [http-nio-9080-exec-2] INFO  org.springframework.web.servlet.DispatcherServlet - Initializing Servlet 'dispatcherServlet'
2019-08-21 17:31:38,986 [http-nio-9080-exec-2] INFO  org.springframework.web.servlet.DispatcherServlet - Completed initialization in 17 ms
2019-08-21 17:31:39,024 [http-nio-9080-exec-2] INFO  com.boot.filter.AddressFilter -  ----------------------------Filter sysuser 用户对象在 session中没有找到，统一返回到登录界面!-------------------
2019-08-21 17:31:39,024 [http-nio-9080-exec-2] INFO  com.boot.filter.AddressFilter -  ----------------------------Filter 登录中没有相关的关键字，返回到登录道页!-------------------
2019-08-21 17:31:40,939 [http-nio-9080-exec-2] INFO  com.boot.web.sys.controller.SysUserController - loginCheck 得到了后台的用户信息，置到全局的session中，  进入到系统管理的首页面
2019-08-21 17:31:40,961 [http-nio-9080-exec-1] INFO  com.boot.filter.AddressFilter -  ----------------------------用户对象已经在session中，可以进行继续访问!-------------------
2019-08-21 17:31:40,963 [http-nio-9080-exec-1] INFO  com.boot.web.BaseAction -  登录验证成功，进入到系统管理的首页面
2019-08-21 17:31:41,017 [http-nio-9080-exec-3] INFO  com.boot.filter.AddressFilter -  ----------------------------用户对象已经在session中，可以进行继续访问!-------------------
2019-08-21 17:31:41,221 [http-nio-9080-exec-5] INFO  com.boot.filter.AddressFilter -  ----------------------------用户对象已经在session中，可以进行继续访问!-------------------
2019-08-21 17:31:41,337 [http-nio-9080-exec-4] INFO  com.boot.filter.AddressFilter -  ----------------------------用户对象已经在session中，可以进行继续访问!-------------------
2019-08-21 17:31:44,080 [http-nio-9080-exec-7] INFO  com.boot.filter.AddressFilter -  ----------------------------用户对象已经在session中，可以进行继续访问!-------------------
2019-08-21 17:31:44,094 [http-nio-9080-exec-7] INFO  com.boot.web.sys.service.SysUserService - Map<String, Object> mpGroupName江西农信驻场项目组
2019-08-21 17:31:44,099 [http-nio-9080-exec-7] INFO  com.boot.web.sys.service.SysUserService - Map<String, Object> mpPronull
2019-08-21 17:31:45,233 [http-nio-9080-exec-6] INFO  com.boot.filter.AddressFilter -  ----------------------------用户对象已经在session中，可以进行继续访问!-------------------
2019-08-21 17:31:45,238 [http-nio-9080-exec-6] INFO  com.boot.web.sys.service.SysUserService - Map<String, Object> mpGroupName江西农信驻场项目组
2019-08-21 17:31:45,240 [http-nio-9080-exec-6] INFO  com.boot.web.sys.service.SysUserService - Map<String, Object> mpPronull
2019-08-21 17:31:46,980 [http-nio-9080-exec-9] INFO  com.boot.web.todaywork.controller.DoufuTodayWorkController - 开始保存当天工作记录信息表数据
2019-08-21 17:31:47,013 [http-nio-9080-exec-9] INFO  com.boot.web.todaywork.controller.DoufuTodayWorkController - 批量插入，用时0.03秒
2019-08-21 17:31:47,097 [http-nio-9080-exec-2] INFO  com.boot.filter.AddressFilter -  ----------------------------用户对象已经在session中，可以进行继续访问!-------------------
2019-08-21 17:31:47,102 [http-nio-9080-exec-2] INFO  com.boot.web.sys.service.SysUserService - Map<String, Object> mpGroupName江西农信驻场项目组
2019-08-21 17:31:47,105 [http-nio-9080-exec-2] INFO  com.boot.web.sys.service.SysUserService - Map<String, Object> mpPronull
2019-08-21 17:31:47,120 [http-nio-9080-exec-1] INFO  com.boot.filter.AddressFilter -  ----------------------------用户对象已经在session中，可以进行继续访问!-------------------
2019-08-21 17:31:47,123 [http-nio-9080-exec-1] INFO  com.boot.web.sys.service.SysUserService - Map<String, Object> mpGroupName江西农信驻场项目组
2019-08-21 17:31:47,127 [http-nio-9080-exec-1] INFO  com.boot.web.sys.service.SysUserService - Map<String, Object> mpPronull
2019-08-21 17:31:55,904 [http-nio-9080-exec-10] INFO  com.boot.web.todaywork.controller.DoufuTodayWorkController - 分页显示当天工作记录信息表，参数：{pageSize=20, pageNum=0}
2019-08-21 17:31:57,172 [http-nio-9080-exec-10] INFO  com.boot.web.todaywork.service.DoufuTodayWorkService - #=================开始分页查询【当天工作记录信息表】数据，带动态权限========================#
2019-08-21 17:31:58,952 [http-nio-9080-exec-10] INFO  com.boot.web.todaywork.service.DoufuTodayWorkService - #=================动态权限查询成功！=================================#
2019-08-21 17:41:43,560 [main] INFO  com.boot.serviceTest.UserServiceTest - Starting UserServiceTest on USER-20190120FQ with PID 2684 (started by zhaozulong in G:\GITBRANCH_LOCAL\sharewithothers\4quater)
2019-08-21 17:41:43,561 [main] INFO  com.boot.serviceTest.UserServiceTest - No active profile set, falling back to default profiles: default
2019-08-21 17:41:48,110 [main] INFO  org.springframework.context.annotation.ConfigurationClassPostProcessor - Cannot enhance @Configuration bean definition 'beetlConf' since its singleton instance has been created too early. The typical cause is a non-static @Bean method with a BeanDefinitionRegistryPostProcessor return type: Consider declaring such methods as 'static'.
2019-08-21 17:41:49,098 [main] INFO  o.s.context.support.PostProcessorRegistrationDelegate$BeanPostProcessorChecker - Bean 'org.springframework.transaction.annotation.ProxyTransactionManagementConfiguration' of type [org.springframework.transaction.annotation.ProxyTransactionManagementConfiguration$$EnhancerBySpringCGLIB$$3a15645e] is not eligible for getting processed by all BeanPostProcessors (for example: not eligible for auto-proxying)
2019-08-21 17:41:49,565 [main] INFO  com.boot.Application$$EnhancerBySpringCGLIB$$73a66fe4 - weeklyplan.
2019-08-21 17:41:49,582 [main] INFO  com.zaxxer.hikari.HikariDataSource - HikariPool-1 - Starting...
2019-08-21 17:41:49,870 [main] INFO  com.zaxxer.hikari.HikariDataSource - HikariPool-1 - Start completed.
2019-08-21 17:41:52,036 [main] INFO  org.springframework.cache.ehcache.EhCacheManagerFactoryBean - Initializing EhCache CacheManager
2019-08-21 17:41:53,989 [main] INFO  org.springframework.scheduling.concurrent.ThreadPoolTaskExecutor - Initializing ExecutorService 'applicationTaskExecutor'
2019-08-21 17:41:54,687 [main] INFO  org.springframework.boot.autoconfigure.web.servlet.WelcomePageHandlerMapping - Adding welcome page: ServletContext resource [/index.html]
2019-08-21 17:41:55,076 [main] INFO  tk.mybatis.mapper.autoconfigure.MapperCacheDisabler - Clear tk.mybatis.mapper.genid.GenIdUtil CACHE cache.
2019-08-21 17:41:55,076 [main] INFO  tk.mybatis.mapper.autoconfigure.MapperCacheDisabler - Clear tk.mybatis.mapper.version.VersionUtil CACHE cache.
2019-08-21 17:41:55,077 [main] INFO  tk.mybatis.mapper.autoconfigure.MapperCacheDisabler - Clear EntityHelper entityTableMap cache.
2019-08-21 17:41:56,514 [main] INFO  org.springframework.boot.actuate.endpoint.web.EndpointLinksResolver - Exposing 15 endpoint(s) beneath base path '/actuator'
2019-08-21 17:41:56,700 [main] INFO  com.boot.serviceTest.UserServiceTest - Started UserServiceTest in 14.049 seconds (JVM running for 15.875)
2019-08-21 17:41:57,105 [main] INFO  com.boot.serviceTest.UserServiceTest - 查找结果com.boot.web.sys.model.SysUser@46646e38
2019-08-21 17:41:57,105 [main] INFO  com.boot.serviceTest.UserServiceTest - 查找结果==----------------------===
2019-08-21 17:42:29,130 [main] INFO  com.boot.web.todaywork.service.DoufuTodayWorkService - #=================开始分页查询【当天工作记录信息表】数据，带动态权限========================#
2019-08-21 17:42:30,798 [main] INFO  com.boot.web.todaywork.service.DoufuTodayWorkService - #=================动态权限查询成功！=================================#
2019-08-21 17:43:12,661 [main] INFO  com.boot.serviceTest.UserServiceTest - ----------------------------查找结果=====
2019-08-21 17:43:12,669 [Thread-5] INFO  com.boot.util.spring.listener.ApplicationContextCloseListener - spring父容器关闭
2019-08-21 17:43:12,674 [Thread-5] INFO  org.springframework.scheduling.concurrent.ThreadPoolTaskExecutor - Shutting down ExecutorService 'applicationTaskExecutor'
2019-08-21 17:43:12,677 [Thread-5] INFO  org.springframework.cache.ehcache.EhCacheManagerFactoryBean - Shutting down EhCache CacheManager
2019-08-21 17:43:12,684 [Thread-5] INFO  com.zaxxer.hikari.HikariDataSource - HikariPool-1 - Shutdown initiated...
2019-08-21 17:43:12,864 [Thread-5] INFO  com.zaxxer.hikari.HikariDataSource - HikariPool-1 - Shutdown completed.
2019-08-21 17:43:39,520 [main] INFO  com.boot.serviceTest.UserServiceTest - Starting UserServiceTest on USER-20190120FQ with PID 12512 (started by zhaozulong in G:\GITBRANCH_LOCAL\sharewithothers\4quater)
2019-08-21 17:43:39,522 [main] INFO  com.boot.serviceTest.UserServiceTest - No active profile set, falling back to default profiles: default
2019-08-21 17:43:43,098 [main] INFO  org.springframework.context.annotation.ConfigurationClassPostProcessor - Cannot enhance @Configuration bean definition 'beetlConf' since its singleton instance has been created too early. The typical cause is a non-static @Bean method with a BeanDefinitionRegistryPostProcessor return type: Consider declaring such methods as 'static'.
2019-08-21 17:43:43,761 [main] INFO  o.s.context.support.PostProcessorRegistrationDelegate$BeanPostProcessorChecker - Bean 'org.springframework.transaction.annotation.ProxyTransactionManagementConfiguration' of type [org.springframework.transaction.annotation.ProxyTransactionManagementConfiguration$$EnhancerBySpringCGLIB$$d698a0af] is not eligible for getting processed by all BeanPostProcessors (for example: not eligible for auto-proxying)
2019-08-21 17:43:44,158 [main] INFO  com.boot.Application$$EnhancerBySpringCGLIB$$1029ac35 - weeklyplan.
2019-08-21 17:43:44,173 [main] INFO  com.zaxxer.hikari.HikariDataSource - HikariPool-1 - Starting...
2019-08-21 17:43:44,366 [main] INFO  com.zaxxer.hikari.HikariDataSource - HikariPool-1 - Start completed.
2019-08-21 17:43:46,009 [main] INFO  org.springframework.cache.ehcache.EhCacheManagerFactoryBean - Initializing EhCache CacheManager
2019-08-21 17:43:47,741 [main] INFO  org.springframework.scheduling.concurrent.ThreadPoolTaskExecutor - Initializing ExecutorService 'applicationTaskExecutor'
2019-08-21 17:43:48,257 [main] INFO  org.springframework.boot.autoconfigure.web.servlet.WelcomePageHandlerMapping - Adding welcome page: ServletContext resource [/index.html]
2019-08-21 17:43:48,501 [main] INFO  tk.mybatis.mapper.autoconfigure.MapperCacheDisabler - Clear tk.mybatis.mapper.genid.GenIdUtil CACHE cache.
2019-08-21 17:43:48,502 [main] INFO  tk.mybatis.mapper.autoconfigure.MapperCacheDisabler - Clear tk.mybatis.mapper.version.VersionUtil CACHE cache.
2019-08-21 17:43:48,503 [main] INFO  tk.mybatis.mapper.autoconfigure.MapperCacheDisabler - Clear EntityHelper entityTableMap cache.
2019-08-21 17:43:49,772 [main] INFO  org.springframework.boot.actuate.endpoint.web.EndpointLinksResolver - Exposing 15 endpoint(s) beneath base path '/actuator'
2019-08-21 17:43:49,909 [main] INFO  com.boot.serviceTest.UserServiceTest - Started UserServiceTest in 10.908 seconds (JVM running for 11.887)
2019-08-21 17:43:50,316 [main] INFO  com.boot.serviceTest.UserServiceTest - 查找结果com.boot.web.sys.model.SysUser@1b0cfe11
2019-08-21 17:43:50,316 [main] INFO  com.boot.serviceTest.UserServiceTest - 查找结果==----------------------===
2019-08-21 17:43:50,316 [main] INFO  com.boot.web.todaywork.service.DoufuTodayWorkService - #=================开始分页查询【当天工作记录信息表】数据，带动态权限========================#
2019-08-21 17:43:50,366 [main] INFO  com.boot.web.todaywork.service.DoufuTodayWorkService - #=================动态权限查询成功！=================================#
2019-08-21 17:43:50,367 [main] INFO  com.boot.serviceTest.UserServiceTest - ----------------------------查找结果=====
2019-08-21 17:43:50,375 [Thread-5] INFO  com.boot.util.spring.listener.ApplicationContextCloseListener - spring父容器关闭
2019-08-21 17:43:50,380 [Thread-5] INFO  org.springframework.scheduling.concurrent.ThreadPoolTaskExecutor - Shutting down ExecutorService 'applicationTaskExecutor'
2019-08-21 17:43:50,384 [Thread-5] INFO  org.springframework.cache.ehcache.EhCacheManagerFactoryBean - Shutting down EhCache CacheManager
2019-08-21 17:43:50,393 [Thread-5] INFO  com.zaxxer.hikari.HikariDataSource - HikariPool-1 - Shutdown initiated...
2019-08-21 17:43:50,408 [Thread-5] INFO  com.zaxxer.hikari.HikariDataSource - HikariPool-1 - Shutdown completed.
2019-08-21 17:44:40,877 [main] INFO  com.boot.serviceTest.UserServiceTest - Starting UserServiceTest on USER-20190120FQ with PID 18616 (started by zhaozulong in G:\GITBRANCH_LOCAL\sharewithothers\4quater)
2019-08-21 17:44:40,879 [main] INFO  com.boot.serviceTest.UserServiceTest - No active profile set, falling back to default profiles: default
2019-08-21 17:44:45,191 [main] INFO  org.springframework.context.annotation.ConfigurationClassPostProcessor - Cannot enhance @Configuration bean definition 'beetlConf' since its singleton instance has been created too early. The typical cause is a non-static @Bean method with a BeanDefinitionRegistryPostProcessor return type: Consider declaring such methods as 'static'.
2019-08-21 17:44:46,210 [main] INFO  o.s.context.support.PostProcessorRegistrationDelegate$BeanPostProcessorChecker - Bean 'org.springframework.transaction.annotation.ProxyTransactionManagementConfiguration' of type [org.springframework.transaction.annotation.ProxyTransactionManagementConfiguration$$EnhancerBySpringCGLIB$$7ef3fa9c] is not eligible for getting processed by all BeanPostProcessors (for example: not eligible for auto-proxying)
2019-08-21 17:44:46,727 [main] INFO  com.boot.Application$$EnhancerBySpringCGLIB$$b8850622 - weeklyplan.
2019-08-21 17:44:46,745 [main] INFO  com.zaxxer.hikari.HikariDataSource - HikariPool-1 - Starting...
2019-08-21 17:44:47,003 [main] INFO  com.zaxxer.hikari.HikariDataSource - HikariPool-1 - Start completed.
2019-08-21 17:44:49,209 [main] INFO  org.springframework.cache.ehcache.EhCacheManagerFactoryBean - Initializing EhCache CacheManager
2019-08-21 17:44:51,078 [main] INFO  org.springframework.scheduling.concurrent.ThreadPoolTaskExecutor - Initializing ExecutorService 'applicationTaskExecutor'
2019-08-21 17:44:51,678 [main] INFO  org.springframework.boot.autoconfigure.web.servlet.WelcomePageHandlerMapping - Adding welcome page: ServletContext resource [/index.html]
2019-08-21 17:44:52,009 [main] INFO  tk.mybatis.mapper.autoconfigure.MapperCacheDisabler - Clear tk.mybatis.mapper.genid.GenIdUtil CACHE cache.
2019-08-21 17:44:52,010 [main] INFO  tk.mybatis.mapper.autoconfigure.MapperCacheDisabler - Clear tk.mybatis.mapper.version.VersionUtil CACHE cache.
2019-08-21 17:44:52,012 [main] INFO  tk.mybatis.mapper.autoconfigure.MapperCacheDisabler - Clear EntityHelper entityTableMap cache.
2019-08-21 17:44:53,506 [main] INFO  org.springframework.boot.actuate.endpoint.web.EndpointLinksResolver - Exposing 15 endpoint(s) beneath base path '/actuator'
2019-08-21 17:44:53,677 [main] INFO  com.boot.serviceTest.UserServiceTest - Started UserServiceTest in 13.604 seconds (JVM running for 15.163)
2019-08-21 17:44:54,110 [main] INFO  com.boot.serviceTest.UserServiceTest - 查找结果com.boot.web.sys.model.SysUser@2c792d36
2019-08-21 17:44:54,110 [main] INFO  com.boot.serviceTest.UserServiceTest - 查找结果==----------------------===
2019-08-21 17:44:57,438 [main] INFO  com.boot.web.todaywork.service.DoufuTodayWorkService - #=================开始分页查询【当天工作记录信息表】数据，带动态权限========================#
2019-08-21 17:45:42,390 [main] INFO  com.boot.web.todaywork.service.DoufuTodayWorkService - #=================动态权限查询成功！=================================#
2019-08-21 17:45:42,390 [main] INFO  com.boot.serviceTest.UserServiceTest - ----------------------------查找结果=====
2019-08-21 17:45:42,398 [Thread-5] INFO  com.boot.util.spring.listener.ApplicationContextCloseListener - spring父容器关闭
2019-08-21 17:45:42,403 [Thread-5] INFO  org.springframework.scheduling.concurrent.ThreadPoolTaskExecutor - Shutting down ExecutorService 'applicationTaskExecutor'
2019-08-21 17:45:42,404 [Thread-5] INFO  org.springframework.cache.ehcache.EhCacheManagerFactoryBean - Shutting down EhCache CacheManager
2019-08-21 17:45:42,413 [Thread-5] INFO  com.zaxxer.hikari.HikariDataSource - HikariPool-1 - Shutdown initiated...
2019-08-21 17:45:42,606 [Thread-5] INFO  com.zaxxer.hikari.HikariDataSource - HikariPool-1 - Shutdown completed.
2019-08-21 17:57:38,575 [main] INFO  com.boot.serviceTest.UserServiceTest - Starting UserServiceTest on USER-20190120FQ with PID 15960 (started by zhaozulong in G:\GITBRANCH_LOCAL\sharewithothers\4quater)
2019-08-21 17:57:38,577 [main] INFO  com.boot.serviceTest.UserServiceTest - No active profile set, falling back to default profiles: default
2019-08-21 17:57:43,170 [main] INFO  org.springframework.context.annotation.ConfigurationClassPostProcessor - Cannot enhance @Configuration bean definition 'beetlConf' since its singleton instance has been created too early. The typical cause is a non-static @Bean method with a BeanDefinitionRegistryPostProcessor return type: Consider declaring such methods as 'static'.
2019-08-21 17:57:44,212 [main] INFO  o.s.context.support.PostProcessorRegistrationDelegate$BeanPostProcessorChecker - Bean 'org.springframework.transaction.annotation.ProxyTransactionManagementConfiguration' of type [org.springframework.transaction.annotation.ProxyTransactionManagementConfiguration$$EnhancerBySpringCGLIB$$2cef1b8e] is not eligible for getting processed by all BeanPostProcessors (for example: not eligible for auto-proxying)
2019-08-21 17:57:44,746 [main] INFO  com.boot.Application$$EnhancerBySpringCGLIB$$66802714 - weeklyplan.
2019-08-21 17:57:44,769 [main] INFO  com.zaxxer.hikari.HikariDataSource - HikariPool-1 - Starting...
2019-08-21 17:57:45,062 [main] INFO  com.zaxxer.hikari.HikariDataSource - HikariPool-1 - Start completed.
2019-08-21 17:57:47,284 [main] INFO  org.springframework.cache.ehcache.EhCacheManagerFactoryBean - Initializing EhCache CacheManager
2019-08-21 17:57:49,292 [main] INFO  org.springframework.scheduling.concurrent.ThreadPoolTaskExecutor - Initializing ExecutorService 'applicationTaskExecutor'
2019-08-21 17:57:49,914 [main] INFO  org.springframework.boot.autoconfigure.web.servlet.WelcomePageHandlerMapping - Adding welcome page: ServletContext resource [/index.html]
2019-08-21 17:57:50,243 [main] INFO  tk.mybatis.mapper.autoconfigure.MapperCacheDisabler - Clear tk.mybatis.mapper.genid.GenIdUtil CACHE cache.
2019-08-21 17:57:50,244 [main] INFO  tk.mybatis.mapper.autoconfigure.MapperCacheDisabler - Clear tk.mybatis.mapper.version.VersionUtil CACHE cache.
2019-08-21 17:57:50,246 [main] INFO  tk.mybatis.mapper.autoconfigure.MapperCacheDisabler - Clear EntityHelper entityTableMap cache.
2019-08-21 17:57:51,709 [main] INFO  org.springframework.boot.actuate.endpoint.web.EndpointLinksResolver - Exposing 15 endpoint(s) beneath base path '/actuator'
2019-08-21 17:57:51,906 [main] INFO  com.boot.serviceTest.UserServiceTest - Started UserServiceTest in 14.178 seconds (JVM running for 15.744)
2019-08-21 17:57:52,393 [main] INFO  com.boot.serviceTest.UserServiceTest - 查找结果com.boot.web.sys.model.SysUser@317188d0
2019-08-21 17:57:52,394 [main] INFO  com.boot.serviceTest.UserServiceTest - 查找结果==----------------------===
2019-08-21 17:58:05,827 [main] INFO  com.boot.web.todaywork.service.DoufuTodayWorkService - #=================开始分页查询【当天工作记录信息表】数据，带动态权限========================#
2019-08-21 17:58:10,429 [main] INFO  com.boot.web.todaywork.service.DoufuTodayWorkService - #=================动态权限查询成功！=================================#
2019-08-21 17:58:30,413 [main] INFO  com.boot.web.todaywork.service.DoufuTodayWorkService - #=================开始根据不同条件查询一条【当天工作记录信息表】数据，返回实体对象========================#
2019-08-21 17:59:13,616 [main] INFO  com.boot.serviceTest.UserServiceTest - nested exception is org.apache.ibatis.exceptions.TooManyResultsException: Expected one result (or null) to be returned by selectOne(), but found: 34
2019-08-21 17:59:13,625 [Thread-5] INFO  com.boot.util.spring.listener.ApplicationContextCloseListener - spring父容器关闭
2019-08-21 17:59:13,631 [Thread-5] INFO  org.springframework.scheduling.concurrent.ThreadPoolTaskExecutor - Shutting down ExecutorService 'applicationTaskExecutor'
2019-08-21 17:59:13,635 [Thread-5] INFO  org.springframework.cache.ehcache.EhCacheManagerFactoryBean - Shutting down EhCache CacheManager
2019-08-21 17:59:13,646 [Thread-5] INFO  com.zaxxer.hikari.HikariDataSource - HikariPool-1 - Shutdown initiated...
2019-08-21 17:59:13,848 [Thread-5] INFO  com.zaxxer.hikari.HikariDataSource - HikariPool-1 - Shutdown completed.
2019-08-21 18:01:56,297 [main] INFO  com.boot.serviceTest.UserServiceTest - Starting UserServiceTest on USER-20190120FQ with PID 9996 (started by zhaozulong in G:\GITBRANCH_LOCAL\sharewithothers\4quater)
2019-08-21 18:01:56,299 [main] INFO  com.boot.serviceTest.UserServiceTest - No active profile set, falling back to default profiles: default
2019-08-21 18:02:01,206 [main] INFO  org.springframework.context.annotation.ConfigurationClassPostProcessor - Cannot enhance @Configuration bean definition 'beetlConf' since its singleton instance has been created too early. The typical cause is a non-static @Bean method with a BeanDefinitionRegistryPostProcessor return type: Consider declaring such methods as 'static'.
2019-08-21 18:02:02,247 [main] INFO  o.s.context.support.PostProcessorRegistrationDelegate$BeanPostProcessorChecker - Bean 'org.springframework.transaction.annotation.ProxyTransactionManagementConfiguration' of type [org.springframework.transaction.annotation.ProxyTransactionManagementConfiguration$$EnhancerBySpringCGLIB$$dec2a7eb] is not eligible for getting processed by all BeanPostProcessors (for example: not eligible for auto-proxying)
2019-08-21 18:02:02,753 [main] INFO  com.boot.Application$$EnhancerBySpringCGLIB$$1853b371 - weeklyplan.
2019-08-21 18:02:02,769 [main] INFO  com.zaxxer.hikari.HikariDataSource - HikariPool-1 - Starting...
2019-08-21 18:02:03,074 [main] INFO  com.zaxxer.hikari.HikariDataSource - HikariPool-1 - Start completed.
2019-08-21 18:02:05,333 [main] INFO  org.springframework.cache.ehcache.EhCacheManagerFactoryBean - Initializing EhCache CacheManager
2019-08-21 18:02:07,432 [main] INFO  org.springframework.scheduling.concurrent.ThreadPoolTaskExecutor - Initializing ExecutorService 'applicationTaskExecutor'
2019-08-21 18:02:08,073 [main] INFO  org.springframework.boot.autoconfigure.web.servlet.WelcomePageHandlerMapping - Adding welcome page: ServletContext resource [/index.html]
2019-08-21 18:02:08,414 [main] INFO  tk.mybatis.mapper.autoconfigure.MapperCacheDisabler - Clear tk.mybatis.mapper.genid.GenIdUtil CACHE cache.
2019-08-21 18:02:08,415 [main] INFO  tk.mybatis.mapper.autoconfigure.MapperCacheDisabler - Clear tk.mybatis.mapper.version.VersionUtil CACHE cache.
2019-08-21 18:02:08,417 [main] INFO  tk.mybatis.mapper.autoconfigure.MapperCacheDisabler - Clear EntityHelper entityTableMap cache.
2019-08-21 18:02:09,990 [main] INFO  org.springframework.boot.actuate.endpoint.web.EndpointLinksResolver - Exposing 15 endpoint(s) beneath base path '/actuator'
2019-08-21 18:02:10,185 [main] INFO  com.boot.serviceTest.UserServiceTest - Started UserServiceTest in 14.81 seconds (JVM running for 16.422)
2019-08-21 18:02:10,643 [main] INFO  com.boot.serviceTest.UserServiceTest - 查找结果com.boot.web.sys.model.SysUser@3871f21b
2019-08-21 18:02:10,644 [main] INFO  com.boot.serviceTest.UserServiceTest - 查找结果==----------------------===
2019-08-21 18:03:46,247 [main] INFO  com.boot.web.todaywork.service.DoufuTodayWorkService - #=================开始分页查询【当天工作记录信息表】数据，带动态权限========================#
2019-08-21 18:05:48,150 [main] INFO  com.boot.web.todaywork.service.DoufuTodayWorkService - #=================动态权限查询成功！=================================#
2019-08-21 18:05:48,150 [main] INFO  com.boot.web.todaywork.service.DoufuTodayWorkService - #=================开始根据不同条件查询一条【当天工作记录信息表】数据，返回实体对象========================#
2019-08-21 18:05:48,185 [main] INFO  com.boot.serviceTest.UserServiceTest - nested exception is org.apache.ibatis.exceptions.TooManyResultsException: Expected one result (or null) to be returned by selectOne(), but found: 34
2019-08-21 18:05:48,194 [Thread-5] INFO  com.boot.util.spring.listener.ApplicationContextCloseListener - spring父容器关闭
2019-08-21 18:05:48,199 [Thread-5] INFO  org.springframework.scheduling.concurrent.ThreadPoolTaskExecutor - Shutting down ExecutorService 'applicationTaskExecutor'
2019-08-21 18:05:48,202 [Thread-5] INFO  org.springframework.cache.ehcache.EhCacheManagerFactoryBean - Shutting down EhCache CacheManager
2019-08-21 18:05:48,213 [Thread-5] INFO  com.zaxxer.hikari.HikariDataSource - HikariPool-1 - Shutdown initiated...
2019-08-21 18:05:48,386 [Thread-5] INFO  com.zaxxer.hikari.HikariDataSource - HikariPool-1 - Shutdown completed.
2019-08-21 18:06:57,505 [main] INFO  com.boot.serviceTest.UserServiceTest - Starting UserServiceTest on USER-20190120FQ with PID 22080 (started by zhaozulong in G:\GITBRANCH_LOCAL\sharewithothers\4quater)
2019-08-21 18:06:57,507 [main] INFO  com.boot.serviceTest.UserServiceTest - No active profile set, falling back to default profiles: default
2019-08-21 18:07:02,385 [main] INFO  org.springframework.context.annotation.ConfigurationClassPostProcessor - Cannot enhance @Configuration bean definition 'beetlConf' since its singleton instance has been created too early. The typical cause is a non-static @Bean method with a BeanDefinitionRegistryPostProcessor return type: Consider declaring such methods as 'static'.
2019-08-21 18:07:03,353 [main] INFO  o.s.context.support.PostProcessorRegistrationDelegate$BeanPostProcessorChecker - Bean 'org.springframework.transaction.annotation.ProxyTransactionManagementConfiguration' of type [org.springframework.transaction.annotation.ProxyTransactionManagementConfiguration$$EnhancerBySpringCGLIB$$5bb11d12] is not eligible for getting processed by all BeanPostProcessors (for example: not eligible for auto-proxying)
2019-08-21 18:07:03,864 [main] INFO  com.boot.Application$$EnhancerBySpringCGLIB$$95422898 - weeklyplan.
2019-08-21 18:07:03,881 [main] INFO  com.zaxxer.hikari.HikariDataSource - HikariPool-1 - Starting...
2019-08-21 18:07:04,170 [main] INFO  com.zaxxer.hikari.HikariDataSource - HikariPool-1 - Start completed.
2019-08-21 18:07:06,324 [main] INFO  org.springframework.cache.ehcache.EhCacheManagerFactoryBean - Initializing EhCache CacheManager
2019-08-21 18:07:08,408 [main] INFO  org.springframework.scheduling.concurrent.ThreadPoolTaskExecutor - Initializing ExecutorService 'applicationTaskExecutor'
2019-08-21 18:07:09,021 [main] INFO  org.springframework.boot.autoconfigure.web.servlet.WelcomePageHandlerMapping - Adding welcome page: ServletContext resource [/index.html]
2019-08-21 18:07:09,374 [main] INFO  tk.mybatis.mapper.autoconfigure.MapperCacheDisabler - Clear tk.mybatis.mapper.genid.GenIdUtil CACHE cache.
2019-08-21 18:07:09,377 [main] INFO  tk.mybatis.mapper.autoconfigure.MapperCacheDisabler - Clear tk.mybatis.mapper.version.VersionUtil CACHE cache.
2019-08-21 18:07:09,378 [main] INFO  tk.mybatis.mapper.autoconfigure.MapperCacheDisabler - Clear EntityHelper entityTableMap cache.
2019-08-21 18:07:10,935 [main] INFO  org.springframework.boot.actuate.endpoint.web.EndpointLinksResolver - Exposing 15 endpoint(s) beneath base path '/actuator'
2019-08-21 18:07:11,128 [main] INFO  com.boot.serviceTest.UserServiceTest - Started UserServiceTest in 14.445 seconds (JVM running for 16.02)
2019-08-21 18:07:11,559 [main] INFO  com.boot.serviceTest.UserServiceTest - 查找结果com.boot.web.sys.model.SysUser@5b57bd5b
2019-08-21 18:07:11,560 [main] INFO  com.boot.serviceTest.UserServiceTest - 查找结果==----------------------===
2019-08-21 18:07:32,773 [main] INFO  com.boot.web.todaywork.service.DoufuTodayWorkService - #=================开始分页查询【当天工作记录信息表】数据，带动态权限========================#
2019-08-21 18:10:31,905 [main] INFO  com.boot.serviceTest.UserServiceTest - Starting UserServiceTest on USER-20190120FQ with PID 17388 (started by zhaozulong in G:\GITBRANCH_LOCAL\sharewithothers\4quater)
2019-08-21 18:10:31,907 [main] INFO  com.boot.serviceTest.UserServiceTest - No active profile set, falling back to default profiles: default
2019-08-21 18:10:36,386 [main] INFO  org.springframework.context.annotation.ConfigurationClassPostProcessor - Cannot enhance @Configuration bean definition 'beetlConf' since its singleton instance has been created too early. The typical cause is a non-static @Bean method with a BeanDefinitionRegistryPostProcessor return type: Consider declaring such methods as 'static'.
2019-08-21 18:10:37,381 [main] INFO  o.s.context.support.PostProcessorRegistrationDelegate$BeanPostProcessorChecker - Bean 'org.springframework.transaction.annotation.ProxyTransactionManagementConfiguration' of type [org.springframework.transaction.annotation.ProxyTransactionManagementConfiguration$$EnhancerBySpringCGLIB$$1684878] is not eligible for getting processed by all BeanPostProcessors (for example: not eligible for auto-proxying)
2019-08-21 18:10:37,882 [main] INFO  com.boot.Application$$EnhancerBySpringCGLIB$$3af953fe - weeklyplan.
2019-08-21 18:10:37,904 [main] INFO  com.zaxxer.hikari.HikariDataSource - HikariPool-1 - Starting...
2019-08-21 18:10:38,185 [main] INFO  com.zaxxer.hikari.HikariDataSource - HikariPool-1 - Start completed.
2019-08-21 18:10:40,355 [main] INFO  org.springframework.cache.ehcache.EhCacheManagerFactoryBean - Initializing EhCache CacheManager
2019-08-21 18:10:42,384 [main] INFO  org.springframework.scheduling.concurrent.ThreadPoolTaskExecutor - Initializing ExecutorService 'applicationTaskExecutor'
2019-08-21 18:10:43,028 [main] INFO  org.springframework.boot.autoconfigure.web.servlet.WelcomePageHandlerMapping - Adding welcome page: ServletContext resource [/index.html]
2019-08-21 18:10:43,405 [main] INFO  tk.mybatis.mapper.autoconfigure.MapperCacheDisabler - Clear tk.mybatis.mapper.genid.GenIdUtil CACHE cache.
2019-08-21 18:10:43,406 [main] INFO  tk.mybatis.mapper.autoconfigure.MapperCacheDisabler - Clear tk.mybatis.mapper.version.VersionUtil CACHE cache.
2019-08-21 18:10:43,408 [main] INFO  tk.mybatis.mapper.autoconfigure.MapperCacheDisabler - Clear EntityHelper entityTableMap cache.
2019-08-21 18:10:44,997 [main] INFO  org.springframework.boot.actuate.endpoint.web.EndpointLinksResolver - Exposing 15 endpoint(s) beneath base path '/actuator'
2019-08-21 18:10:45,193 [main] INFO  com.boot.serviceTest.UserServiceTest - Started UserServiceTest in 14.139 seconds (JVM running for 15.734)
2019-08-21 18:10:45,655 [main] INFO  com.boot.serviceTest.UserServiceTest - 查找结果com.boot.web.sys.model.SysUser@54fe40e0
2019-08-21 18:10:45,656 [main] INFO  com.boot.serviceTest.UserServiceTest - 查找结果==----------------------===
2019-08-21 18:10:55,102 [main] INFO  com.boot.web.todaywork.service.DoufuTodayWorkService - #=================开始分页查询【当天工作记录信息表】数据，带动态权限========================#
2019-08-21 18:18:01,729 [main] INFO  com.boot.web.todaywork.service.DoufuTodayWorkService - #=================动态权限查询成功！=================================#
2019-08-21 18:18:01,729 [main] INFO  com.boot.serviceTest.UserServiceTest - ----------------------------查找结果=====
2019-08-21 18:18:01,739 [Thread-5] INFO  com.boot.util.spring.listener.ApplicationContextCloseListener - spring父容器关闭
2019-08-21 18:18:01,746 [Thread-5] INFO  org.springframework.scheduling.concurrent.ThreadPoolTaskExecutor - Shutting down ExecutorService 'applicationTaskExecutor'
2019-08-21 18:18:01,750 [Thread-5] INFO  org.springframework.cache.ehcache.EhCacheManagerFactoryBean - Shutting down EhCache CacheManager
2019-08-21 18:18:01,761 [Thread-5] INFO  com.zaxxer.hikari.HikariDataSource - HikariPool-1 - Shutdown initiated...
2019-08-21 18:18:01,955 [Thread-5] INFO  com.zaxxer.hikari.HikariDataSource - HikariPool-1 - Shutdown completed.
2019-08-21 18:21:33,160 [main] INFO  com.boot.serviceTest.UserServiceTest - Starting UserServiceTest on USER-20190120FQ with PID 12236 (started by zhaozulong in G:\GITBRANCH_LOCAL\sharewithothers\4quater)
2019-08-21 18:21:33,162 [main] INFO  com.boot.serviceTest.UserServiceTest - No active profile set, falling back to default profiles: default
2019-08-21 18:21:36,966 [main] INFO  org.springframework.context.annotation.ConfigurationClassPostProcessor - Cannot enhance @Configuration bean definition 'beetlConf' since its singleton instance has been created too early. The typical cause is a non-static @Bean method with a BeanDefinitionRegistryPostProcessor return type: Consider declaring such methods as 'static'.
2019-08-21 18:21:37,596 [main] INFO  o.s.context.support.PostProcessorRegistrationDelegate$BeanPostProcessorChecker - Bean 'org.springframework.transaction.annotation.ProxyTransactionManagementConfiguration' of type [org.springframework.transaction.annotation.ProxyTransactionManagementConfiguration$$EnhancerBySpringCGLIB$$4a7cb266] is not eligible for getting processed by all BeanPostProcessors (for example: not eligible for auto-proxying)
2019-08-21 18:21:37,995 [main] INFO  com.boot.Application$$EnhancerBySpringCGLIB$$840dbdec - weeklyplan.
2019-08-21 18:21:38,012 [main] INFO  com.zaxxer.hikari.HikariDataSource - HikariPool-1 - Starting...
2019-08-21 18:21:38,216 [main] INFO  com.zaxxer.hikari.HikariDataSource - HikariPool-1 - Start completed.
2019-08-21 18:21:39,915 [main] INFO  org.springframework.cache.ehcache.EhCacheManagerFactoryBean - Initializing EhCache CacheManager
2019-08-21 18:21:41,677 [main] INFO  org.springframework.scheduling.concurrent.ThreadPoolTaskExecutor - Initializing ExecutorService 'applicationTaskExecutor'
2019-08-21 18:21:42,157 [main] INFO  org.springframework.boot.autoconfigure.web.servlet.WelcomePageHandlerMapping - Adding welcome page: ServletContext resource [/index.html]
2019-08-21 18:21:42,402 [main] INFO  tk.mybatis.mapper.autoconfigure.MapperCacheDisabler - Clear tk.mybatis.mapper.genid.GenIdUtil CACHE cache.
2019-08-21 18:21:42,403 [main] INFO  tk.mybatis.mapper.autoconfigure.MapperCacheDisabler - Clear tk.mybatis.mapper.version.VersionUtil CACHE cache.
2019-08-21 18:21:42,404 [main] INFO  tk.mybatis.mapper.autoconfigure.MapperCacheDisabler - Clear EntityHelper entityTableMap cache.
2019-08-21 18:21:43,682 [main] INFO  org.springframework.boot.actuate.endpoint.web.EndpointLinksResolver - Exposing 15 endpoint(s) beneath base path '/actuator'
2019-08-21 18:21:43,835 [main] INFO  com.boot.serviceTest.UserServiceTest - Started UserServiceTest in 11.204 seconds (JVM running for 12.147)
2019-08-21 18:21:44,263 [main] INFO  com.boot.serviceTest.UserServiceTest - 查找结果com.boot.web.sys.model.SysUser@402c3dce
2019-08-21 18:21:44,263 [main] INFO  com.boot.serviceTest.UserServiceTest - 查找结果==----------------------===
2019-08-21 18:21:44,263 [main] INFO  com.boot.web.todaywork.service.DoufuTodayWorkService - #=================开始分页查询【当天工作记录信息表】数据，带动态权限========================#
2019-08-21 18:21:44,314 [main] INFO  com.boot.web.todaywork.service.DoufuTodayWorkService - #=================动态权限查询成功！=================================#
2019-08-21 18:21:44,314 [main] INFO  com.boot.serviceTest.UserServiceTest - ----------------------------查找结果=====
2019-08-21 18:21:44,323 [Thread-5] INFO  com.boot.util.spring.listener.ApplicationContextCloseListener - spring父容器关闭
2019-08-21 18:21:44,329 [Thread-5] INFO  org.springframework.scheduling.concurrent.ThreadPoolTaskExecutor - Shutting down ExecutorService 'applicationTaskExecutor'
2019-08-21 18:21:44,333 [Thread-5] INFO  org.springframework.cache.ehcache.EhCacheManagerFactoryBean - Shutting down EhCache CacheManager
2019-08-21 18:21:44,341 [Thread-5] INFO  com.zaxxer.hikari.HikariDataSource - HikariPool-1 - Shutdown initiated...
2019-08-21 18:21:44,354 [Thread-5] INFO  com.zaxxer.hikari.HikariDataSource - HikariPool-1 - Shutdown completed.
2019-08-21 18:21:59,524 [main] INFO  com.boot.serviceTest.UserServiceTest - Starting UserServiceTest on USER-20190120FQ with PID 21768 (started by zhaozulong in G:\GITBRANCH_LOCAL\sharewithothers\4quater)
2019-08-21 18:21:59,527 [main] INFO  com.boot.serviceTest.UserServiceTest - No active profile set, falling back to default profiles: default
2019-08-21 18:22:04,207 [main] INFO  org.springframework.context.annotation.ConfigurationClassPostProcessor - Cannot enhance @Configuration bean definition 'beetlConf' since its singleton instance has been created too early. The typical cause is a non-static @Bean method with a BeanDefinitionRegistryPostProcessor return type: Consider declaring such methods as 'static'.
2019-08-21 18:22:05,225 [main] INFO  o.s.context.support.PostProcessorRegistrationDelegate$BeanPostProcessorChecker - Bean 'org.springframework.transaction.annotation.ProxyTransactionManagementConfiguration' of type [org.springframework.transaction.annotation.ProxyTransactionManagementConfiguration$$EnhancerBySpringCGLIB$$c9ed9c68] is not eligible for getting processed by all BeanPostProcessors (for example: not eligible for auto-proxying)
2019-08-21 18:22:05,765 [main] INFO  com.boot.Application$$EnhancerBySpringCGLIB$$37ea7ee - weeklyplan.
2019-08-21 18:22:05,782 [main] INFO  com.zaxxer.hikari.HikariDataSource - HikariPool-1 - Starting...
2019-08-21 18:22:06,066 [main] INFO  com.zaxxer.hikari.HikariDataSource - HikariPool-1 - Start completed.
2019-08-21 18:22:08,209 [main] INFO  org.springframework.cache.ehcache.EhCacheManagerFactoryBean - Initializing EhCache CacheManager
2019-08-21 18:22:10,292 [main] INFO  org.springframework.scheduling.concurrent.ThreadPoolTaskExecutor - Initializing ExecutorService 'applicationTaskExecutor'
2019-08-21 18:22:10,956 [main] INFO  org.springframework.boot.autoconfigure.web.servlet.WelcomePageHandlerMapping - Adding welcome page: ServletContext resource [/index.html]
2019-08-21 18:22:11,320 [main] INFO  tk.mybatis.mapper.autoconfigure.MapperCacheDisabler - Clear tk.mybatis.mapper.genid.GenIdUtil CACHE cache.
2019-08-21 18:22:11,322 [main] INFO  tk.mybatis.mapper.autoconfigure.MapperCacheDisabler - Clear tk.mybatis.mapper.version.VersionUtil CACHE cache.
2019-08-21 18:22:11,324 [main] INFO  tk.mybatis.mapper.autoconfigure.MapperCacheDisabler - Clear EntityHelper entityTableMap cache.
2019-08-21 18:22:12,945 [main] INFO  org.springframework.boot.actuate.endpoint.web.EndpointLinksResolver - Exposing 15 endpoint(s) beneath base path '/actuator'
2019-08-21 18:22:13,117 [main] INFO  com.boot.serviceTest.UserServiceTest - Started UserServiceTest in 14.473 seconds (JVM running for 16.05)
2019-08-21 18:22:13,592 [main] INFO  com.boot.serviceTest.UserServiceTest - 查找结果com.boot.web.sys.model.SysUser@6f810a8c
2019-08-21 18:22:13,592 [main] INFO  com.boot.serviceTest.UserServiceTest - 查找结果==----------------------===
2019-08-21 18:22:29,190 [main] INFO  com.boot.web.todaywork.service.DoufuTodayWorkService - #=================开始分页查询【当天工作记录信息表】数据，带动态权限========================#
2019-08-21 18:22:41,222 [main] INFO  com.boot.web.todaywork.service.DoufuTodayWorkService - #=================动态权限查询成功！=================================#
2019-08-21 18:22:41,222 [main] INFO  com.boot.serviceTest.UserServiceTest - ----------------------------查找结果=====
2019-08-21 18:22:41,230 [Thread-5] INFO  com.boot.util.spring.listener.ApplicationContextCloseListener - spring父容器关闭
2019-08-21 18:22:41,236 [Thread-5] INFO  org.springframework.scheduling.concurrent.ThreadPoolTaskExecutor - Shutting down ExecutorService 'applicationTaskExecutor'
2019-08-21 18:22:41,240 [Thread-5] INFO  org.springframework.cache.ehcache.EhCacheManagerFactoryBean - Shutting down EhCache CacheManager
2019-08-21 18:22:41,250 [Thread-5] INFO  com.zaxxer.hikari.HikariDataSource - HikariPool-1 - Shutdown initiated...
2019-08-21 18:22:41,265 [Thread-5] INFO  com.zaxxer.hikari.HikariDataSource - HikariPool-1 - Shutdown completed.
2019-08-21 18:25:08,119 [main] INFO  com.boot.serviceTest.UserServiceTest - Starting UserServiceTest on USER-20190120FQ with PID 22520 (started by zhaozulong in G:\GITBRANCH_LOCAL\sharewithothers\4quater)
2019-08-21 18:25:08,121 [main] INFO  com.boot.serviceTest.UserServiceTest - No active profile set, falling back to default profiles: default
2019-08-21 18:25:12,616 [main] INFO  org.springframework.context.annotation.ConfigurationClassPostProcessor - Cannot enhance @Configuration bean definition 'beetlConf' since its singleton instance has been created too early. The typical cause is a non-static @Bean method with a BeanDefinitionRegistryPostProcessor return type: Consider declaring such methods as 'static'.
2019-08-21 18:25:13,622 [main] INFO  o.s.context.support.PostProcessorRegistrationDelegate$BeanPostProcessorChecker - Bean 'org.springframework.transaction.annotation.ProxyTransactionManagementConfiguration' of type [org.springframework.transaction.annotation.ProxyTransactionManagementConfiguration$$EnhancerBySpringCGLIB$$f654255d] is not eligible for getting processed by all BeanPostProcessors (for example: not eligible for auto-proxying)
2019-08-21 18:25:14,122 [main] INFO  com.boot.Application$$EnhancerBySpringCGLIB$$2fe530e3 - weeklyplan.
2019-08-21 18:25:14,143 [main] INFO  com.zaxxer.hikari.HikariDataSource - HikariPool-1 - Starting...
2019-08-21 18:25:14,412 [main] INFO  com.zaxxer.hikari.HikariDataSource - HikariPool-1 - Start completed.
2019-08-21 18:25:16,647 [main] INFO  org.springframework.cache.ehcache.EhCacheManagerFactoryBean - Initializing EhCache CacheManager
2019-08-21 18:25:18,722 [main] INFO  org.springframework.scheduling.concurrent.ThreadPoolTaskExecutor - Initializing ExecutorService 'applicationTaskExecutor'
2019-08-21 18:25:19,388 [main] INFO  org.springframework.boot.autoconfigure.web.servlet.WelcomePageHandlerMapping - Adding welcome page: ServletContext resource [/index.html]
2019-08-21 18:25:19,720 [main] INFO  tk.mybatis.mapper.autoconfigure.MapperCacheDisabler - Clear tk.mybatis.mapper.genid.GenIdUtil CACHE cache.
2019-08-21 18:25:19,722 [main] INFO  tk.mybatis.mapper.autoconfigure.MapperCacheDisabler - Clear tk.mybatis.mapper.version.VersionUtil CACHE cache.
2019-08-21 18:25:19,723 [main] INFO  tk.mybatis.mapper.autoconfigure.MapperCacheDisabler - Clear EntityHelper entityTableMap cache.
2019-08-21 18:25:21,271 [main] INFO  org.springframework.boot.actuate.endpoint.web.EndpointLinksResolver - Exposing 15 endpoint(s) beneath base path '/actuator'
2019-08-21 18:25:21,436 [main] INFO  com.boot.serviceTest.UserServiceTest - Started UserServiceTest in 14.355 seconds (JVM running for 16.034)
2019-08-21 18:25:21,925 [main] INFO  com.boot.serviceTest.UserServiceTest - 查找结果com.boot.web.sys.model.SysUser@3a6f77a4
2019-08-21 18:25:21,925 [main] INFO  com.boot.serviceTest.UserServiceTest - 查找结果==----------------------===
2019-08-21 18:25:28,755 [main] INFO  com.boot.web.todaywork.service.DoufuTodayWorkService - #=================开始分页查询【当天工作记录信息表】数据，带动态权限========================#
2019-08-21 18:25:33,010 [main] INFO  com.boot.web.todaywork.service.DoufuTodayWorkService - #=================动态权限查询成功！=================================#
2019-08-21 18:25:38,964 [main] INFO  com.boot.web.todaywork.service.DoufuTodayWorkService - #=================开始分页查询【当天工作记录信息表】数据，带动态权限========================#
2019-08-21 18:25:40,862 [main] INFO  com.boot.web.todaywork.service.DoufuTodayWorkService - #=================动态权限查询成功！=================================#
